<?xml version="1.0" encoding="UTF-8"?>
<testsuite name="test.frank.bogle.restapi.RestApiTest" tests="3" skipped="0" failures="0" errors="0" timestamp="2017-01-21T16:05:20" hostname="Franks-iMac.home" time="0.658">
  <properties/>
  <testcase name="testRestSinglePerson" classname="test.frank.bogle.restapi.RestApiTest" time="0.398"/>
  <testcase name="testRestApiRegister" classname="test.frank.bogle.restapi.RestApiTest" time="0.132"/>
  <testcase name="testAllPersonsRetrieve" classname="test.frank.bogle.restapi.RestApiTest" time="0.126"/>
  <system-out><![CDATA[16:05:19.365 [Test worker] DEBUG org.springframework.test.context.junit4.SpringJUnit4ClassRunner - SpringJUnit4ClassRunner constructor called with [class test.frank.bogle.restapi.RestApiTest]
16:05:19.369 [Test worker] DEBUG org.springframework.test.context.BootstrapUtils - Instantiating CacheAwareContextLoaderDelegate from class [org.springframework.test.context.cache.DefaultCacheAwareContextLoaderDelegate]
16:05:19.375 [Test worker] DEBUG org.springframework.test.context.BootstrapUtils - Instantiating BootstrapContext using constructor [public org.springframework.test.context.support.DefaultBootstrapContext(java.lang.Class,org.springframework.test.context.CacheAwareContextLoaderDelegate)]
16:05:19.382 [Test worker] DEBUG org.springframework.test.context.BootstrapUtils - Instantiating TestContextBootstrapper for test class [test.frank.bogle.restapi.RestApiTest] from class [org.springframework.test.context.support.DefaultTestContextBootstrapper]
16:05:19.403 [Test worker] DEBUG org.springframework.test.context.support.AbstractDelegatingSmartContextLoader - Delegating to AnnotationConfigContextLoader to process context configuration [ContextConfigurationAttributes@6444e589 declaringClass = 'test.frank.bogle.restapi.RestApiTest', classes = '{class org.frank.bogle.rest.TestRestApi, class org.frank.bogle.config.RestConfig}', locations = '{}', inheritLocations = true, initializers = '{}', inheritInitializers = true, name = [null], contextLoaderClass = 'org.springframework.test.context.ContextLoader'].
16:05:19.440 [Test worker] DEBUG org.springframework.test.context.support.ActiveProfilesUtils - Could not find an 'annotation declaring class' for annotation type [org.springframework.test.context.ActiveProfiles] and class [test.frank.bogle.restapi.RestApiTest]
16:05:19.441 [Test worker] DEBUG org.springframework.test.context.support.DefaultTestContextBootstrapper - @TestExecutionListeners is not present for class [test.frank.bogle.restapi.RestApiTest]: using defaults.
16:05:19.444 [Test worker] INFO org.springframework.test.context.support.DefaultTestContextBootstrapper - Loaded default TestExecutionListener class names from location [META-INF/spring.factories]: [org.springframework.boot.test.mock.mockito.MockitoTestExecutionListener, org.springframework.boot.test.mock.mockito.ResetMocksTestExecutionListener, org.springframework.boot.test.autoconfigure.restdocs.RestDocsTestExecutionListener, org.springframework.boot.test.autoconfigure.web.client.MockRestServiceServerResetTestExecutionListener, org.springframework.boot.test.autoconfigure.web.servlet.MockMvcPrintOnlyOnFailureTestExecutionListener, org.springframework.boot.test.autoconfigure.web.servlet.WebDriverTestExecutionListener, org.springframework.test.context.web.ServletTestExecutionListener, org.springframework.test.context.support.DirtiesContextBeforeModesTestExecutionListener, org.springframework.test.context.support.DependencyInjectionTestExecutionListener, org.springframework.test.context.support.DirtiesContextTestExecutionListener, org.springframework.test.context.transaction.TransactionalTestExecutionListener, org.springframework.test.context.jdbc.SqlScriptsTestExecutionListener]
16:05:19.457 [Test worker] INFO org.springframework.test.context.support.DefaultTestContextBootstrapper - Using TestExecutionListeners: [org.springframework.test.context.web.ServletTestExecutionListener@57763e86, org.springframework.test.context.support.DirtiesContextBeforeModesTestExecutionListener@66545982, org.springframework.test.context.support.DependencyInjectionTestExecutionListener@6980ae8f, org.springframework.test.context.support.DirtiesContextTestExecutionListener@1d51432d, org.springframework.test.context.transaction.TransactionalTestExecutionListener@7b35dc0f, org.springframework.test.context.jdbc.SqlScriptsTestExecutionListener@3fe902a2, org.springframework.boot.test.autoconfigure.web.client.MockRestServiceServerResetTestExecutionListener@53712706, org.springframework.boot.test.mock.mockito.MockitoTestExecutionListener@442e4e6e, org.springframework.boot.test.autoconfigure.restdocs.RestDocsTestExecutionListener@112e3740, org.springframework.boot.test.autoconfigure.web.servlet.WebDriverTestExecutionListener@66a5cbd5, org.springframework.boot.test.autoconfigure.web.servlet.MockMvcPrintOnlyOnFailureTestExecutionListener@3c368910, org.springframework.boot.test.mock.mockito.ResetMocksTestExecutionListener@a5dedc6]
16:05:19.460 [Test worker] DEBUG org.springframework.test.annotation.ProfileValueUtils - Retrieved @ProfileValueSourceConfiguration [null] for test class [test.frank.bogle.restapi.RestApiTest]
16:05:19.461 [Test worker] DEBUG org.springframework.test.annotation.ProfileValueUtils - Retrieved ProfileValueSource type [class org.springframework.test.annotation.SystemProfileValueSource] for class [test.frank.bogle.restapi.RestApiTest]
16:05:19.461 [Test worker] DEBUG org.springframework.test.annotation.ProfileValueUtils - Retrieved @ProfileValueSourceConfiguration [null] for test class [test.frank.bogle.restapi.RestApiTest]
16:05:19.462 [Test worker] DEBUG org.springframework.test.annotation.ProfileValueUtils - Retrieved ProfileValueSource type [class org.springframework.test.annotation.SystemProfileValueSource] for class [test.frank.bogle.restapi.RestApiTest]
16:05:19.464 [Test worker] DEBUG org.springframework.test.context.support.AbstractDirtiesContextTestExecutionListener - Before test class: context [DefaultTestContext@4d41b6f0 testClass = RestApiTest, testInstance = [null], testMethod = [null], testException = [null], mergedContextConfiguration = [MergedContextConfiguration@24f09b8f testClass = RestApiTest, locations = '{}', classes = '{class org.frank.bogle.rest.TestRestApi, class org.frank.bogle.config.RestConfig}', contextInitializerClasses = '[]', activeProfiles = '{}', propertySourceLocations = '{}', propertySourceProperties = '{}', contextCustomizers = set[org.springframework.boot.test.context.filter.ExcludeFilterContextCustomizer@69df7d87, org.springframework.boot.test.mock.mockito.MockitoContextCustomizer@0, org.springframework.boot.test.autoconfigure.properties.PropertyMappingContextCustomizer@0, org.springframework.boot.test.autoconfigure.web.servlet.WebDriverContextCustomizerFactory$Customizer@722166e6], contextLoader = 'org.springframework.test.context.support.DelegatingSmartContextLoader', parent = [null]]], class annotated with @DirtiesContext [false] with mode [null].
16:05:19.465 [Test worker] DEBUG org.springframework.test.annotation.ProfileValueUtils - Retrieved @ProfileValueSourceConfiguration [null] for test class [test.frank.bogle.restapi.RestApiTest]
16:05:19.465 [Test worker] DEBUG org.springframework.test.annotation.ProfileValueUtils - Retrieved ProfileValueSource type [class org.springframework.test.annotation.SystemProfileValueSource] for class [test.frank.bogle.restapi.RestApiTest]
16:05:19.466 [Test worker] DEBUG org.springframework.test.context.support.DependencyInjectionTestExecutionListener - Performing dependency injection for test context [[DefaultTestContext@4d41b6f0 testClass = RestApiTest, testInstance = test.frank.bogle.restapi.RestApiTest@7bf9a643, testMethod = [null], testException = [null], mergedContextConfiguration = [MergedContextConfiguration@24f09b8f testClass = RestApiTest, locations = '{}', classes = '{class org.frank.bogle.rest.TestRestApi, class org.frank.bogle.config.RestConfig}', contextInitializerClasses = '[]', activeProfiles = '{}', propertySourceLocations = '{}', propertySourceProperties = '{}', contextCustomizers = set[org.springframework.boot.test.context.filter.ExcludeFilterContextCustomizer@69df7d87, org.springframework.boot.test.mock.mockito.MockitoContextCustomizer@0, org.springframework.boot.test.autoconfigure.properties.PropertyMappingContextCustomizer@0, org.springframework.boot.test.autoconfigure.web.servlet.WebDriverContextCustomizerFactory$Customizer@722166e6], contextLoader = 'org.springframework.test.context.support.DelegatingSmartContextLoader', parent = [null]]]].
16:05:19.466 [Test worker] DEBUG org.springframework.test.context.support.AbstractDelegatingSmartContextLoader - Delegating to AnnotationConfigContextLoader to load context from [MergedContextConfiguration@24f09b8f testClass = RestApiTest, locations = '{}', classes = '{class org.frank.bogle.rest.TestRestApi, class org.frank.bogle.config.RestConfig}', contextInitializerClasses = '[]', activeProfiles = '{}', propertySourceLocations = '{}', propertySourceProperties = '{}', contextCustomizers = set[org.springframework.boot.test.context.filter.ExcludeFilterContextCustomizer@69df7d87, org.springframework.boot.test.mock.mockito.MockitoContextCustomizer@0, org.springframework.boot.test.autoconfigure.properties.PropertyMappingContextCustomizer@0, org.springframework.boot.test.autoconfigure.web.servlet.WebDriverContextCustomizerFactory$Customizer@722166e6], contextLoader = 'org.springframework.test.context.support.DelegatingSmartContextLoader', parent = [null]].
16:05:19.466 [Test worker] DEBUG org.springframework.test.context.support.AbstractGenericContextLoader - Loading ApplicationContext for merged context configuration [[MergedContextConfiguration@24f09b8f testClass = RestApiTest, locations = '{}', classes = '{class org.frank.bogle.rest.TestRestApi, class org.frank.bogle.config.RestConfig}', contextInitializerClasses = '[]', activeProfiles = '{}', propertySourceLocations = '{}', propertySourceProperties = '{}', contextCustomizers = set[org.springframework.boot.test.context.filter.ExcludeFilterContextCustomizer@69df7d87, org.springframework.boot.test.mock.mockito.MockitoContextCustomizer@0, org.springframework.boot.test.autoconfigure.properties.PropertyMappingContextCustomizer@0, org.springframework.boot.test.autoconfigure.web.servlet.WebDriverContextCustomizerFactory$Customizer@722166e6], contextLoader = 'org.springframework.test.context.support.DelegatingSmartContextLoader', parent = [null]]].
16:05:19.516 [Test worker] DEBUG org.springframework.core.env.StandardEnvironment - Adding [systemProperties] PropertySource with lowest search precedence
16:05:19.517 [Test worker] DEBUG org.springframework.core.env.StandardEnvironment - Adding [systemEnvironment] PropertySource with lowest search precedence
16:05:19.517 [Test worker] DEBUG org.springframework.core.env.StandardEnvironment - Initialized StandardEnvironment with PropertySources [systemProperties,systemEnvironment]
16:05:19.517 [Test worker] DEBUG org.springframework.test.context.support.AnnotationConfigContextLoader - Registering annotated classes: {class org.frank.bogle.rest.TestRestApi, class org.frank.bogle.config.RestConfig}
16:05:19.545 [Test worker] INFO org.springframework.context.support.GenericApplicationContext - Refreshing org.springframework.context.support.GenericApplicationContext@6b55c7bd: startup date [Sat Jan 21 16:05:19 GMT 2017]; root of context hierarchy
16:05:19.545 [Test worker] DEBUG org.springframework.context.support.GenericApplicationContext - Bean factory for org.springframework.context.support.GenericApplicationContext@6b55c7bd: org.springframework.beans.factory.support.DefaultListableBeanFactory@5c9e663b: defining beans [org.springframework.context.annotation.internalConfigurationAnnotationProcessor,org.springframework.context.annotation.internalAutowiredAnnotationProcessor,org.springframework.context.annotation.internalRequiredAnnotationProcessor,org.springframework.context.annotation.internalCommonAnnotationProcessor,org.springframework.context.annotation.internalPersistenceAnnotationProcessor,org.springframework.context.event.internalEventListenerProcessor,org.springframework.context.event.internalEventListenerFactory,testRestApi,restConfig,org.springframework.boot.test.mock.mockito.MockitoPostProcessor$SpyPostProcessor,org.springframework.boot.test.mock.mockito.MockitoPostProcessor]; root of factory hierarchy
16:05:19.554 [Test worker] DEBUG org.springframework.beans.factory.support.DefaultListableBeanFactory - Creating shared instance of singleton bean 'org.springframework.context.annotation.internalConfigurationAnnotationProcessor'
16:05:19.554 [Test worker] DEBUG org.springframework.beans.factory.support.DefaultListableBeanFactory - Creating instance of bean 'org.springframework.context.annotation.internalConfigurationAnnotationProcessor'
16:05:19.565 [Test worker] DEBUG org.springframework.beans.factory.support.DefaultListableBeanFactory - Eagerly caching bean 'org.springframework.context.annotation.internalConfigurationAnnotationProcessor' to allow for resolving potential circular references
16:05:19.567 [Test worker] DEBUG org.springframework.beans.factory.support.DefaultListableBeanFactory - Finished creating instance of bean 'org.springframework.context.annotation.internalConfigurationAnnotationProcessor'
16:05:19.588 [Test worker] DEBUG org.springframework.context.annotation.ConfigurationClassBeanDefinitionReader - Registering bean definition for @Bean method org.frank.bogle.config.RestConfig.restTemplate()
16:05:19.588 [Test worker] DEBUG org.springframework.context.annotation.ConfigurationClassBeanDefinitionReader - Registering bean definition for @Bean method org.frank.bogle.config.RestConfig.builder()
16:05:19.654 [Test worker] DEBUG org.springframework.context.annotation.ConfigurationClassEnhancer - Successfully enhanced org.frank.bogle.config.RestConfig; enhanced class name is: org.frank.bogle.config.RestConfig$$EnhancerBySpringCGLIB$$ad48927a
16:05:19.654 [Test worker] DEBUG org.springframework.context.annotation.ConfigurationClassPostProcessor - Replacing bean definition 'restConfig' existing class 'org.frank.bogle.config.RestConfig' with enhanced class 'org.frank.bogle.config.RestConfig$$EnhancerBySpringCGLIB$$ad48927a'
16:05:19.654 [Test worker] DEBUG org.springframework.beans.factory.support.DefaultListableBeanFactory - Creating shared instance of singleton bean 'org.springframework.boot.test.mock.mockito.MockitoPostProcessor'
16:05:19.654 [Test worker] DEBUG org.springframework.beans.factory.support.DefaultListableBeanFactory - Creating instance of bean 'org.springframework.boot.test.mock.mockito.MockitoPostProcessor'
16:05:19.668 [Test worker] DEBUG org.springframework.beans.factory.support.DefaultListableBeanFactory - Eagerly caching bean 'org.springframework.boot.test.mock.mockito.MockitoPostProcessor' to allow for resolving potential circular references
16:05:19.668 [Test worker] DEBUG org.springframework.beans.factory.support.DefaultListableBeanFactory - Finished creating instance of bean 'org.springframework.boot.test.mock.mockito.MockitoPostProcessor'
16:05:19.670 [Test worker] DEBUG org.springframework.beans.factory.support.DefaultListableBeanFactory - Creating shared instance of singleton bean 'org.springframework.context.annotation.internalAutowiredAnnotationProcessor'
16:05:19.670 [Test worker] DEBUG org.springframework.beans.factory.support.DefaultListableBeanFactory - Creating instance of bean 'org.springframework.context.annotation.internalAutowiredAnnotationProcessor'
16:05:19.671 [Test worker] DEBUG org.springframework.beans.factory.support.DefaultListableBeanFactory - Eagerly caching bean 'org.springframework.context.annotation.internalAutowiredAnnotationProcessor' to allow for resolving potential circular references
16:05:19.671 [Test worker] DEBUG org.springframework.beans.factory.support.DefaultListableBeanFactory - Finished creating instance of bean 'org.springframework.context.annotation.internalAutowiredAnnotationProcessor'
16:05:19.671 [Test worker] DEBUG org.springframework.beans.factory.support.DefaultListableBeanFactory - Creating shared instance of singleton bean 'org.springframework.context.annotation.internalRequiredAnnotationProcessor'
16:05:19.671 [Test worker] DEBUG org.springframework.beans.factory.support.DefaultListableBeanFactory - Creating instance of bean 'org.springframework.context.annotation.internalRequiredAnnotationProcessor'
16:05:19.671 [Test worker] DEBUG org.springframework.beans.factory.support.DefaultListableBeanFactory - Eagerly caching bean 'org.springframework.context.annotation.internalRequiredAnnotationProcessor' to allow for resolving potential circular references
16:05:19.671 [Test worker] DEBUG org.springframework.beans.factory.support.DefaultListableBeanFactory - Finished creating instance of bean 'org.springframework.context.annotation.internalRequiredAnnotationProcessor'
16:05:19.672 [Test worker] DEBUG org.springframework.beans.factory.support.DefaultListableBeanFactory - Creating shared instance of singleton bean 'org.springframework.context.annotation.internalCommonAnnotationProcessor'
16:05:19.672 [Test worker] DEBUG org.springframework.beans.factory.support.DefaultListableBeanFactory - Creating instance of bean 'org.springframework.context.annotation.internalCommonAnnotationProcessor'
16:05:19.674 [Test worker] DEBUG org.springframework.beans.factory.support.DefaultListableBeanFactory - Eagerly caching bean 'org.springframework.context.annotation.internalCommonAnnotationProcessor' to allow for resolving potential circular references
16:05:19.674 [Test worker] DEBUG org.springframework.beans.factory.support.DefaultListableBeanFactory - Finished creating instance of bean 'org.springframework.context.annotation.internalCommonAnnotationProcessor'
16:05:19.675 [Test worker] DEBUG org.springframework.beans.factory.support.DefaultListableBeanFactory - Creating shared instance of singleton bean 'org.springframework.context.annotation.internalPersistenceAnnotationProcessor'
16:05:19.675 [Test worker] DEBUG org.springframework.beans.factory.support.DefaultListableBeanFactory - Creating instance of bean 'org.springframework.context.annotation.internalPersistenceAnnotationProcessor'
16:05:19.675 [Test worker] DEBUG org.springframework.beans.factory.support.DefaultListableBeanFactory - Eagerly caching bean 'org.springframework.context.annotation.internalPersistenceAnnotationProcessor' to allow for resolving potential circular references
16:05:19.676 [Test worker] DEBUG org.springframework.beans.factory.support.DefaultListableBeanFactory - Finished creating instance of bean 'org.springframework.context.annotation.internalPersistenceAnnotationProcessor'
16:05:19.676 [Test worker] DEBUG org.springframework.beans.factory.support.DefaultListableBeanFactory - Creating shared instance of singleton bean 'org.springframework.boot.test.mock.mockito.MockitoPostProcessor$SpyPostProcessor'
16:05:19.676 [Test worker] DEBUG org.springframework.beans.factory.support.DefaultListableBeanFactory - Creating instance of bean 'org.springframework.boot.test.mock.mockito.MockitoPostProcessor$SpyPostProcessor'
16:05:19.681 [Test worker] DEBUG org.springframework.beans.factory.support.DefaultListableBeanFactory - Returning cached instance of singleton bean 'org.springframework.boot.test.mock.mockito.MockitoPostProcessor'
16:05:19.682 [Test worker] DEBUG org.springframework.beans.factory.support.DefaultListableBeanFactory - Eagerly caching bean 'org.springframework.boot.test.mock.mockito.MockitoPostProcessor$SpyPostProcessor' to allow for resolving potential circular references
16:05:19.682 [Test worker] DEBUG org.springframework.beans.factory.support.DefaultListableBeanFactory - Finished creating instance of bean 'org.springframework.boot.test.mock.mockito.MockitoPostProcessor$SpyPostProcessor'
16:05:19.682 [Test worker] DEBUG org.springframework.beans.factory.support.DefaultListableBeanFactory - Creating shared instance of singleton bean 'org.springframework.context.annotation.ConfigurationClassPostProcessor.importAwareProcessor'
16:05:19.682 [Test worker] DEBUG org.springframework.beans.factory.support.DefaultListableBeanFactory - Creating instance of bean 'org.springframework.context.annotation.ConfigurationClassPostProcessor.importAwareProcessor'
16:05:19.683 [Test worker] DEBUG org.springframework.beans.factory.support.DefaultListableBeanFactory - Eagerly caching bean 'org.springframework.context.annotation.ConfigurationClassPostProcessor.importAwareProcessor' to allow for resolving potential circular references
16:05:19.683 [Test worker] DEBUG org.springframework.beans.factory.support.DefaultListableBeanFactory - Finished creating instance of bean 'org.springframework.context.annotation.ConfigurationClassPostProcessor.importAwareProcessor'
16:05:19.683 [Test worker] DEBUG org.springframework.beans.factory.support.DefaultListableBeanFactory - Creating shared instance of singleton bean 'org.springframework.context.annotation.ConfigurationClassPostProcessor.enhancedConfigurationProcessor'
16:05:19.683 [Test worker] DEBUG org.springframework.beans.factory.support.DefaultListableBeanFactory - Creating instance of bean 'org.springframework.context.annotation.ConfigurationClassPostProcessor.enhancedConfigurationProcessor'
16:05:19.683 [Test worker] DEBUG org.springframework.beans.factory.support.DefaultListableBeanFactory - Eagerly caching bean 'org.springframework.context.annotation.ConfigurationClassPostProcessor.enhancedConfigurationProcessor' to allow for resolving potential circular references
16:05:19.683 [Test worker] DEBUG org.springframework.beans.factory.support.DefaultListableBeanFactory - Finished creating instance of bean 'org.springframework.context.annotation.ConfigurationClassPostProcessor.enhancedConfigurationProcessor'
16:05:19.683 [Test worker] DEBUG org.springframework.beans.factory.support.DefaultListableBeanFactory - Returning cached instance of singleton bean 'org.springframework.boot.test.mock.mockito.MockitoPostProcessor'
16:05:19.683 [Test worker] DEBUG org.springframework.beans.factory.support.DefaultListableBeanFactory - Returning cached instance of singleton bean 'org.springframework.boot.test.autoconfigure.properties.PropertyMappingContextCustomizer$PropertyMappingCheckBeanPostProcessor'
16:05:19.684 [Test worker] DEBUG org.springframework.context.support.GenericApplicationContext - Unable to locate MessageSource with name 'messageSource': using default [org.springframework.context.support.DelegatingMessageSource@4a52dc34]
16:05:19.686 [Test worker] DEBUG org.springframework.context.support.GenericApplicationContext - Unable to locate ApplicationEventMulticaster with name 'applicationEventMulticaster': using default [org.springframework.context.event.SimpleApplicationEventMulticaster@65e540f7]
16:05:19.687 [Test worker] DEBUG org.springframework.beans.factory.support.DefaultListableBeanFactory - Pre-instantiating singletons in org.springframework.beans.factory.support.DefaultListableBeanFactory@5c9e663b: defining beans [org.springframework.context.annotation.internalConfigurationAnnotationProcessor,org.springframework.context.annotation.internalAutowiredAnnotationProcessor,org.springframework.context.annotation.internalRequiredAnnotationProcessor,org.springframework.context.annotation.internalCommonAnnotationProcessor,org.springframework.context.annotation.internalPersistenceAnnotationProcessor,org.springframework.context.event.internalEventListenerProcessor,org.springframework.context.event.internalEventListenerFactory,testRestApi,restConfig,org.springframework.boot.test.mock.mockito.MockitoPostProcessor$SpyPostProcessor,org.springframework.boot.test.mock.mockito.MockitoPostProcessor,org.springframework.context.annotation.ConfigurationClassPostProcessor.importAwareProcessor,org.springframework.context.annotation.ConfigurationClassPostProcessor.enhancedConfigurationProcessor,restTemplate,builder]; root of factory hierarchy
16:05:19.687 [Test worker] DEBUG org.springframework.beans.factory.support.DefaultListableBeanFactory - Returning cached instance of singleton bean 'org.springframework.context.annotation.internalConfigurationAnnotationProcessor'
16:05:19.687 [Test worker] DEBUG org.springframework.beans.factory.support.DefaultListableBeanFactory - Returning cached instance of singleton bean 'org.springframework.context.annotation.internalAutowiredAnnotationProcessor'
16:05:19.687 [Test worker] DEBUG org.springframework.beans.factory.support.DefaultListableBeanFactory - Returning cached instance of singleton bean 'org.springframework.context.annotation.internalRequiredAnnotationProcessor'
16:05:19.687 [Test worker] DEBUG org.springframework.beans.factory.support.DefaultListableBeanFactory - Returning cached instance of singleton bean 'org.springframework.context.annotation.internalCommonAnnotationProcessor'
16:05:19.687 [Test worker] DEBUG org.springframework.beans.factory.support.DefaultListableBeanFactory - Returning cached instance of singleton bean 'org.springframework.context.annotation.internalPersistenceAnnotationProcessor'
16:05:19.687 [Test worker] DEBUG org.springframework.beans.factory.support.DefaultListableBeanFactory - Creating shared instance of singleton bean 'org.springframework.context.event.internalEventListenerProcessor'
16:05:19.687 [Test worker] DEBUG org.springframework.beans.factory.support.DefaultListableBeanFactory - Creating instance of bean 'org.springframework.context.event.internalEventListenerProcessor'
16:05:19.692 [Test worker] DEBUG org.springframework.beans.factory.support.DefaultListableBeanFactory - Eagerly caching bean 'org.springframework.context.event.internalEventListenerProcessor' to allow for resolving potential circular references
16:05:19.703 [Test worker] DEBUG org.springframework.beans.factory.support.DefaultListableBeanFactory - Finished creating instance of bean 'org.springframework.context.event.internalEventListenerProcessor'
16:05:19.703 [Test worker] DEBUG org.springframework.beans.factory.support.DefaultListableBeanFactory - Creating shared instance of singleton bean 'org.springframework.context.event.internalEventListenerFactory'
16:05:19.703 [Test worker] DEBUG org.springframework.beans.factory.support.DefaultListableBeanFactory - Creating instance of bean 'org.springframework.context.event.internalEventListenerFactory'
16:05:19.703 [Test worker] DEBUG org.springframework.beans.factory.support.DefaultListableBeanFactory - Eagerly caching bean 'org.springframework.context.event.internalEventListenerFactory' to allow for resolving potential circular references
16:05:19.705 [Test worker] DEBUG org.springframework.beans.factory.support.DefaultListableBeanFactory - Finished creating instance of bean 'org.springframework.context.event.internalEventListenerFactory'
16:05:19.705 [Test worker] DEBUG org.springframework.beans.factory.support.DefaultListableBeanFactory - Creating shared instance of singleton bean 'testRestApi'
16:05:19.705 [Test worker] DEBUG org.springframework.beans.factory.support.DefaultListableBeanFactory - Creating instance of bean 'testRestApi'
16:05:19.709 [Test worker] DEBUG org.springframework.beans.factory.support.DefaultListableBeanFactory - Creating shared instance of singleton bean 'restTemplate'
16:05:19.709 [Test worker] DEBUG org.springframework.beans.factory.support.DefaultListableBeanFactory - Creating instance of bean 'restTemplate'
16:05:19.709 [Test worker] DEBUG org.springframework.beans.factory.support.DefaultListableBeanFactory - Creating shared instance of singleton bean 'restConfig'
16:05:19.709 [Test worker] DEBUG org.springframework.beans.factory.support.DefaultListableBeanFactory - Creating instance of bean 'restConfig'
16:05:19.709 [Test worker] DEBUG org.springframework.beans.factory.support.DefaultListableBeanFactory - Eagerly caching bean 'restConfig' to allow for resolving potential circular references
16:05:19.712 [Test worker] DEBUG org.springframework.beans.factory.support.DefaultListableBeanFactory - Finished creating instance of bean 'restConfig'
16:05:19.722 [Test worker] DEBUG org.springframework.beans.factory.support.DefaultListableBeanFactory - Creating shared instance of singleton bean 'builder'
16:05:19.722 [Test worker] DEBUG org.springframework.beans.factory.support.DefaultListableBeanFactory - Creating instance of bean 'builder'
16:05:19.722 [Test worker] DEBUG org.springframework.beans.factory.support.DefaultListableBeanFactory - Returning cached instance of singleton bean 'restConfig'
16:05:19.725 [Test worker] DEBUG org.springframework.beans.factory.support.DefaultListableBeanFactory - Eagerly caching bean 'builder' to allow for resolving potential circular references
16:05:19.729 [Test worker] DEBUG org.springframework.beans.factory.support.DefaultListableBeanFactory - Finished creating instance of bean 'builder'
16:05:20.055 [Test worker] DEBUG org.springframework.beans.factory.support.DefaultListableBeanFactory - Eagerly caching bean 'restTemplate' to allow for resolving potential circular references
16:05:20.064 [Test worker] DEBUG org.springframework.beans.factory.support.DefaultListableBeanFactory - Finished creating instance of bean 'restTemplate'
16:05:20.065 [Test worker] DEBUG org.springframework.beans.factory.support.DefaultListableBeanFactory - Autowiring by type from bean name 'testRestApi' via constructor to bean named 'restTemplate'
16:05:20.065 [Test worker] DEBUG org.springframework.beans.factory.support.DefaultListableBeanFactory - Eagerly caching bean 'testRestApi' to allow for resolving potential circular references
16:05:20.066 [Test worker] DEBUG org.springframework.beans.factory.support.DefaultListableBeanFactory - Finished creating instance of bean 'testRestApi'
16:05:20.066 [Test worker] DEBUG org.springframework.beans.factory.support.DefaultListableBeanFactory - Returning cached instance of singleton bean 'restConfig'
16:05:20.068 [Test worker] DEBUG org.springframework.beans.factory.support.DefaultListableBeanFactory - Returning cached instance of singleton bean 'org.springframework.boot.test.mock.mockito.MockitoPostProcessor$SpyPostProcessor'
16:05:20.068 [Test worker] DEBUG org.springframework.beans.factory.support.DefaultListableBeanFactory - Returning cached instance of singleton bean 'org.springframework.boot.test.mock.mockito.MockitoPostProcessor'
16:05:20.068 [Test worker] DEBUG org.springframework.beans.factory.support.DefaultListableBeanFactory - Returning cached instance of singleton bean 'org.springframework.context.annotation.ConfigurationClassPostProcessor.importAwareProcessor'
16:05:20.068 [Test worker] DEBUG org.springframework.beans.factory.support.DefaultListableBeanFactory - Returning cached instance of singleton bean 'org.springframework.context.annotation.ConfigurationClassPostProcessor.enhancedConfigurationProcessor'
16:05:20.068 [Test worker] DEBUG org.springframework.beans.factory.support.DefaultListableBeanFactory - Returning cached instance of singleton bean 'restTemplate'
16:05:20.068 [Test worker] DEBUG org.springframework.beans.factory.support.DefaultListableBeanFactory - Returning cached instance of singleton bean 'builder'
16:05:20.069 [Test worker] DEBUG org.springframework.beans.factory.support.DefaultListableBeanFactory - Returning cached instance of singleton bean 'org.springframework.context.event.internalEventListenerFactory'
16:05:20.097 [Test worker] DEBUG org.springframework.context.support.GenericApplicationContext - Unable to locate LifecycleProcessor with name 'lifecycleProcessor': using default [org.springframework.context.support.DefaultLifecycleProcessor@56f0e230]
16:05:20.097 [Test worker] DEBUG org.springframework.beans.factory.support.DefaultListableBeanFactory - Returning cached instance of singleton bean 'lifecycleProcessor'
16:05:20.099 [Test worker] DEBUG org.springframework.core.env.PropertySourcesPropertyResolver - Could not find key 'spring.liveBeansView.mbeanDomain' in any property source
16:05:20.101 [Test worker] DEBUG org.springframework.test.context.cache.DefaultCacheAwareContextLoaderDelegate - Storing ApplicationContext in cache under key [[MergedContextConfiguration@24f09b8f testClass = RestApiTest, locations = '{}', classes = '{class org.frank.bogle.rest.TestRestApi, class org.frank.bogle.config.RestConfig}', contextInitializerClasses = '[]', activeProfiles = '{}', propertySourceLocations = '{}', propertySourceProperties = '{}', contextCustomizers = set[org.springframework.boot.test.context.filter.ExcludeFilterContextCustomizer@69df7d87, org.springframework.boot.test.mock.mockito.MockitoContextCustomizer@0, org.springframework.boot.test.autoconfigure.properties.PropertyMappingContextCustomizer@0, org.springframework.boot.test.autoconfigure.web.servlet.WebDriverContextCustomizerFactory$Customizer@722166e6], contextLoader = 'org.springframework.test.context.support.DelegatingSmartContextLoader', parent = [null]]]
16:05:20.101 [Test worker] DEBUG org.springframework.test.context.cache - Spring test ApplicationContext cache statistics: [DefaultContextCache@34c4e7c4 size = 1, maxSize = 32, parentContextCount = 0, hitCount = 0, missCount = 1]
16:05:20.103 [Test worker] DEBUG org.springframework.beans.factory.annotation.InjectionMetadata - Processing injected element of bean 'test.frank.bogle.restapi.RestApiTest': AutowiredFieldElement for private org.frank.bogle.rest.TestRestApi test.frank.bogle.restapi.RestApiTest.testRestApi
16:05:20.104 [Test worker] DEBUG org.springframework.beans.factory.support.DefaultListableBeanFactory - Returning cached instance of singleton bean 'testRestApi'
16:05:20.104 [Test worker] DEBUG org.springframework.beans.factory.annotation.AutowiredAnnotationBeanPostProcessor - Autowiring by type from bean name 'test.frank.bogle.restapi.RestApiTest' to bean named 'testRestApi'
16:05:20.108 [Test worker] DEBUG org.springframework.test.context.support.AbstractDirtiesContextTestExecutionListener - Before test method: context [DefaultTestContext@4d41b6f0 testClass = RestApiTest, testInstance = test.frank.bogle.restapi.RestApiTest@7bf9a643, testMethod = testRestSinglePerson@RestApiTest, testException = [null], mergedContextConfiguration = [MergedContextConfiguration@24f09b8f testClass = RestApiTest, locations = '{}', classes = '{class org.frank.bogle.rest.TestRestApi, class org.frank.bogle.config.RestConfig}', contextInitializerClasses = '[]', activeProfiles = '{}', propertySourceLocations = '{}', propertySourceProperties = '{}', contextCustomizers = set[org.springframework.boot.test.context.filter.ExcludeFilterContextCustomizer@69df7d87, org.springframework.boot.test.mock.mockito.MockitoContextCustomizer@0, org.springframework.boot.test.autoconfigure.properties.PropertyMappingContextCustomizer@0, org.springframework.boot.test.autoconfigure.web.servlet.WebDriverContextCustomizerFactory$Customizer@722166e6], contextLoader = 'org.springframework.test.context.support.DelegatingSmartContextLoader', parent = [null]]], class annotated with @DirtiesContext [false] with mode [null], method annotated with @DirtiesContext [false] with mode [null].
16:05:20.110 [Test worker] DEBUG org.springframework.test.context.cache.DefaultCacheAwareContextLoaderDelegate - Retrieved ApplicationContext from cache with key [[MergedContextConfiguration@24f09b8f testClass = RestApiTest, locations = '{}', classes = '{class org.frank.bogle.rest.TestRestApi, class org.frank.bogle.config.RestConfig}', contextInitializerClasses = '[]', activeProfiles = '{}', propertySourceLocations = '{}', propertySourceProperties = '{}', contextCustomizers = set[org.springframework.boot.test.context.filter.ExcludeFilterContextCustomizer@69df7d87, org.springframework.boot.test.mock.mockito.MockitoContextCustomizer@0, org.springframework.boot.test.autoconfigure.properties.PropertyMappingContextCustomizer@0, org.springframework.boot.test.autoconfigure.web.servlet.WebDriverContextCustomizerFactory$Customizer@722166e6], contextLoader = 'org.springframework.test.context.support.DelegatingSmartContextLoader', parent = [null]]]
16:05:20.110 [Test worker] DEBUG org.springframework.test.context.cache - Spring test ApplicationContext cache statistics: [DefaultContextCache@34c4e7c4 size = 1, maxSize = 32, parentContextCount = 0, hitCount = 1, missCount = 1]
16:05:20.111 [Test worker] DEBUG org.springframework.beans.factory.support.DefaultListableBeanFactory - Returning cached instance of singleton bean 'org.springframework.context.annotation.internalConfigurationAnnotationProcessor'
16:05:20.115 [Test worker] DEBUG org.springframework.beans.factory.support.DefaultListableBeanFactory - Returning cached instance of singleton bean 'org.springframework.context.annotation.internalAutowiredAnnotationProcessor'
16:05:20.115 [Test worker] DEBUG org.springframework.beans.factory.support.DefaultListableBeanFactory - Returning cached instance of singleton bean 'org.springframework.context.annotation.internalRequiredAnnotationProcessor'
16:05:20.116 [Test worker] DEBUG org.springframework.beans.factory.support.DefaultListableBeanFactory - Returning cached instance of singleton bean 'org.springframework.context.annotation.internalCommonAnnotationProcessor'
16:05:20.116 [Test worker] DEBUG org.springframework.beans.factory.support.DefaultListableBeanFactory - Returning cached instance of singleton bean 'org.springframework.context.annotation.internalPersistenceAnnotationProcessor'
16:05:20.116 [Test worker] DEBUG org.springframework.beans.factory.support.DefaultListableBeanFactory - Returning cached instance of singleton bean 'org.springframework.context.event.internalEventListenerProcessor'
16:05:20.116 [Test worker] DEBUG org.springframework.beans.factory.support.DefaultListableBeanFactory - Returning cached instance of singleton bean 'org.springframework.context.event.internalEventListenerFactory'
16:05:20.116 [Test worker] DEBUG org.springframework.beans.factory.support.DefaultListableBeanFactory - Returning cached instance of singleton bean 'testRestApi'
16:05:20.116 [Test worker] DEBUG org.springframework.beans.factory.support.DefaultListableBeanFactory - Returning cached instance of singleton bean 'restConfig'
16:05:20.116 [Test worker] DEBUG org.springframework.beans.factory.support.DefaultListableBeanFactory - Returning cached instance of singleton bean 'org.springframework.boot.test.mock.mockito.MockitoPostProcessor$SpyPostProcessor'
16:05:20.116 [Test worker] DEBUG org.springframework.beans.factory.support.DefaultListableBeanFactory - Returning cached instance of singleton bean 'org.springframework.boot.test.mock.mockito.MockitoPostProcessor'
16:05:20.116 [Test worker] DEBUG org.springframework.beans.factory.support.DefaultListableBeanFactory - Returning cached instance of singleton bean 'org.springframework.context.annotation.ConfigurationClassPostProcessor.importAwareProcessor'
16:05:20.116 [Test worker] DEBUG org.springframework.beans.factory.support.DefaultListableBeanFactory - Returning cached instance of singleton bean 'org.springframework.context.annotation.ConfigurationClassPostProcessor.enhancedConfigurationProcessor'
16:05:20.116 [Test worker] DEBUG org.springframework.beans.factory.support.DefaultListableBeanFactory - Returning cached instance of singleton bean 'restTemplate'
16:05:20.116 [Test worker] DEBUG org.springframework.beans.factory.support.DefaultListableBeanFactory - Returning cached instance of singleton bean 'builder'
16:05:20.116 [Test worker] DEBUG org.springframework.beans.factory.support.DefaultListableBeanFactory - Returning cached instance of singleton bean 'org.springframework.boot.test.mock.mockito.MockitoBeans'
16:05:20.129 [Test worker] DEBUG org.springframework.web.client.RestTemplate - Created GET request for "http://yapreunion30.cfapps.io/person/5799f02c3b7a1f0f276f6da7"
16:05:20.158 [Test worker] DEBUG org.springframework.web.client.RestTemplate - Setting request Accept header to [application/json, application/*+json]
16:05:20.165 [Test worker] DEBUG org.apache.http.client.protocol.RequestAddCookies - CookieSpec selected: default
16:05:20.172 [Test worker] DEBUG org.apache.http.client.protocol.RequestAuthCache - Auth cache not set in the context
16:05:20.173 [Test worker] DEBUG org.apache.http.impl.conn.PoolingHttpClientConnectionManager - Connection request: [route: {}->http://yapreunion30.cfapps.io:80][total kept alive: 0; route allocated: 0 of 5; total allocated: 0 of 10]
16:05:20.218 [Test worker] DEBUG org.apache.http.impl.conn.PoolingHttpClientConnectionManager - Connection leased: [id: 0][route: {}->http://yapreunion30.cfapps.io:80][total kept alive: 0; route allocated: 1 of 5; total allocated: 1 of 10]
16:05:20.219 [Test worker] DEBUG org.apache.http.impl.execchain.MainClientExec - Opening connection {}->http://yapreunion30.cfapps.io:80
16:05:20.261 [Test worker] DEBUG org.apache.http.impl.conn.DefaultHttpClientConnectionOperator - Connecting to yapreunion30.cfapps.io/34.192.77.235:80
16:05:20.366 [Test worker] DEBUG org.apache.http.impl.conn.DefaultHttpClientConnectionOperator - Connection established 192.168.1.64:61371<->34.192.77.235:80
16:05:20.366 [Test worker] DEBUG org.apache.http.impl.execchain.MainClientExec - Executing request GET /person/5799f02c3b7a1f0f276f6da7 HTTP/1.1
16:05:20.366 [Test worker] DEBUG org.apache.http.impl.execchain.MainClientExec - Target auth state: UNCHALLENGED
16:05:20.366 [Test worker] DEBUG org.apache.http.impl.execchain.MainClientExec - Proxy auth state: UNCHALLENGED
16:05:20.368 [Test worker] DEBUG org.apache.http.headers - http-outgoing-0 >> GET /person/5799f02c3b7a1f0f276f6da7 HTTP/1.1
16:05:20.368 [Test worker] DEBUG org.apache.http.headers - http-outgoing-0 >> Accept: application/json, application/*+json
16:05:20.368 [Test worker] DEBUG org.apache.http.headers - http-outgoing-0 >> Host: yapreunion30.cfapps.io
16:05:20.368 [Test worker] DEBUG org.apache.http.headers - http-outgoing-0 >> Connection: Keep-Alive
16:05:20.368 [Test worker] DEBUG org.apache.http.headers - http-outgoing-0 >> User-Agent: Apache-HttpClient/4.5.2 (Java/1.8.0_101)
16:05:20.368 [Test worker] DEBUG org.apache.http.headers - http-outgoing-0 >> Accept-Encoding: gzip,deflate
16:05:20.368 [Test worker] DEBUG org.apache.http.wire - http-outgoing-0 >> "GET /person/5799f02c3b7a1f0f276f6da7 HTTP/1.1[\r][\n]"
16:05:20.368 [Test worker] DEBUG org.apache.http.wire - http-outgoing-0 >> "Accept: application/json, application/*+json[\r][\n]"
16:05:20.368 [Test worker] DEBUG org.apache.http.wire - http-outgoing-0 >> "Host: yapreunion30.cfapps.io[\r][\n]"
16:05:20.368 [Test worker] DEBUG org.apache.http.wire - http-outgoing-0 >> "Connection: Keep-Alive[\r][\n]"
16:05:20.368 [Test worker] DEBUG org.apache.http.wire - http-outgoing-0 >> "User-Agent: Apache-HttpClient/4.5.2 (Java/1.8.0_101)[\r][\n]"
16:05:20.368 [Test worker] DEBUG org.apache.http.wire - http-outgoing-0 >> "Accept-Encoding: gzip,deflate[\r][\n]"
16:05:20.368 [Test worker] DEBUG org.apache.http.wire - http-outgoing-0 >> "[\r][\n]"
16:05:20.482 [Test worker] DEBUG org.apache.http.wire - http-outgoing-0 << "HTTP/1.1 302 Found[\r][\n]"
16:05:20.482 [Test worker] DEBUG org.apache.http.wire - http-outgoing-0 << "Cache-Control: no-cache, no-store, max-age=0, must-revalidate[\r][\n]"
16:05:20.482 [Test worker] DEBUG org.apache.http.wire - http-outgoing-0 << "Content-Type: application/json[\r][\n]"
16:05:20.482 [Test worker] DEBUG org.apache.http.wire - http-outgoing-0 << "Date: Sat, 21 Jan 2017 16:05:21 GMT[\r][\n]"
16:05:20.482 [Test worker] DEBUG org.apache.http.wire - http-outgoing-0 << "Expires: 0[\r][\n]"
16:05:20.482 [Test worker] DEBUG org.apache.http.wire - http-outgoing-0 << "Pragma: no-cache[\r][\n]"
16:05:20.482 [Test worker] DEBUG org.apache.http.wire - http-outgoing-0 << "X-Application-Context: yapreunion30:cloud:0[\r][\n]"
16:05:20.482 [Test worker] DEBUG org.apache.http.wire - http-outgoing-0 << "X-Content-Type-Options: nosniff[\r][\n]"
16:05:20.482 [Test worker] DEBUG org.apache.http.wire - http-outgoing-0 << "X-Frame-Options: DENY[\r][\n]"
16:05:20.482 [Test worker] DEBUG org.apache.http.wire - http-outgoing-0 << "X-Vcap-Request-Id: c8cb8545-bf3f-489c-54e2-11fac34ffad0[\r][\n]"
16:05:20.482 [Test worker] DEBUG org.apache.http.wire - http-outgoing-0 << "X-Xss-Protection: 1; mode=block[\r][\n]"
16:05:20.482 [Test worker] DEBUG org.apache.http.wire - http-outgoing-0 << "Content-Length: 167[\r][\n]"
16:05:20.482 [Test worker] DEBUG org.apache.http.wire - http-outgoing-0 << "Connection: keep-alive[\r][\n]"
16:05:20.482 [Test worker] DEBUG org.apache.http.wire - http-outgoing-0 << "[\r][\n]"
16:05:20.482 [Test worker] DEBUG org.apache.http.wire - http-outgoing-0 << "{[\n]"
16:05:20.482 [Test worker] DEBUG org.apache.http.wire - http-outgoing-0 << "  "id" : "5799f02c3b7a1f0f276f6da7",[\n]"
16:05:20.483 [Test worker] DEBUG org.apache.http.wire - http-outgoing-0 << "  "email" : "realucy@yahoo.co.uk",[\n]"
16:05:20.483 [Test worker] DEBUG org.apache.http.wire - http-outgoing-0 << "  "firstName" : "Lucy",[\n]"
16:05:20.483 [Test worker] DEBUG org.apache.http.wire - http-outgoing-0 << "  "lastName" : "Bennett nee rea",[\n]"
16:05:20.483 [Test worker] DEBUG org.apache.http.wire - http-outgoing-0 << "  "contactMobile" : "07971461917"[\n]"
16:05:20.483 [Test worker] DEBUG org.apache.http.wire - http-outgoing-0 << "}"
16:05:20.485 [Test worker] DEBUG org.apache.http.headers - http-outgoing-0 << HTTP/1.1 302 Found
16:05:20.485 [Test worker] DEBUG org.apache.http.headers - http-outgoing-0 << Cache-Control: no-cache, no-store, max-age=0, must-revalidate
16:05:20.485 [Test worker] DEBUG org.apache.http.headers - http-outgoing-0 << Content-Type: application/json
16:05:20.485 [Test worker] DEBUG org.apache.http.headers - http-outgoing-0 << Date: Sat, 21 Jan 2017 16:05:21 GMT
16:05:20.485 [Test worker] DEBUG org.apache.http.headers - http-outgoing-0 << Expires: 0
16:05:20.485 [Test worker] DEBUG org.apache.http.headers - http-outgoing-0 << Pragma: no-cache
16:05:20.485 [Test worker] DEBUG org.apache.http.headers - http-outgoing-0 << X-Application-Context: yapreunion30:cloud:0
16:05:20.485 [Test worker] DEBUG org.apache.http.headers - http-outgoing-0 << X-Content-Type-Options: nosniff
16:05:20.485 [Test worker] DEBUG org.apache.http.headers - http-outgoing-0 << X-Frame-Options: DENY
16:05:20.485 [Test worker] DEBUG org.apache.http.headers - http-outgoing-0 << X-Vcap-Request-Id: c8cb8545-bf3f-489c-54e2-11fac34ffad0
16:05:20.485 [Test worker] DEBUG org.apache.http.headers - http-outgoing-0 << X-Xss-Protection: 1; mode=block
16:05:20.485 [Test worker] DEBUG org.apache.http.headers - http-outgoing-0 << Content-Length: 167
16:05:20.485 [Test worker] DEBUG org.apache.http.headers - http-outgoing-0 << Connection: keep-alive
16:05:20.488 [Test worker] DEBUG org.apache.http.impl.execchain.MainClientExec - Connection can be kept alive indefinitely
16:05:20.491 [Test worker] DEBUG org.springframework.web.client.RestTemplate - GET request for "http://yapreunion30.cfapps.io/person/5799f02c3b7a1f0f276f6da7" resulted in 302 (Found)
16:05:20.492 [Test worker] DEBUG org.springframework.web.client.RestTemplate - Reading [class org.frank.bogle.model.Person] as "application/json" using [org.springframework.http.converter.json.MappingJackson2HttpMessageConverter@f8c6834]
16:05:20.500 [Test worker] DEBUG org.apache.http.impl.conn.PoolingHttpClientConnectionManager - Connection [id: 0][route: {}->http://yapreunion30.cfapps.io:80] can be kept alive indefinitely
16:05:20.500 [Test worker] DEBUG org.apache.http.impl.conn.PoolingHttpClientConnectionManager - Connection released: [id: 0][route: {}->http://yapreunion30.cfapps.io:80][total kept alive: 1; route allocated: 1 of 5; total allocated: 1 of 10]
16:05:20.502 [Test worker] DEBUG org.springframework.test.context.cache.DefaultCacheAwareContextLoaderDelegate - Retrieved ApplicationContext from cache with key [[MergedContextConfiguration@24f09b8f testClass = RestApiTest, locations = '{}', classes = '{class org.frank.bogle.rest.TestRestApi, class org.frank.bogle.config.RestConfig}', contextInitializerClasses = '[]', activeProfiles = '{}', propertySourceLocations = '{}', propertySourceProperties = '{}', contextCustomizers = set[org.springframework.boot.test.context.filter.ExcludeFilterContextCustomizer@69df7d87, org.springframework.boot.test.mock.mockito.MockitoContextCustomizer@0, org.springframework.boot.test.autoconfigure.properties.PropertyMappingContextCustomizer@0, org.springframework.boot.test.autoconfigure.web.servlet.WebDriverContextCustomizerFactory$Customizer@722166e6], contextLoader = 'org.springframework.test.context.support.DelegatingSmartContextLoader', parent = [null]]]
16:05:20.502 [Test worker] DEBUG org.springframework.test.context.cache - Spring test ApplicationContext cache statistics: [DefaultContextCache@34c4e7c4 size = 1, maxSize = 32, parentContextCount = 0, hitCount = 2, missCount = 1]
16:05:20.502 [Test worker] DEBUG org.springframework.beans.factory.support.DefaultListableBeanFactory - Returning cached instance of singleton bean 'org.springframework.context.annotation.internalConfigurationAnnotationProcessor'
16:05:20.502 [Test worker] DEBUG org.springframework.beans.factory.support.DefaultListableBeanFactory - Returning cached instance of singleton bean 'org.springframework.context.annotation.internalAutowiredAnnotationProcessor'
16:05:20.502 [Test worker] DEBUG org.springframework.beans.factory.support.DefaultListableBeanFactory - Returning cached instance of singleton bean 'org.springframework.context.annotation.internalRequiredAnnotationProcessor'
16:05:20.502 [Test worker] DEBUG org.springframework.beans.factory.support.DefaultListableBeanFactory - Returning cached instance of singleton bean 'org.springframework.context.annotation.internalCommonAnnotationProcessor'
16:05:20.502 [Test worker] DEBUG org.springframework.beans.factory.support.DefaultListableBeanFactory - Returning cached instance of singleton bean 'org.springframework.context.annotation.internalPersistenceAnnotationProcessor'
16:05:20.502 [Test worker] DEBUG org.springframework.beans.factory.support.DefaultListableBeanFactory - Returning cached instance of singleton bean 'org.springframework.context.event.internalEventListenerProcessor'
16:05:20.502 [Test worker] DEBUG org.springframework.beans.factory.support.DefaultListableBeanFactory - Returning cached instance of singleton bean 'org.springframework.context.event.internalEventListenerFactory'
16:05:20.502 [Test worker] DEBUG org.springframework.beans.factory.support.DefaultListableBeanFactory - Returning cached instance of singleton bean 'testRestApi'
16:05:20.502 [Test worker] DEBUG org.springframework.beans.factory.support.DefaultListableBeanFactory - Returning cached instance of singleton bean 'restConfig'
16:05:20.502 [Test worker] DEBUG org.springframework.beans.factory.support.DefaultListableBeanFactory - Returning cached instance of singleton bean 'org.springframework.boot.test.mock.mockito.MockitoPostProcessor$SpyPostProcessor'
16:05:20.502 [Test worker] DEBUG org.springframework.beans.factory.support.DefaultListableBeanFactory - Returning cached instance of singleton bean 'org.springframework.boot.test.mock.mockito.MockitoPostProcessor'
16:05:20.502 [Test worker] DEBUG org.springframework.beans.factory.support.DefaultListableBeanFactory - Returning cached instance of singleton bean 'org.springframework.context.annotation.ConfigurationClassPostProcessor.importAwareProcessor'
16:05:20.502 [Test worker] DEBUG org.springframework.beans.factory.support.DefaultListableBeanFactory - Returning cached instance of singleton bean 'org.springframework.context.annotation.ConfigurationClassPostProcessor.enhancedConfigurationProcessor'
16:05:20.502 [Test worker] DEBUG org.springframework.beans.factory.support.DefaultListableBeanFactory - Returning cached instance of singleton bean 'restTemplate'
16:05:20.502 [Test worker] DEBUG org.springframework.beans.factory.support.DefaultListableBeanFactory - Returning cached instance of singleton bean 'builder'
16:05:20.502 [Test worker] DEBUG org.springframework.beans.factory.support.DefaultListableBeanFactory - Returning cached instance of singleton bean 'org.springframework.boot.test.mock.mockito.MockitoBeans'
16:05:20.502 [Test worker] DEBUG org.springframework.test.context.cache.DefaultCacheAwareContextLoaderDelegate - Retrieved ApplicationContext from cache with key [[MergedContextConfiguration@24f09b8f testClass = RestApiTest, locations = '{}', classes = '{class org.frank.bogle.rest.TestRestApi, class org.frank.bogle.config.RestConfig}', contextInitializerClasses = '[]', activeProfiles = '{}', propertySourceLocations = '{}', propertySourceProperties = '{}', contextCustomizers = set[org.springframework.boot.test.context.filter.ExcludeFilterContextCustomizer@69df7d87, org.springframework.boot.test.mock.mockito.MockitoContextCustomizer@0, org.springframework.boot.test.autoconfigure.properties.PropertyMappingContextCustomizer@0, org.springframework.boot.test.autoconfigure.web.servlet.WebDriverContextCustomizerFactory$Customizer@722166e6], contextLoader = 'org.springframework.test.context.support.DelegatingSmartContextLoader', parent = [null]]]
16:05:20.502 [Test worker] DEBUG org.springframework.test.context.cache - Spring test ApplicationContext cache statistics: [DefaultContextCache@34c4e7c4 size = 1, maxSize = 32, parentContextCount = 0, hitCount = 3, missCount = 1]
16:05:20.503 [Test worker] DEBUG org.springframework.test.context.cache.DefaultCacheAwareContextLoaderDelegate - Retrieved ApplicationContext from cache with key [[MergedContextConfiguration@24f09b8f testClass = RestApiTest, locations = '{}', classes = '{class org.frank.bogle.rest.TestRestApi, class org.frank.bogle.config.RestConfig}', contextInitializerClasses = '[]', activeProfiles = '{}', propertySourceLocations = '{}', propertySourceProperties = '{}', contextCustomizers = set[org.springframework.boot.test.context.filter.ExcludeFilterContextCustomizer@69df7d87, org.springframework.boot.test.mock.mockito.MockitoContextCustomizer@0, org.springframework.boot.test.autoconfigure.properties.PropertyMappingContextCustomizer@0, org.springframework.boot.test.autoconfigure.web.servlet.WebDriverContextCustomizerFactory$Customizer@722166e6], contextLoader = 'org.springframework.test.context.support.DelegatingSmartContextLoader', parent = [null]]]
16:05:20.503 [Test worker] DEBUG org.springframework.test.context.cache - Spring test ApplicationContext cache statistics: [DefaultContextCache@34c4e7c4 size = 1, maxSize = 32, parentContextCount = 0, hitCount = 4, missCount = 1]
16:05:20.504 [Test worker] DEBUG org.springframework.test.context.support.AbstractDirtiesContextTestExecutionListener - After test method: context [DefaultTestContext@4d41b6f0 testClass = RestApiTest, testInstance = test.frank.bogle.restapi.RestApiTest@7bf9a643, testMethod = testRestSinglePerson@RestApiTest, testException = [null], mergedContextConfiguration = [MergedContextConfiguration@24f09b8f testClass = RestApiTest, locations = '{}', classes = '{class org.frank.bogle.rest.TestRestApi, class org.frank.bogle.config.RestConfig}', contextInitializerClasses = '[]', activeProfiles = '{}', propertySourceLocations = '{}', propertySourceProperties = '{}', contextCustomizers = set[org.springframework.boot.test.context.filter.ExcludeFilterContextCustomizer@69df7d87, org.springframework.boot.test.mock.mockito.MockitoContextCustomizer@0, org.springframework.boot.test.autoconfigure.properties.PropertyMappingContextCustomizer@0, org.springframework.boot.test.autoconfigure.web.servlet.WebDriverContextCustomizerFactory$Customizer@722166e6], contextLoader = 'org.springframework.test.context.support.DelegatingSmartContextLoader', parent = [null]]], class annotated with @DirtiesContext [false] with mode [null], method annotated with @DirtiesContext [false] with mode [null].
16:05:20.505 [Test worker] DEBUG org.springframework.test.annotation.ProfileValueUtils - Retrieved @ProfileValueSourceConfiguration [null] for test class [test.frank.bogle.restapi.RestApiTest]
16:05:20.505 [Test worker] DEBUG org.springframework.test.annotation.ProfileValueUtils - Retrieved ProfileValueSource type [class org.springframework.test.annotation.SystemProfileValueSource] for class [test.frank.bogle.restapi.RestApiTest]
16:05:20.505 [Test worker] DEBUG org.springframework.test.context.support.DependencyInjectionTestExecutionListener - Performing dependency injection for test context [[DefaultTestContext@4d41b6f0 testClass = RestApiTest, testInstance = test.frank.bogle.restapi.RestApiTest@c28fd73, testMethod = [null], testException = [null], mergedContextConfiguration = [MergedContextConfiguration@24f09b8f testClass = RestApiTest, locations = '{}', classes = '{class org.frank.bogle.rest.TestRestApi, class org.frank.bogle.config.RestConfig}', contextInitializerClasses = '[]', activeProfiles = '{}', propertySourceLocations = '{}', propertySourceProperties = '{}', contextCustomizers = set[org.springframework.boot.test.context.filter.ExcludeFilterContextCustomizer@69df7d87, org.springframework.boot.test.mock.mockito.MockitoContextCustomizer@0, org.springframework.boot.test.autoconfigure.properties.PropertyMappingContextCustomizer@0, org.springframework.boot.test.autoconfigure.web.servlet.WebDriverContextCustomizerFactory$Customizer@722166e6], contextLoader = 'org.springframework.test.context.support.DelegatingSmartContextLoader', parent = [null]]]].
16:05:20.505 [Test worker] DEBUG org.springframework.test.context.cache.DefaultCacheAwareContextLoaderDelegate - Retrieved ApplicationContext from cache with key [[MergedContextConfiguration@24f09b8f testClass = RestApiTest, locations = '{}', classes = '{class org.frank.bogle.rest.TestRestApi, class org.frank.bogle.config.RestConfig}', contextInitializerClasses = '[]', activeProfiles = '{}', propertySourceLocations = '{}', propertySourceProperties = '{}', contextCustomizers = set[org.springframework.boot.test.context.filter.ExcludeFilterContextCustomizer@69df7d87, org.springframework.boot.test.mock.mockito.MockitoContextCustomizer@0, org.springframework.boot.test.autoconfigure.properties.PropertyMappingContextCustomizer@0, org.springframework.boot.test.autoconfigure.web.servlet.WebDriverContextCustomizerFactory$Customizer@722166e6], contextLoader = 'org.springframework.test.context.support.DelegatingSmartContextLoader', parent = [null]]]
16:05:20.505 [Test worker] DEBUG org.springframework.test.context.cache - Spring test ApplicationContext cache statistics: [DefaultContextCache@34c4e7c4 size = 1, maxSize = 32, parentContextCount = 0, hitCount = 5, missCount = 1]
16:05:20.506 [Test worker] DEBUG org.springframework.beans.factory.annotation.InjectionMetadata - Processing injected element of bean 'test.frank.bogle.restapi.RestApiTest': AutowiredFieldElement for private org.frank.bogle.rest.TestRestApi test.frank.bogle.restapi.RestApiTest.testRestApi
16:05:20.506 [Test worker] DEBUG org.springframework.beans.factory.support.DefaultListableBeanFactory - Returning cached instance of singleton bean 'testRestApi'
16:05:20.506 [Test worker] DEBUG org.springframework.test.context.support.AbstractDirtiesContextTestExecutionListener - Before test method: context [DefaultTestContext@4d41b6f0 testClass = RestApiTest, testInstance = test.frank.bogle.restapi.RestApiTest@c28fd73, testMethod = testRestApiRegister@RestApiTest, testException = [null], mergedContextConfiguration = [MergedContextConfiguration@24f09b8f testClass = RestApiTest, locations = '{}', classes = '{class org.frank.bogle.rest.TestRestApi, class org.frank.bogle.config.RestConfig}', contextInitializerClasses = '[]', activeProfiles = '{}', propertySourceLocations = '{}', propertySourceProperties = '{}', contextCustomizers = set[org.springframework.boot.test.context.filter.ExcludeFilterContextCustomizer@69df7d87, org.springframework.boot.test.mock.mockito.MockitoContextCustomizer@0, org.springframework.boot.test.autoconfigure.properties.PropertyMappingContextCustomizer@0, org.springframework.boot.test.autoconfigure.web.servlet.WebDriverContextCustomizerFactory$Customizer@722166e6], contextLoader = 'org.springframework.test.context.support.DelegatingSmartContextLoader', parent = [null]]], class annotated with @DirtiesContext [false] with mode [null], method annotated with @DirtiesContext [false] with mode [null].
16:05:20.507 [Test worker] DEBUG org.springframework.test.context.cache.DefaultCacheAwareContextLoaderDelegate - Retrieved ApplicationContext from cache with key [[MergedContextConfiguration@24f09b8f testClass = RestApiTest, locations = '{}', classes = '{class org.frank.bogle.rest.TestRestApi, class org.frank.bogle.config.RestConfig}', contextInitializerClasses = '[]', activeProfiles = '{}', propertySourceLocations = '{}', propertySourceProperties = '{}', contextCustomizers = set[org.springframework.boot.test.context.filter.ExcludeFilterContextCustomizer@69df7d87, org.springframework.boot.test.mock.mockito.MockitoContextCustomizer@0, org.springframework.boot.test.autoconfigure.properties.PropertyMappingContextCustomizer@0, org.springframework.boot.test.autoconfigure.web.servlet.WebDriverContextCustomizerFactory$Customizer@722166e6], contextLoader = 'org.springframework.test.context.support.DelegatingSmartContextLoader', parent = [null]]]
16:05:20.507 [Test worker] DEBUG org.springframework.test.context.cache - Spring test ApplicationContext cache statistics: [DefaultContextCache@34c4e7c4 size = 1, maxSize = 32, parentContextCount = 0, hitCount = 6, missCount = 1]
16:05:20.507 [Test worker] DEBUG org.springframework.beans.factory.support.DefaultListableBeanFactory - Returning cached instance of singleton bean 'org.springframework.context.annotation.internalConfigurationAnnotationProcessor'
16:05:20.507 [Test worker] DEBUG org.springframework.beans.factory.support.DefaultListableBeanFactory - Returning cached instance of singleton bean 'org.springframework.context.annotation.internalAutowiredAnnotationProcessor'
16:05:20.507 [Test worker] DEBUG org.springframework.beans.factory.support.DefaultListableBeanFactory - Returning cached instance of singleton bean 'org.springframework.context.annotation.internalRequiredAnnotationProcessor'
16:05:20.507 [Test worker] DEBUG org.springframework.beans.factory.support.DefaultListableBeanFactory - Returning cached instance of singleton bean 'org.springframework.context.annotation.internalCommonAnnotationProcessor'
16:05:20.507 [Test worker] DEBUG org.springframework.beans.factory.support.DefaultListableBeanFactory - Returning cached instance of singleton bean 'org.springframework.context.annotation.internalPersistenceAnnotationProcessor'
16:05:20.507 [Test worker] DEBUG org.springframework.beans.factory.support.DefaultListableBeanFactory - Returning cached instance of singleton bean 'org.springframework.context.event.internalEventListenerProcessor'
16:05:20.507 [Test worker] DEBUG org.springframework.beans.factory.support.DefaultListableBeanFactory - Returning cached instance of singleton bean 'org.springframework.context.event.internalEventListenerFactory'
16:05:20.507 [Test worker] DEBUG org.springframework.beans.factory.support.DefaultListableBeanFactory - Returning cached instance of singleton bean 'testRestApi'
16:05:20.508 [Test worker] DEBUG org.springframework.beans.factory.support.DefaultListableBeanFactory - Returning cached instance of singleton bean 'restConfig'
16:05:20.508 [Test worker] DEBUG org.springframework.beans.factory.support.DefaultListableBeanFactory - Returning cached instance of singleton bean 'org.springframework.boot.test.mock.mockito.MockitoPostProcessor$SpyPostProcessor'
16:05:20.508 [Test worker] DEBUG org.springframework.beans.factory.support.DefaultListableBeanFactory - Returning cached instance of singleton bean 'org.springframework.boot.test.mock.mockito.MockitoPostProcessor'
16:05:20.508 [Test worker] DEBUG org.springframework.beans.factory.support.DefaultListableBeanFactory - Returning cached instance of singleton bean 'org.springframework.context.annotation.ConfigurationClassPostProcessor.importAwareProcessor'
16:05:20.508 [Test worker] DEBUG org.springframework.beans.factory.support.DefaultListableBeanFactory - Returning cached instance of singleton bean 'org.springframework.context.annotation.ConfigurationClassPostProcessor.enhancedConfigurationProcessor'
16:05:20.508 [Test worker] DEBUG org.springframework.beans.factory.support.DefaultListableBeanFactory - Returning cached instance of singleton bean 'restTemplate'
16:05:20.508 [Test worker] DEBUG org.springframework.beans.factory.support.DefaultListableBeanFactory - Returning cached instance of singleton bean 'builder'
16:05:20.508 [Test worker] DEBUG org.springframework.beans.factory.support.DefaultListableBeanFactory - Returning cached instance of singleton bean 'org.springframework.boot.test.mock.mockito.MockitoBeans'
16:05:20.511 [Test worker] DEBUG org.springframework.web.client.RestTemplate - Created POST request for "http://yapreunion30.cfapps.io/register"
16:05:20.511 [Test worker] DEBUG org.springframework.web.client.RestTemplate - Setting request Accept header to [text/plain, application/json, application/*+json, */*]
16:05:20.519 [Test worker] DEBUG org.springframework.web.client.RestTemplate - Writing [Person{id='null', email='Rest Test Email', firstName='Rest Test Firstname', lastName='Rest Test Lastname', contactMobile='Rest Test Mobile'}] using [org.springframework.http.converter.json.MappingJackson2HttpMessageConverter@f8c6834]
16:05:20.525 [Test worker] DEBUG org.apache.http.client.protocol.RequestAddCookies - CookieSpec selected: default
16:05:20.525 [Test worker] DEBUG org.apache.http.client.protocol.RequestAuthCache - Auth cache not set in the context
16:05:20.525 [Test worker] DEBUG org.apache.http.impl.conn.PoolingHttpClientConnectionManager - Connection request: [route: {}->http://yapreunion30.cfapps.io:80][total kept alive: 1; route allocated: 1 of 5; total allocated: 1 of 10]
16:05:20.525 [Test worker] DEBUG org.apache.http.impl.conn.PoolingHttpClientConnectionManager - Connection leased: [id: 0][route: {}->http://yapreunion30.cfapps.io:80][total kept alive: 0; route allocated: 1 of 5; total allocated: 1 of 10]
16:05:20.525 [Test worker] DEBUG org.apache.http.impl.execchain.MainClientExec - Executing request POST /register HTTP/1.1
16:05:20.525 [Test worker] DEBUG org.apache.http.impl.execchain.MainClientExec - Target auth state: UNCHALLENGED
16:05:20.525 [Test worker] DEBUG org.apache.http.impl.execchain.MainClientExec - Proxy auth state: UNCHALLENGED
16:05:20.526 [Test worker] DEBUG org.apache.http.headers - http-outgoing-0 >> POST /register HTTP/1.1
16:05:20.526 [Test worker] DEBUG org.apache.http.headers - http-outgoing-0 >> Accept: text/plain, application/json, application/*+json, */*
16:05:20.526 [Test worker] DEBUG org.apache.http.headers - http-outgoing-0 >> Content-Type: application/json;charset=UTF-8
16:05:20.526 [Test worker] DEBUG org.apache.http.headers - http-outgoing-0 >> Content-Length: 138
16:05:20.526 [Test worker] DEBUG org.apache.http.headers - http-outgoing-0 >> Host: yapreunion30.cfapps.io
16:05:20.526 [Test worker] DEBUG org.apache.http.headers - http-outgoing-0 >> Connection: Keep-Alive
16:05:20.526 [Test worker] DEBUG org.apache.http.headers - http-outgoing-0 >> User-Agent: Apache-HttpClient/4.5.2 (Java/1.8.0_101)
16:05:20.526 [Test worker] DEBUG org.apache.http.headers - http-outgoing-0 >> Accept-Encoding: gzip,deflate
16:05:20.526 [Test worker] DEBUG org.apache.http.wire - http-outgoing-0 >> "POST /register HTTP/1.1[\r][\n]"
16:05:20.526 [Test worker] DEBUG org.apache.http.wire - http-outgoing-0 >> "Accept: text/plain, application/json, application/*+json, */*[\r][\n]"
16:05:20.526 [Test worker] DEBUG org.apache.http.wire - http-outgoing-0 >> "Content-Type: application/json;charset=UTF-8[\r][\n]"
16:05:20.526 [Test worker] DEBUG org.apache.http.wire - http-outgoing-0 >> "Content-Length: 138[\r][\n]"
16:05:20.526 [Test worker] DEBUG org.apache.http.wire - http-outgoing-0 >> "Host: yapreunion30.cfapps.io[\r][\n]"
16:05:20.526 [Test worker] DEBUG org.apache.http.wire - http-outgoing-0 >> "Connection: Keep-Alive[\r][\n]"
16:05:20.526 [Test worker] DEBUG org.apache.http.wire - http-outgoing-0 >> "User-Agent: Apache-HttpClient/4.5.2 (Java/1.8.0_101)[\r][\n]"
16:05:20.526 [Test worker] DEBUG org.apache.http.wire - http-outgoing-0 >> "Accept-Encoding: gzip,deflate[\r][\n]"
16:05:20.526 [Test worker] DEBUG org.apache.http.wire - http-outgoing-0 >> "[\r][\n]"
16:05:20.526 [Test worker] DEBUG org.apache.http.wire - http-outgoing-0 >> "{"id":null,"email":"Rest Test Email","firstName":"Rest Test Firstname","lastName":"Rest Test Lastname","contactMobile":"Rest Test Mobile"}"
16:05:20.635 [Test worker] DEBUG org.apache.http.wire - http-outgoing-0 << "HTTP/1.1 201 Created[\r][\n]"
16:05:20.635 [Test worker] DEBUG org.apache.http.wire - http-outgoing-0 << "Cache-Control: no-cache, no-store, max-age=0, must-revalidate[\r][\n]"
16:05:20.635 [Test worker] DEBUG org.apache.http.wire - http-outgoing-0 << "Date: Sat, 21 Jan 2017 16:05:21 GMT[\r][\n]"
16:05:20.635 [Test worker] DEBUG org.apache.http.wire - http-outgoing-0 << "Expires: 0[\r][\n]"
16:05:20.635 [Test worker] DEBUG org.apache.http.wire - http-outgoing-0 << "Pragma: no-cache[\r][\n]"
16:05:20.635 [Test worker] DEBUG org.apache.http.wire - http-outgoing-0 << "X-Application-Context: yapreunion30:cloud:0[\r][\n]"
16:05:20.635 [Test worker] DEBUG org.apache.http.wire - http-outgoing-0 << "X-Content-Type-Options: nosniff[\r][\n]"
16:05:20.635 [Test worker] DEBUG org.apache.http.wire - http-outgoing-0 << "X-Frame-Options: DENY[\r][\n]"
16:05:20.635 [Test worker] DEBUG org.apache.http.wire - http-outgoing-0 << "X-Vcap-Request-Id: a0c11296-3255-410e-5cf2-1b94bbcb5a7c[\r][\n]"
16:05:20.635 [Test worker] DEBUG org.apache.http.wire - http-outgoing-0 << "X-Xss-Protection: 1; mode=block[\r][\n]"
16:05:20.635 [Test worker] DEBUG org.apache.http.wire - http-outgoing-0 << "Content-Length: 0[\r][\n]"
16:05:20.635 [Test worker] DEBUG org.apache.http.wire - http-outgoing-0 << "Connection: keep-alive[\r][\n]"
16:05:20.635 [Test worker] DEBUG org.apache.http.wire - http-outgoing-0 << "[\r][\n]"
16:05:20.636 [Test worker] DEBUG org.apache.http.headers - http-outgoing-0 << HTTP/1.1 201 Created
16:05:20.636 [Test worker] DEBUG org.apache.http.headers - http-outgoing-0 << Cache-Control: no-cache, no-store, max-age=0, must-revalidate
16:05:20.636 [Test worker] DEBUG org.apache.http.headers - http-outgoing-0 << Date: Sat, 21 Jan 2017 16:05:21 GMT
16:05:20.636 [Test worker] DEBUG org.apache.http.headers - http-outgoing-0 << Expires: 0
16:05:20.636 [Test worker] DEBUG org.apache.http.headers - http-outgoing-0 << Pragma: no-cache
16:05:20.636 [Test worker] DEBUG org.apache.http.headers - http-outgoing-0 << X-Application-Context: yapreunion30:cloud:0
16:05:20.636 [Test worker] DEBUG org.apache.http.headers - http-outgoing-0 << X-Content-Type-Options: nosniff
16:05:20.636 [Test worker] DEBUG org.apache.http.headers - http-outgoing-0 << X-Frame-Options: DENY
16:05:20.636 [Test worker] DEBUG org.apache.http.headers - http-outgoing-0 << X-Vcap-Request-Id: a0c11296-3255-410e-5cf2-1b94bbcb5a7c
16:05:20.636 [Test worker] DEBUG org.apache.http.headers - http-outgoing-0 << X-Xss-Protection: 1; mode=block
16:05:20.636 [Test worker] DEBUG org.apache.http.headers - http-outgoing-0 << Content-Length: 0
16:05:20.636 [Test worker] DEBUG org.apache.http.headers - http-outgoing-0 << Connection: keep-alive
16:05:20.636 [Test worker] DEBUG org.apache.http.impl.execchain.MainClientExec - Connection can be kept alive indefinitely
16:05:20.636 [Test worker] DEBUG org.apache.http.impl.conn.PoolingHttpClientConnectionManager - Connection [id: 0][route: {}->http://yapreunion30.cfapps.io:80] can be kept alive indefinitely
16:05:20.636 [Test worker] DEBUG org.apache.http.impl.conn.PoolingHttpClientConnectionManager - Connection released: [id: 0][route: {}->http://yapreunion30.cfapps.io:80][total kept alive: 1; route allocated: 1 of 5; total allocated: 1 of 10]
16:05:20.636 [Test worker] DEBUG org.springframework.web.client.RestTemplate - POST request for "http://yapreunion30.cfapps.io/register" resulted in 201 (Created)
16:05:20.637 [Test worker] DEBUG org.springframework.test.context.cache.DefaultCacheAwareContextLoaderDelegate - Retrieved ApplicationContext from cache with key [[MergedContextConfiguration@24f09b8f testClass = RestApiTest, locations = '{}', classes = '{class org.frank.bogle.rest.TestRestApi, class org.frank.bogle.config.RestConfig}', contextInitializerClasses = '[]', activeProfiles = '{}', propertySourceLocations = '{}', propertySourceProperties = '{}', contextCustomizers = set[org.springframework.boot.test.context.filter.ExcludeFilterContextCustomizer@69df7d87, org.springframework.boot.test.mock.mockito.MockitoContextCustomizer@0, org.springframework.boot.test.autoconfigure.properties.PropertyMappingContextCustomizer@0, org.springframework.boot.test.autoconfigure.web.servlet.WebDriverContextCustomizerFactory$Customizer@722166e6], contextLoader = 'org.springframework.test.context.support.DelegatingSmartContextLoader', parent = [null]]]
16:05:20.637 [Test worker] DEBUG org.springframework.test.context.cache - Spring test ApplicationContext cache statistics: [DefaultContextCache@34c4e7c4 size = 1, maxSize = 32, parentContextCount = 0, hitCount = 7, missCount = 1]
16:05:20.637 [Test worker] DEBUG org.springframework.beans.factory.support.DefaultListableBeanFactory - Returning cached instance of singleton bean 'org.springframework.context.annotation.internalConfigurationAnnotationProcessor'
16:05:20.637 [Test worker] DEBUG org.springframework.beans.factory.support.DefaultListableBeanFactory - Returning cached instance of singleton bean 'org.springframework.context.annotation.internalAutowiredAnnotationProcessor'
16:05:20.637 [Test worker] DEBUG org.springframework.beans.factory.support.DefaultListableBeanFactory - Returning cached instance of singleton bean 'org.springframework.context.annotation.internalRequiredAnnotationProcessor'
16:05:20.637 [Test worker] DEBUG org.springframework.beans.factory.support.DefaultListableBeanFactory - Returning cached instance of singleton bean 'org.springframework.context.annotation.internalCommonAnnotationProcessor'
16:05:20.637 [Test worker] DEBUG org.springframework.beans.factory.support.DefaultListableBeanFactory - Returning cached instance of singleton bean 'org.springframework.context.annotation.internalPersistenceAnnotationProcessor'
16:05:20.637 [Test worker] DEBUG org.springframework.beans.factory.support.DefaultListableBeanFactory - Returning cached instance of singleton bean 'org.springframework.context.event.internalEventListenerProcessor'
16:05:20.637 [Test worker] DEBUG org.springframework.beans.factory.support.DefaultListableBeanFactory - Returning cached instance of singleton bean 'org.springframework.context.event.internalEventListenerFactory'
16:05:20.637 [Test worker] DEBUG org.springframework.beans.factory.support.DefaultListableBeanFactory - Returning cached instance of singleton bean 'testRestApi'
16:05:20.637 [Test worker] DEBUG org.springframework.beans.factory.support.DefaultListableBeanFactory - Returning cached instance of singleton bean 'restConfig'
16:05:20.637 [Test worker] DEBUG org.springframework.beans.factory.support.DefaultListableBeanFactory - Returning cached instance of singleton bean 'org.springframework.boot.test.mock.mockito.MockitoPostProcessor$SpyPostProcessor'
16:05:20.637 [Test worker] DEBUG org.springframework.beans.factory.support.DefaultListableBeanFactory - Returning cached instance of singleton bean 'org.springframework.boot.test.mock.mockito.MockitoPostProcessor'
16:05:20.637 [Test worker] DEBUG org.springframework.beans.factory.support.DefaultListableBeanFactory - Returning cached instance of singleton bean 'org.springframework.context.annotation.ConfigurationClassPostProcessor.importAwareProcessor'
16:05:20.637 [Test worker] DEBUG org.springframework.beans.factory.support.DefaultListableBeanFactory - Returning cached instance of singleton bean 'org.springframework.context.annotation.ConfigurationClassPostProcessor.enhancedConfigurationProcessor'
16:05:20.637 [Test worker] DEBUG org.springframework.beans.factory.support.DefaultListableBeanFactory - Returning cached instance of singleton bean 'restTemplate'
16:05:20.637 [Test worker] DEBUG org.springframework.beans.factory.support.DefaultListableBeanFactory - Returning cached instance of singleton bean 'builder'
16:05:20.637 [Test worker] DEBUG org.springframework.beans.factory.support.DefaultListableBeanFactory - Returning cached instance of singleton bean 'org.springframework.boot.test.mock.mockito.MockitoBeans'
16:05:20.637 [Test worker] DEBUG org.springframework.test.context.cache.DefaultCacheAwareContextLoaderDelegate - Retrieved ApplicationContext from cache with key [[MergedContextConfiguration@24f09b8f testClass = RestApiTest, locations = '{}', classes = '{class org.frank.bogle.rest.TestRestApi, class org.frank.bogle.config.RestConfig}', contextInitializerClasses = '[]', activeProfiles = '{}', propertySourceLocations = '{}', propertySourceProperties = '{}', contextCustomizers = set[org.springframework.boot.test.context.filter.ExcludeFilterContextCustomizer@69df7d87, org.springframework.boot.test.mock.mockito.MockitoContextCustomizer@0, org.springframework.boot.test.autoconfigure.properties.PropertyMappingContextCustomizer@0, org.springframework.boot.test.autoconfigure.web.servlet.WebDriverContextCustomizerFactory$Customizer@722166e6], contextLoader = 'org.springframework.test.context.support.DelegatingSmartContextLoader', parent = [null]]]
16:05:20.637 [Test worker] DEBUG org.springframework.test.context.cache - Spring test ApplicationContext cache statistics: [DefaultContextCache@34c4e7c4 size = 1, maxSize = 32, parentContextCount = 0, hitCount = 8, missCount = 1]
16:05:20.638 [Test worker] DEBUG org.springframework.test.context.cache.DefaultCacheAwareContextLoaderDelegate - Retrieved ApplicationContext from cache with key [[MergedContextConfiguration@24f09b8f testClass = RestApiTest, locations = '{}', classes = '{class org.frank.bogle.rest.TestRestApi, class org.frank.bogle.config.RestConfig}', contextInitializerClasses = '[]', activeProfiles = '{}', propertySourceLocations = '{}', propertySourceProperties = '{}', contextCustomizers = set[org.springframework.boot.test.context.filter.ExcludeFilterContextCustomizer@69df7d87, org.springframework.boot.test.mock.mockito.MockitoContextCustomizer@0, org.springframework.boot.test.autoconfigure.properties.PropertyMappingContextCustomizer@0, org.springframework.boot.test.autoconfigure.web.servlet.WebDriverContextCustomizerFactory$Customizer@722166e6], contextLoader = 'org.springframework.test.context.support.DelegatingSmartContextLoader', parent = [null]]]
16:05:20.638 [Test worker] DEBUG org.springframework.test.context.cache - Spring test ApplicationContext cache statistics: [DefaultContextCache@34c4e7c4 size = 1, maxSize = 32, parentContextCount = 0, hitCount = 9, missCount = 1]
[...]
16:05:20.760 [Test worker] DEBUG org.apache.http.wire - http-outgoing-0 << "  "firstName" : "Rest Test Firstname",[\n]"
16:05:20.760 [Test worker] DEBUG org.apache.http.wire - http-outgoing-0 << "  "lastName" : "Rest Test Lastname",[\n]"
16:05:20.760 [Test worker] DEBUG org.apache.http.wire - http-outgoing-0 << "  "contactMobile" : "Rest Test Mobile"[\n]"
16:05:20.760 [Test worker] DEBUG org.apache.http.wire - http-outgoing-0 << "}, {[\n]"
16:05:20.760 [Test worker] DEBUG org.apache.http.wire - http-outgoing-0 << "  "id" : "588119449f0ae10014790e40",[\n]"
16:05:20.760 [Test worker] DEBUG org.apache.http.wire - http-outgoing-0 << "  "email" : "Rest Test Email",[\n]"
16:05:20.760 [Test worker] DEBUG org.apache.http.wire - http-outgoing-0 << "  "firstName" : "Rest Test Firstname",[\n]"
16:05:20.760 [Test worker] DEBUG org.apache.http.wire - http-outgoing-0 << "  "lastName" : "Rest Test Lastname",[\n]"
16:05:20.760 [Test worker] DEBUG org.apache.http.wire - http-outgoing-0 << "  "contactMobile" : "Rest Test Mobile"[\n]"
16:05:20.760 [Test worker] DEBUG org.apache.http.wire - http-outgoing-0 << "}, {[\n]"
16:05:20.760 [Test worker] DEBUG org.apache.http.wire - http-outgoing-0 << "  "id" : "588119f29f0ae10014790e41",[\n]"
16:05:20.760 [Test worker] DEBUG org.apache.http.wire - http-outgoing-0 << "  "email" : "Rest Test Email",[\n]"
16:05:20.760 [Test worker] DEBUG org.apache.http.wire - http-outgoing-0 << "  "firstName" : "Rest Test Firstname",[\n]"
16:05:20.760 [Test worker] DEBUG org.apache.http.wire - http-outgoing-0 << "  "lastName" : "Rest Test Lastname",[\n]"
16:05:20.760 [Test worker] DEBUG org.apache.http.wire - http-outgoing-0 << "  "contactMobile" : "Rest Test Mobile"[\n]"
16:05:20.760 [Test worker] DEBUG org.apache.http.wire - http-outgoing-0 << "}, {[\n]"
16:05:20.760 [Test worker] DEBUG org.apache.http.wire - http-outgoing-0 << "  "id" : "5881318a3392b9000d1e28d8",[\n]"
16:05:20.760 [Test worker] DEBUG org.apache.http.wire - http-outgoing-0 << "  "email" : "Rest Test Email",[\n]"
16:05:20.760 [Test worker] DEBUG org.apache.http.wire - http-outgoing-0 << "  "firstName" : "Rest Test Firstname",[\n]"
16:05:20.760 [Test worker] DEBUG org.apache.http.wire - http-outgoing-0 << "  "lastName" : "Rest Test Lastname",[\n]"
16:05:20.760 [Test worker] DEBUG org.apache.http.wire - http-outgoing-0 << "  "contactMobile" : "Rest Test Mobile"[\n]"
16:05:20.760 [Test worker] DEBUG org.apache.http.wire - http-outgoing-0 << "}, {[\n]"
16:05:20.760 [Test worker] DEBUG org.apache.http.wire - http-outgoing-0 << "  "id" : "58825962a518db000e9c76ee",[\n]"
16:05:20.760 [Test worker] DEBUG org.apache.http.wire - http-outgoing-0 << "  "email" : "Rest Test Email",[\n]"
16:05:20.760 [Test worker] DEBUG org.apache.http.wire - http-outgoing-0 << "  "firstName" : "Rest Test Firstname",[\n]"
16:05:20.760 [Test worker] DEBUG org.apache.http.wire - http-outgoing-0 << "  "lastName" : "Rest Test Lastname",[\n]"
16:05:20.760 [Test worker] DEBUG org.apache.http.wire - http-outgoing-0 << "  "contactMobile" : "Rest Test Mobile"[\n]"
16:05:20.760 [Test worker] DEBUG org.apache.http.wire - http-outgoing-0 << "}, {[\n]"
16:05:20.760 [Test worker] DEBUG org.apache.http.wire - http-outgoing-0 << "  "id" : "5882598aa518db000e9c76ef",[\n]"
16:05:20.760 [Test worker] DEBUG org.apache.http.wire - http-outgoing-0 << "  "email" : "Rest Test Email",[\n]"
16:05:20.760 [Test worker] DEBUG org.apache.http.wire - http-outgoing-0 << "  "firstName" : "Rest Test Firstname",[\n]"
16:05:20.760 [Test worker] DEBUG org.apache.http.wire - http-outgoing-0 << "  "lastName" : "Rest Test Lastname",[\n]"
16:05:20.760 [Test worker] DEBUG org.apache.http.wire - http-outgoing-0 << "  "contactMobile" : "Rest Test Mobile"[\n]"
16:05:20.760 [Test worker] DEBUG org.apache.http.wire - http-outgoing-0 << "}, {[\n]"
16:05:20.760 [Test worker] DEBUG org.apache.http.wire - http-outgoing-0 << "  "id" : "58825a6b651bcc000e233fc6",[\n]"
16:05:20.760 [Test worker] DEBUG org.apache.http.wire - http-outgoing-0 << "  "email" : "Rest Test Email",[\n]"
16:05:20.760 [Test worker] DEBUG org.apache.http.wire - http-outgoing-0 << "  "firstName" : "Rest Test Firstname",[\n]"
16:05:20.760 [Test worker] DEBUG org.apache.http.wire - http-outgoing-0 << "  "lastName" : "Rest Test Lastname",[\n]"
16:05:20.760 [Test worker] DEBUG org.apache.http.wire - http-outgoing-0 << "  "contactMobile" : "Rest Test Mobile"[\n]"
16:05:20.760 [Test worker] DEBUG org.apache.http.wire - http-outgoing-0 << "}, {[\n]"
16:05:20.760 [Test worker] DEBUG org.apache.http.wire - http-outgoing-0 << "  "id" : "58825a86651bcc000e233fc7",[\n]"
16:05:20.760 [Test worker] DEBUG org.apache.http.wire - http-outgoing-0 << "  "email" : "Rest Test Email",[\n]"
16:05:20.760 [Test worker] DEBUG org.apache.http.wire - http-outgoing-0 << "  "firstName" : "Rest Test Firstname",[\n]"
16:05:20.760 [Test worker] DEBUG org.apache.http.wire - http-outgoing-0 << "  "lastName" : "Rest Test Lastname",[\n]"
16:05:20.760 [Test worker] DEBUG org.apache.http.wire - http-outgoing-0 << "  "contactMobile" : "Rest Test Mobile"[\n]"
16:05:20.760 [Test worker] DEBUG org.apache.http.wire - http-outgoing-0 << "}, {[\n]"
16:05:20.760 [Test worker] DEBUG org.apache.http.wire - http-outgoing-0 << "  "id" : "58825bfc651bcc000e233fc8",[\n]"
16:05:20.760 [Test worker] DEBUG org.apache.http.wire - http-outgoing-0 << "  "email" : "Rest Test Email",[\n]"
16:05:20.760 [Test worker] DEBUG org.apache.http.wire - http-outgoing-0 << "  "firstName" : "Rest Test Firstname",[\n]"
16:05:20.760 [Test worker] DEBUG org.apache.http.wire - http-outgoing-0 << "  "lastName" : "Rest Test Lastname",[\n]"
16:05:20.760 [Test worker] DEBUG org.apache.http.wire - http-outgoing-0 << "  "contactMobile" : "Rest Test Mobile"[\n]"
16:05:20.760 [Test worker] DEBUG org.apache.http.wire - http-outgoing-0 << "}, {[\n]"
16:05:20.760 [Test worker] DEBUG org.apache.http.wire - http-outgoing-0 << "  "id" : "58826067651bcc000e233fc9",[\n]"
16:05:20.760 [Test worker] DEBUG org.apache.http.wire - http-outgoing-0 << "  "email" : "Rest Test Email",[\n]"
16:05:20.760 [Test worker] DEBUG org.apache.http.wire - http-outgoing-0 << "  "firstName" : "Rest Test Firstname",[\n]"
16:05:20.760 [Test worker] DEBUG org.apache.http.wire - http-outgoing-0 << "  "lastName" : "Rest Test Lastname",[\n]"
16:05:20.760 [Test worker] DEBUG org.apache.http.wire - http-outgoing-0 << "  "contactMobile" : "Rest Test Mobile"[\n]"
16:05:20.760 [Test worker] DEBUG org.apache.http.wire - http-outgoing-0 << "}, {[\n]"
16:05:20.760 [Test worker] DEBUG org.apache.http.wire - http-outgoing-0 << "  "id" : "588275cc651bcc000e233fca",[\n]"
16:05:20.760 [Test worker] DEBUG org.apache.http.wire - http-outgoing-0 << "  "email" : "Rest Test Email",[\n]"
16:05:20.760 [Test worker] DEBUG org.apache.http.wire - http-outgoing-0 << "  "firstName" : "Rest Test Firstname",[\n]"
16:05:20.760 [Test worker] DEBUG org.apache.http.wire - http-outgoing-0 << "  "lastName" : "Rest Test Lastname",[\n]"
16:05:20.760 [Test worker] DEBUG org.apache.http.wire - http-outgoing-0 << "  "contactMobile" : "Rest Test Mobile"[\n]"
16:05:20.760 [Test worker] DEBUG org.apache.http.wire - http-outgoing-0 << "}, {[\n]"
16:05:20.760 [Test worker] DEBUG org.apache.http.wire - http-outgoing-0 << "  "id" : "58827720651bcc000e233fcb",[\n]"
16:05:20.760 [Test worker] DEBUG org.apache.http.wire - http-outgoing-0 << "  "email" : "Rest Test Email",[\n]"
16:05:20.760 [Test worker] DEBUG org.apache.http.wire - http-outgoing-0 << "  "firstName" : "Rest Test Firstname",[\n]"
16:05:20.760 [Test worker] DEBUG org.apache.http.wire - http-outgoing-0 << "  "lastName" : "Rest Test Lastname",[\n]"
16:05:20.760 [Test worker] DEBUG org.apache.http.wire - http-outgoing-0 << "  "contactMobile" : "Rest Test Mobile"[\n]"
16:05:20.760 [Test worker] DEBUG org.apache.http.wire - http-outgoing-0 << "}, {[\n]"
16:05:20.760 [Test worker] DEBUG org.apache.http.wire - http-outgoing-0 << "  "id" : "58832bf0651bcc000e233fcc",[\n]"
16:05:20.760 [Test worker] DEBUG org.apache.http.wire - http-outgoing-0 << "  "email" : "Rest Test Email",[\n]"
16:05:20.760 [Test worker] DEBUG org.apache.http.wire - http-outgoing-0 << "  "firstName" : "Rest Test Firstname",[\n]"
16:05:20.760 [Test worker] DEBUG org.apache.http.wire - http-outgoing-0 << "  "lastName" : "Rest Test Lastname",[\n]"
16:05:20.760 [Test worker] DEBUG org.apache.http.wire - http-outgoing-0 << "  "contactMobile" : "Rest Test Mobile"[\n]"
16:05:20.760 [Test worker] DEBUG org.apache.http.wire - http-outgoing-0 << "}, {[\n]"
16:05:20.760 [Test worker] DEBUG org.apache.http.wire - http-outgoing-0 << "  "id" : "5883396e651bcc000e233fcd",[\n]"
16:05:20.760 [Test worker] DEBUG org.apache.http.wire - http-outgoing-0 << "  "email" : "Rest Test Email",[\n]"
16:05:20.760 [Test worker] DEBUG org.apache.http.wire - http-outgoing-0 << "  "firstName" : "Rest Test Firstname",[\n]"
16:05:20.760 [Test worker] DEBUG org.apache.http.wire - http-outgoing-0 << "  "lastName" : "Rest Test Lastname",[\n]"
16:05:20.760 [Test worker] DEBUG org.apache.http.wire - http-outgoing-0 << "  "contactMobile" : ""
16:05:20.763 [Test worker] DEBUG org.apache.http.wire - http-outgoing-0 << "Rest Test Mobile"[\n]"
16:05:20.763 [Test worker] DEBUG org.apache.http.wire - http-outgoing-0 << "}, {[\n]"
16:05:20.763 [Test worker] DEBUG org.apache.http.wire - http-outgoing-0 << "  "id" : "588386c1651bcc000e233fce",[\n]"
16:05:20.763 [Test worker] DEBUG org.apache.http.wire - http-outgoing-0 << "  "email" : "Rest Test Email",[\n]"
16:05:20.763 [Test worker] DEBUG org.apache.http.wire - http-outgoing-0 << "  "firstName" : "Rest Test Firstname",[\n]"
16:05:20.763 [Test worker] DEBUG org.apache.http.wire - http-outgoing-0 << "  "lastName" : "Rest Test Lastname",[\n]"
16:05:20.763 [Test worker] DEBUG org.apache.http.wire - http-outgoing-0 << "  "contactMobile" : "Rest Test Mobile"[\n]"
16:05:20.763 [Test worker] DEBUG org.apache.http.wire - http-outgoing-0 << "} ][\r][\n]"
16:05:20.763 [Test worker] DEBUG org.apache.http.wire - http-outgoing-0 << "0[\r][\n]"
16:05:20.763 [Test worker] DEBUG org.apache.http.wire - http-outgoing-0 << "[\r][\n]"
16:05:20.763 [Test worker] DEBUG org.apache.http.impl.conn.PoolingHttpClientConnectionManager - Connection [id: 0][route: {}->http://yapreunion30.cfapps.io:80] can be kept alive indefinitely
16:05:20.763 [Test worker] DEBUG org.apache.http.impl.conn.PoolingHttpClientConnectionManager - Connection released: [id: 0][route: {}->http://yapreunion30.cfapps.io:80][total kept alive: 1; route allocated: 1 of 5; total allocated: 1 of 10]
16:05:20.763 [Test worker] DEBUG org.springframework.test.context.cache.DefaultCacheAwareContextLoaderDelegate - Retrieved ApplicationContext from cache with key [[MergedContextConfiguration@24f09b8f testClass = RestApiTest, locations = '{}', classes = '{class org.frank.bogle.rest.TestRestApi, class org.frank.bogle.config.RestConfig}', contextInitializerClasses = '[]', activeProfiles = '{}', propertySourceLocations = '{}', propertySourceProperties = '{}', contextCustomizers = set[org.springframework.boot.test.context.filter.ExcludeFilterContextCustomizer@69df7d87, org.springframework.boot.test.mock.mockito.MockitoContextCustomizer@0, org.springframework.boot.test.autoconfigure.properties.PropertyMappingContextCustomizer@0, org.springframework.boot.test.autoconfigure.web.servlet.WebDriverContextCustomizerFactory$Customizer@722166e6], contextLoader = 'org.springframework.test.context.support.DelegatingSmartContextLoader', parent = [null]]]
16:05:20.764 [Test worker] DEBUG org.springframework.test.context.cache - Spring test ApplicationContext cache statistics: [DefaultContextCache@34c4e7c4 size = 1, maxSize = 32, parentContextCount = 0, hitCount = 12, missCount = 1]
16:05:20.764 [Test worker] DEBUG org.springframework.beans.factory.support.DefaultListableBeanFactory - Returning cached instance of singleton bean 'org.springframework.context.annotation.internalConfigurationAnnotationProcessor'
16:05:20.764 [Test worker] DEBUG org.springframework.beans.factory.support.DefaultListableBeanFactory - Returning cached instance of singleton bean 'org.springframework.context.annotation.internalAutowiredAnnotationProcessor'
16:05:20.764 [Test worker] DEBUG org.springframework.beans.factory.support.DefaultListableBeanFactory - Returning cached instance of singleton bean 'org.springframework.context.annotation.internalRequiredAnnotationProcessor'
16:05:20.764 [Test worker] DEBUG org.springframework.beans.factory.support.DefaultListableBeanFactory - Returning cached instance of singleton bean 'org.springframework.context.annotation.internalCommonAnnotationProcessor'
16:05:20.764 [Test worker] DEBUG org.springframework.beans.factory.support.DefaultListableBeanFactory - Returning cached instance of singleton bean 'org.springframework.context.annotation.internalPersistenceAnnotationProcessor'
16:05:20.764 [Test worker] DEBUG org.springframework.beans.factory.support.DefaultListableBeanFactory - Returning cached instance of singleton bean 'org.springframework.context.event.internalEventListenerProcessor'
16:05:20.764 [Test worker] DEBUG org.springframework.beans.factory.support.DefaultListableBeanFactory - Returning cached instance of singleton bean 'org.springframework.context.event.internalEventListenerFactory'
16:05:20.764 [Test worker] DEBUG org.springframework.beans.factory.support.DefaultListableBeanFactory - Returning cached instance of singleton bean 'testRestApi'
16:05:20.764 [Test worker] DEBUG org.springframework.beans.factory.support.DefaultListableBeanFactory - Returning cached instance of singleton bean 'restConfig'
16:05:20.764 [Test worker] DEBUG org.springframework.beans.factory.support.DefaultListableBeanFactory - Returning cached instance of singleton bean 'org.springframework.boot.test.mock.mockito.MockitoPostProcessor$SpyPostProcessor'
16:05:20.764 [Test worker] DEBUG org.springframework.beans.factory.support.DefaultListableBeanFactory - Returning cached instance of singleton bean 'org.springframework.boot.test.mock.mockito.MockitoPostProcessor'
16:05:20.764 [Test worker] DEBUG org.springframework.beans.factory.support.DefaultListableBeanFactory - Returning cached instance of singleton bean 'org.springframework.context.annotation.ConfigurationClassPostProcessor.importAwareProcessor'
16:05:20.764 [Test worker] DEBUG org.springframework.beans.factory.support.DefaultListableBeanFactory - Returning cached instance of singleton bean 'org.springframework.context.annotation.ConfigurationClassPostProcessor.enhancedConfigurationProcessor'
16:05:20.764 [Test worker] DEBUG org.springframework.beans.factory.support.DefaultListableBeanFactory - Returning cached instance of singleton bean 'restTemplate'
16:05:20.764 [Test worker] DEBUG org.springframework.beans.factory.support.DefaultListableBeanFactory - Returning cached instance of singleton bean 'builder'
16:05:20.764 [Test worker] DEBUG org.springframework.beans.factory.support.DefaultListableBeanFactory - Returning cached instance of singleton bean 'org.springframework.boot.test.mock.mockito.MockitoBeans'
16:05:20.764 [Test worker] DEBUG org.springframework.test.context.cache.DefaultCacheAwareContextLoaderDelegate - Retrieved ApplicationContext from cache with key [[MergedContextConfiguration@24f09b8f testClass = RestApiTest, locations = '{}', classes = '{class org.frank.bogle.rest.TestRestApi, class org.frank.bogle.config.RestConfig}', contextInitializerClasses = '[]', activeProfiles = '{}', propertySourceLocations = '{}', propertySourceProperties = '{}', contextCustomizers = set[org.springframework.boot.test.context.filter.ExcludeFilterContextCustomizer@69df7d87, org.springframework.boot.test.mock.mockito.MockitoContextCustomizer@0, org.springframework.boot.test.autoconfigure.properties.PropertyMappingContextCustomizer@0, org.springframework.boot.test.autoconfigure.web.servlet.WebDriverContextCustomizerFactory$Customizer@722166e6], contextLoader = 'org.springframework.test.context.support.DelegatingSmartContextLoader', parent = [null]]]
16:05:20.764 [Test worker] DEBUG org.springframework.test.context.cache - Spring test ApplicationContext cache statistics: [DefaultContextCache@34c4e7c4 size = 1, maxSize = 32, parentContextCount = 0, hitCount = 13, missCount = 1]
16:05:20.764 [Test worker] DEBUG org.springframework.test.context.cache.DefaultCacheAwareContextLoaderDelegate - Retrieved ApplicationContext from cache with key [[MergedContextConfiguration@24f09b8f testClass = RestApiTest, locations = '{}', classes = '{class org.frank.bogle.rest.TestRestApi, class org.frank.bogle.config.RestConfig}', contextInitializerClasses = '[]', activeProfiles = '{}', propertySourceLocations = '{}', propertySourceProperties = '{}', contextCustomizers = set[org.springframework.boot.test.context.filter.ExcludeFilterContextCustomizer@69df7d87, org.springframework.boot.test.mock.mockito.MockitoContextCustomizer@0, org.springframework.boot.test.autoconfigure.properties.PropertyMappingContextCustomizer@0, org.springframework.boot.test.autoconfigure.web.servlet.WebDriverContextCustomizerFactory$Customizer@722166e6], contextLoader = 'org.springframework.test.context.support.DelegatingSmartContextLoader', parent = [null]]]
16:05:20.764 [Test worker] DEBUG org.springframework.test.context.cache - Spring test ApplicationContext cache statistics: [DefaultContextCache@34c4e7c4 size = 1, maxSize = 32, parentContextCount = 0, hitCount = 14, missCount = 1]
16:05:20.765 [Test worker] DEBUG org.springframework.test.context.support.AbstractDirtiesContextTestExecutionListener - After test method: context [DefaultTestContext@4d41b6f0 testClass = RestApiTest, testInstance = test.frank.bogle.restapi.RestApiTest@5c701299, testMethod = testAllPersonsRetrieve@RestApiTest, testException = [null], mergedContextConfiguration = [MergedContextConfiguration@24f09b8f testClass = RestApiTest, locations = '{}', classes = '{class org.frank.bogle.rest.TestRestApi, class org.frank.bogle.config.RestConfig}', contextInitializerClasses = '[]', activeProfiles = '{}', propertySourceLocations = '{}', propertySourceProperties = '{}', contextCustomizers = set[org.springframework.boot.test.context.filter.ExcludeFilterContextCustomizer@69df7d87, org.springframework.boot.test.mock.mockito.MockitoContextCustomizer@0, org.springframework.boot.test.autoconfigure.properties.PropertyMappingContextCustomizer@0, org.springframework.boot.test.autoconfigure.web.servlet.WebDriverContextCustomizerFactory$Customizer@722166e6], contextLoader = 'org.springframework.test.context.support.DelegatingSmartContextLoader', parent = [null]]], class annotated with @DirtiesContext [false] with mode [null], method annotated with @DirtiesContext [false] with mode [null].
16:05:20.765 [Test worker] DEBUG org.springframework.test.context.support.AbstractDirtiesContextTestExecutionListener - After test class: context [DefaultTestContext@4d41b6f0 testClass = RestApiTest, testInstance = [null], testMethod = [null], testException = [null], mergedContextConfiguration = [MergedContextConfiguration@24f09b8f testClass = RestApiTest, locations = '{}', classes = '{class org.frank.bogle.rest.TestRestApi, class org.frank.bogle.config.RestConfig}', contextInitializerClasses = '[]', activeProfiles = '{}', propertySourceLocations = '{}', propertySourceProperties = '{}', contextCustomizers = set[org.springframework.boot.test.context.filter.ExcludeFilterContextCustomizer@69df7d87, org.springframework.boot.test.mock.mockito.MockitoContextCustomizer@0, org.springframework.boot.test.autoconfigure.properties.PropertyMappingContextCustomizer@0, org.springframework.boot.test.autoconfigure.web.servlet.WebDriverContextCustomizerFactory$Customizer@722166e6], contextLoader = 'org.springframework.test.context.support.DelegatingSmartContextLoader', parent = [null]]], class annotated with @DirtiesContext [false] with mode [null].
]]></system-out>
  <system-err><![CDATA[]]></system-err>
</testsuite>
