<?xml version="1.0" encoding="UTF-8"?>
<testsuite name="test.frank.bogle.restapi.RestApiTest" tests="3" skipped="0" failures="0" errors="0" timestamp="2017-01-21T10:35:26" hostname="Franks-iMac.home" time="0.721">
  <properties/>
  <testcase name="testRestSinglePerson" classname="test.frank.bogle.restapi.RestApiTest" time="0.423"/>
  <testcase name="testRestApiRegister" classname="test.frank.bogle.restapi.RestApiTest" time="0.146"/>
  <testcase name="testAllPersonsRetrieve" classname="test.frank.bogle.restapi.RestApiTest" time="0.148"/>
  <system-out><![CDATA[10:35:25.571 [Test worker] DEBUG org.springframework.test.context.junit4.SpringJUnit4ClassRunner - SpringJUnit4ClassRunner constructor called with [class test.frank.bogle.restapi.RestApiTest]
10:35:25.575 [Test worker] DEBUG org.springframework.test.context.BootstrapUtils - Instantiating CacheAwareContextLoaderDelegate from class [org.springframework.test.context.cache.DefaultCacheAwareContextLoaderDelegate]
10:35:25.580 [Test worker] DEBUG org.springframework.test.context.BootstrapUtils - Instantiating BootstrapContext using constructor [public org.springframework.test.context.support.DefaultBootstrapContext(java.lang.Class,org.springframework.test.context.CacheAwareContextLoaderDelegate)]
10:35:25.587 [Test worker] DEBUG org.springframework.test.context.BootstrapUtils - Instantiating TestContextBootstrapper for test class [test.frank.bogle.restapi.RestApiTest] from class [org.springframework.test.context.support.DefaultTestContextBootstrapper]
10:35:25.606 [Test worker] DEBUG org.springframework.test.context.support.AbstractDelegatingSmartContextLoader - Delegating to AnnotationConfigContextLoader to process context configuration [ContextConfigurationAttributes@6444e589 declaringClass = 'test.frank.bogle.restapi.RestApiTest', classes = '{class org.frank.bogle.rest.TestRestApi, class org.frank.bogle.config.RestConfig}', locations = '{}', inheritLocations = true, initializers = '{}', inheritInitializers = true, name = [null], contextLoaderClass = 'org.springframework.test.context.ContextLoader'].
10:35:25.634 [Test worker] DEBUG org.springframework.test.context.support.ActiveProfilesUtils - Could not find an 'annotation declaring class' for annotation type [org.springframework.test.context.ActiveProfiles] and class [test.frank.bogle.restapi.RestApiTest]
10:35:25.634 [Test worker] DEBUG org.springframework.test.context.support.DefaultTestContextBootstrapper - @TestExecutionListeners is not present for class [test.frank.bogle.restapi.RestApiTest]: using defaults.
10:35:25.638 [Test worker] INFO org.springframework.test.context.support.DefaultTestContextBootstrapper - Loaded default TestExecutionListener class names from location [META-INF/spring.factories]: [org.springframework.boot.test.mock.mockito.MockitoTestExecutionListener, org.springframework.boot.test.mock.mockito.ResetMocksTestExecutionListener, org.springframework.boot.test.autoconfigure.restdocs.RestDocsTestExecutionListener, org.springframework.boot.test.autoconfigure.web.client.MockRestServiceServerResetTestExecutionListener, org.springframework.boot.test.autoconfigure.web.servlet.MockMvcPrintOnlyOnFailureTestExecutionListener, org.springframework.boot.test.autoconfigure.web.servlet.WebDriverTestExecutionListener, org.springframework.test.context.web.ServletTestExecutionListener, org.springframework.test.context.support.DirtiesContextBeforeModesTestExecutionListener, org.springframework.test.context.support.DependencyInjectionTestExecutionListener, org.springframework.test.context.support.DirtiesContextTestExecutionListener, org.springframework.test.context.transaction.TransactionalTestExecutionListener, org.springframework.test.context.jdbc.SqlScriptsTestExecutionListener]
10:35:25.649 [Test worker] INFO org.springframework.test.context.support.DefaultTestContextBootstrapper - Using TestExecutionListeners: [org.springframework.test.context.web.ServletTestExecutionListener@57763e86, org.springframework.test.context.support.DirtiesContextBeforeModesTestExecutionListener@66545982, org.springframework.test.context.support.DependencyInjectionTestExecutionListener@6980ae8f, org.springframework.test.context.support.DirtiesContextTestExecutionListener@1d51432d, org.springframework.test.context.transaction.TransactionalTestExecutionListener@7b35dc0f, org.springframework.test.context.jdbc.SqlScriptsTestExecutionListener@3fe902a2, org.springframework.boot.test.autoconfigure.web.client.MockRestServiceServerResetTestExecutionListener@53712706, org.springframework.boot.test.mock.mockito.MockitoTestExecutionListener@442e4e6e, org.springframework.boot.test.autoconfigure.restdocs.RestDocsTestExecutionListener@112e3740, org.springframework.boot.test.autoconfigure.web.servlet.WebDriverTestExecutionListener@66a5cbd5, org.springframework.boot.test.autoconfigure.web.servlet.MockMvcPrintOnlyOnFailureTestExecutionListener@3c368910, org.springframework.boot.test.mock.mockito.ResetMocksTestExecutionListener@a5dedc6]
10:35:25.652 [Test worker] DEBUG org.springframework.test.annotation.ProfileValueUtils - Retrieved @ProfileValueSourceConfiguration [null] for test class [test.frank.bogle.restapi.RestApiTest]
10:35:25.652 [Test worker] DEBUG org.springframework.test.annotation.ProfileValueUtils - Retrieved ProfileValueSource type [class org.springframework.test.annotation.SystemProfileValueSource] for class [test.frank.bogle.restapi.RestApiTest]
10:35:25.653 [Test worker] DEBUG org.springframework.test.annotation.ProfileValueUtils - Retrieved @ProfileValueSourceConfiguration [null] for test class [test.frank.bogle.restapi.RestApiTest]
10:35:25.653 [Test worker] DEBUG org.springframework.test.annotation.ProfileValueUtils - Retrieved ProfileValueSource type [class org.springframework.test.annotation.SystemProfileValueSource] for class [test.frank.bogle.restapi.RestApiTest]
10:35:25.656 [Test worker] DEBUG org.springframework.test.context.support.AbstractDirtiesContextTestExecutionListener - Before test class: context [DefaultTestContext@4d41b6f0 testClass = RestApiTest, testInstance = [null], testMethod = [null], testException = [null], mergedContextConfiguration = [MergedContextConfiguration@24f09b8f testClass = RestApiTest, locations = '{}', classes = '{class org.frank.bogle.rest.TestRestApi, class org.frank.bogle.config.RestConfig}', contextInitializerClasses = '[]', activeProfiles = '{}', propertySourceLocations = '{}', propertySourceProperties = '{}', contextCustomizers = set[org.springframework.boot.test.context.filter.ExcludeFilterContextCustomizer@69df7d87, org.springframework.boot.test.mock.mockito.MockitoContextCustomizer@0, org.springframework.boot.test.autoconfigure.properties.PropertyMappingContextCustomizer@0, org.springframework.boot.test.autoconfigure.web.servlet.WebDriverContextCustomizerFactory$Customizer@722166e6], contextLoader = 'org.springframework.test.context.support.DelegatingSmartContextLoader', parent = [null]]], class annotated with @DirtiesContext [false] with mode [null].
10:35:25.657 [Test worker] DEBUG org.springframework.test.annotation.ProfileValueUtils - Retrieved @ProfileValueSourceConfiguration [null] for test class [test.frank.bogle.restapi.RestApiTest]
10:35:25.657 [Test worker] DEBUG org.springframework.test.annotation.ProfileValueUtils - Retrieved ProfileValueSource type [class org.springframework.test.annotation.SystemProfileValueSource] for class [test.frank.bogle.restapi.RestApiTest]
10:35:25.658 [Test worker] DEBUG org.springframework.test.context.support.DependencyInjectionTestExecutionListener - Performing dependency injection for test context [[DefaultTestContext@4d41b6f0 testClass = RestApiTest, testInstance = test.frank.bogle.restapi.RestApiTest@7bf9a643, testMethod = [null], testException = [null], mergedContextConfiguration = [MergedContextConfiguration@24f09b8f testClass = RestApiTest, locations = '{}', classes = '{class org.frank.bogle.rest.TestRestApi, class org.frank.bogle.config.RestConfig}', contextInitializerClasses = '[]', activeProfiles = '{}', propertySourceLocations = '{}', propertySourceProperties = '{}', contextCustomizers = set[org.springframework.boot.test.context.filter.ExcludeFilterContextCustomizer@69df7d87, org.springframework.boot.test.mock.mockito.MockitoContextCustomizer@0, org.springframework.boot.test.autoconfigure.properties.PropertyMappingContextCustomizer@0, org.springframework.boot.test.autoconfigure.web.servlet.WebDriverContextCustomizerFactory$Customizer@722166e6], contextLoader = 'org.springframework.test.context.support.DelegatingSmartContextLoader', parent = [null]]]].
10:35:25.659 [Test worker] DEBUG org.springframework.test.context.support.AbstractDelegatingSmartContextLoader - Delegating to AnnotationConfigContextLoader to load context from [MergedContextConfiguration@24f09b8f testClass = RestApiTest, locations = '{}', classes = '{class org.frank.bogle.rest.TestRestApi, class org.frank.bogle.config.RestConfig}', contextInitializerClasses = '[]', activeProfiles = '{}', propertySourceLocations = '{}', propertySourceProperties = '{}', contextCustomizers = set[org.springframework.boot.test.context.filter.ExcludeFilterContextCustomizer@69df7d87, org.springframework.boot.test.mock.mockito.MockitoContextCustomizer@0, org.springframework.boot.test.autoconfigure.properties.PropertyMappingContextCustomizer@0, org.springframework.boot.test.autoconfigure.web.servlet.WebDriverContextCustomizerFactory$Customizer@722166e6], contextLoader = 'org.springframework.test.context.support.DelegatingSmartContextLoader', parent = [null]].
10:35:25.659 [Test worker] DEBUG org.springframework.test.context.support.AbstractGenericContextLoader - Loading ApplicationContext for merged context configuration [[MergedContextConfiguration@24f09b8f testClass = RestApiTest, locations = '{}', classes = '{class org.frank.bogle.rest.TestRestApi, class org.frank.bogle.config.RestConfig}', contextInitializerClasses = '[]', activeProfiles = '{}', propertySourceLocations = '{}', propertySourceProperties = '{}', contextCustomizers = set[org.springframework.boot.test.context.filter.ExcludeFilterContextCustomizer@69df7d87, org.springframework.boot.test.mock.mockito.MockitoContextCustomizer@0, org.springframework.boot.test.autoconfigure.properties.PropertyMappingContextCustomizer@0, org.springframework.boot.test.autoconfigure.web.servlet.WebDriverContextCustomizerFactory$Customizer@722166e6], contextLoader = 'org.springframework.test.context.support.DelegatingSmartContextLoader', parent = [null]]].
10:35:25.710 [Test worker] DEBUG org.springframework.core.env.StandardEnvironment - Adding [systemProperties] PropertySource with lowest search precedence
10:35:25.711 [Test worker] DEBUG org.springframework.core.env.StandardEnvironment - Adding [systemEnvironment] PropertySource with lowest search precedence
10:35:25.711 [Test worker] DEBUG org.springframework.core.env.StandardEnvironment - Initialized StandardEnvironment with PropertySources [systemProperties,systemEnvironment]
10:35:25.711 [Test worker] DEBUG org.springframework.test.context.support.AnnotationConfigContextLoader - Registering annotated classes: {class org.frank.bogle.rest.TestRestApi, class org.frank.bogle.config.RestConfig}
10:35:25.740 [Test worker] INFO org.springframework.context.support.GenericApplicationContext - Refreshing org.springframework.context.support.GenericApplicationContext@6b55c7bd: startup date [Sat Jan 21 10:35:25 GMT 2017]; root of context hierarchy
10:35:25.740 [Test worker] DEBUG org.springframework.context.support.GenericApplicationContext - Bean factory for org.springframework.context.support.GenericApplicationContext@6b55c7bd: org.springframework.beans.factory.support.DefaultListableBeanFactory@5c9e663b: defining beans [org.springframework.context.annotation.internalConfigurationAnnotationProcessor,org.springframework.context.annotation.internalAutowiredAnnotationProcessor,org.springframework.context.annotation.internalRequiredAnnotationProcessor,org.springframework.context.annotation.internalCommonAnnotationProcessor,org.springframework.context.annotation.internalPersistenceAnnotationProcessor,org.springframework.context.event.internalEventListenerProcessor,org.springframework.context.event.internalEventListenerFactory,testRestApi,restConfig,org.springframework.boot.test.mock.mockito.MockitoPostProcessor$SpyPostProcessor,org.springframework.boot.test.mock.mockito.MockitoPostProcessor]; root of factory hierarchy
10:35:25.749 [Test worker] DEBUG org.springframework.beans.factory.support.DefaultListableBeanFactory - Creating shared instance of singleton bean 'org.springframework.context.annotation.internalConfigurationAnnotationProcessor'
10:35:25.749 [Test worker] DEBUG org.springframework.beans.factory.support.DefaultListableBeanFactory - Creating instance of bean 'org.springframework.context.annotation.internalConfigurationAnnotationProcessor'
10:35:25.761 [Test worker] DEBUG org.springframework.beans.factory.support.DefaultListableBeanFactory - Eagerly caching bean 'org.springframework.context.annotation.internalConfigurationAnnotationProcessor' to allow for resolving potential circular references
10:35:25.762 [Test worker] DEBUG org.springframework.beans.factory.support.DefaultListableBeanFactory - Finished creating instance of bean 'org.springframework.context.annotation.internalConfigurationAnnotationProcessor'
10:35:25.784 [Test worker] DEBUG org.springframework.context.annotation.ConfigurationClassBeanDefinitionReader - Registering bean definition for @Bean method org.frank.bogle.config.RestConfig.builder()
10:35:25.785 [Test worker] DEBUG org.springframework.context.annotation.ConfigurationClassBeanDefinitionReader - Registering bean definition for @Bean method org.frank.bogle.config.RestConfig.restTemplate()
10:35:25.850 [Test worker] DEBUG org.springframework.context.annotation.ConfigurationClassEnhancer - Successfully enhanced org.frank.bogle.config.RestConfig; enhanced class name is: org.frank.bogle.config.RestConfig$$EnhancerBySpringCGLIB$$ad48927a
10:35:25.850 [Test worker] DEBUG org.springframework.context.annotation.ConfigurationClassPostProcessor - Replacing bean definition 'restConfig' existing class 'org.frank.bogle.config.RestConfig' with enhanced class 'org.frank.bogle.config.RestConfig$$EnhancerBySpringCGLIB$$ad48927a'
10:35:25.850 [Test worker] DEBUG org.springframework.beans.factory.support.DefaultListableBeanFactory - Creating shared instance of singleton bean 'org.springframework.boot.test.mock.mockito.MockitoPostProcessor'
10:35:25.850 [Test worker] DEBUG org.springframework.beans.factory.support.DefaultListableBeanFactory - Creating instance of bean 'org.springframework.boot.test.mock.mockito.MockitoPostProcessor'
10:35:25.863 [Test worker] DEBUG org.springframework.beans.factory.support.DefaultListableBeanFactory - Eagerly caching bean 'org.springframework.boot.test.mock.mockito.MockitoPostProcessor' to allow for resolving potential circular references
10:35:25.864 [Test worker] DEBUG org.springframework.beans.factory.support.DefaultListableBeanFactory - Finished creating instance of bean 'org.springframework.boot.test.mock.mockito.MockitoPostProcessor'
10:35:25.866 [Test worker] DEBUG org.springframework.beans.factory.support.DefaultListableBeanFactory - Creating shared instance of singleton bean 'org.springframework.context.annotation.internalAutowiredAnnotationProcessor'
10:35:25.866 [Test worker] DEBUG org.springframework.beans.factory.support.DefaultListableBeanFactory - Creating instance of bean 'org.springframework.context.annotation.internalAutowiredAnnotationProcessor'
10:35:25.867 [Test worker] DEBUG org.springframework.beans.factory.support.DefaultListableBeanFactory - Eagerly caching bean 'org.springframework.context.annotation.internalAutowiredAnnotationProcessor' to allow for resolving potential circular references
10:35:25.867 [Test worker] DEBUG org.springframework.beans.factory.support.DefaultListableBeanFactory - Finished creating instance of bean 'org.springframework.context.annotation.internalAutowiredAnnotationProcessor'
10:35:25.867 [Test worker] DEBUG org.springframework.beans.factory.support.DefaultListableBeanFactory - Creating shared instance of singleton bean 'org.springframework.context.annotation.internalRequiredAnnotationProcessor'
10:35:25.867 [Test worker] DEBUG org.springframework.beans.factory.support.DefaultListableBeanFactory - Creating instance of bean 'org.springframework.context.annotation.internalRequiredAnnotationProcessor'
10:35:25.868 [Test worker] DEBUG org.springframework.beans.factory.support.DefaultListableBeanFactory - Eagerly caching bean 'org.springframework.context.annotation.internalRequiredAnnotationProcessor' to allow for resolving potential circular references
10:35:25.868 [Test worker] DEBUG org.springframework.beans.factory.support.DefaultListableBeanFactory - Finished creating instance of bean 'org.springframework.context.annotation.internalRequiredAnnotationProcessor'
10:35:25.868 [Test worker] DEBUG org.springframework.beans.factory.support.DefaultListableBeanFactory - Creating shared instance of singleton bean 'org.springframework.context.annotation.internalCommonAnnotationProcessor'
10:35:25.868 [Test worker] DEBUG org.springframework.beans.factory.support.DefaultListableBeanFactory - Creating instance of bean 'org.springframework.context.annotation.internalCommonAnnotationProcessor'
10:35:25.871 [Test worker] DEBUG org.springframework.beans.factory.support.DefaultListableBeanFactory - Eagerly caching bean 'org.springframework.context.annotation.internalCommonAnnotationProcessor' to allow for resolving potential circular references
10:35:25.871 [Test worker] DEBUG org.springframework.beans.factory.support.DefaultListableBeanFactory - Finished creating instance of bean 'org.springframework.context.annotation.internalCommonAnnotationProcessor'
10:35:25.871 [Test worker] DEBUG org.springframework.beans.factory.support.DefaultListableBeanFactory - Creating shared instance of singleton bean 'org.springframework.context.annotation.internalPersistenceAnnotationProcessor'
10:35:25.871 [Test worker] DEBUG org.springframework.beans.factory.support.DefaultListableBeanFactory - Creating instance of bean 'org.springframework.context.annotation.internalPersistenceAnnotationProcessor'
10:35:25.872 [Test worker] DEBUG org.springframework.beans.factory.support.DefaultListableBeanFactory - Eagerly caching bean 'org.springframework.context.annotation.internalPersistenceAnnotationProcessor' to allow for resolving potential circular references
10:35:25.872 [Test worker] DEBUG org.springframework.beans.factory.support.DefaultListableBeanFactory - Finished creating instance of bean 'org.springframework.context.annotation.internalPersistenceAnnotationProcessor'
10:35:25.872 [Test worker] DEBUG org.springframework.beans.factory.support.DefaultListableBeanFactory - Creating shared instance of singleton bean 'org.springframework.boot.test.mock.mockito.MockitoPostProcessor$SpyPostProcessor'
10:35:25.873 [Test worker] DEBUG org.springframework.beans.factory.support.DefaultListableBeanFactory - Creating instance of bean 'org.springframework.boot.test.mock.mockito.MockitoPostProcessor$SpyPostProcessor'
10:35:25.878 [Test worker] DEBUG org.springframework.beans.factory.support.DefaultListableBeanFactory - Returning cached instance of singleton bean 'org.springframework.boot.test.mock.mockito.MockitoPostProcessor'
10:35:25.879 [Test worker] DEBUG org.springframework.beans.factory.support.DefaultListableBeanFactory - Eagerly caching bean 'org.springframework.boot.test.mock.mockito.MockitoPostProcessor$SpyPostProcessor' to allow for resolving potential circular references
10:35:25.879 [Test worker] DEBUG org.springframework.beans.factory.support.DefaultListableBeanFactory - Finished creating instance of bean 'org.springframework.boot.test.mock.mockito.MockitoPostProcessor$SpyPostProcessor'
10:35:25.879 [Test worker] DEBUG org.springframework.beans.factory.support.DefaultListableBeanFactory - Creating shared instance of singleton bean 'org.springframework.context.annotation.ConfigurationClassPostProcessor.importAwareProcessor'
10:35:25.879 [Test worker] DEBUG org.springframework.beans.factory.support.DefaultListableBeanFactory - Creating instance of bean 'org.springframework.context.annotation.ConfigurationClassPostProcessor.importAwareProcessor'
10:35:25.879 [Test worker] DEBUG org.springframework.beans.factory.support.DefaultListableBeanFactory - Eagerly caching bean 'org.springframework.context.annotation.ConfigurationClassPostProcessor.importAwareProcessor' to allow for resolving potential circular references
10:35:25.879 [Test worker] DEBUG org.springframework.beans.factory.support.DefaultListableBeanFactory - Finished creating instance of bean 'org.springframework.context.annotation.ConfigurationClassPostProcessor.importAwareProcessor'
10:35:25.879 [Test worker] DEBUG org.springframework.beans.factory.support.DefaultListableBeanFactory - Creating shared instance of singleton bean 'org.springframework.context.annotation.ConfigurationClassPostProcessor.enhancedConfigurationProcessor'
10:35:25.879 [Test worker] DEBUG org.springframework.beans.factory.support.DefaultListableBeanFactory - Creating instance of bean 'org.springframework.context.annotation.ConfigurationClassPostProcessor.enhancedConfigurationProcessor'
10:35:25.879 [Test worker] DEBUG org.springframework.beans.factory.support.DefaultListableBeanFactory - Eagerly caching bean 'org.springframework.context.annotation.ConfigurationClassPostProcessor.enhancedConfigurationProcessor' to allow for resolving potential circular references
10:35:25.880 [Test worker] DEBUG org.springframework.beans.factory.support.DefaultListableBeanFactory - Finished creating instance of bean 'org.springframework.context.annotation.ConfigurationClassPostProcessor.enhancedConfigurationProcessor'
10:35:25.880 [Test worker] DEBUG org.springframework.beans.factory.support.DefaultListableBeanFactory - Returning cached instance of singleton bean 'org.springframework.boot.test.mock.mockito.MockitoPostProcessor'
10:35:25.880 [Test worker] DEBUG org.springframework.beans.factory.support.DefaultListableBeanFactory - Returning cached instance of singleton bean 'org.springframework.boot.test.autoconfigure.properties.PropertyMappingContextCustomizer$PropertyMappingCheckBeanPostProcessor'
10:35:25.881 [Test worker] DEBUG org.springframework.context.support.GenericApplicationContext - Unable to locate MessageSource with name 'messageSource': using default [org.springframework.context.support.DelegatingMessageSource@4a52dc34]
10:35:25.882 [Test worker] DEBUG org.springframework.context.support.GenericApplicationContext - Unable to locate ApplicationEventMulticaster with name 'applicationEventMulticaster': using default [org.springframework.context.event.SimpleApplicationEventMulticaster@65e540f7]
10:35:25.883 [Test worker] DEBUG org.springframework.beans.factory.support.DefaultListableBeanFactory - Pre-instantiating singletons in org.springframework.beans.factory.support.DefaultListableBeanFactory@5c9e663b: defining beans [org.springframework.context.annotation.internalConfigurationAnnotationProcessor,org.springframework.context.annotation.internalAutowiredAnnotationProcessor,org.springframework.context.annotation.internalRequiredAnnotationProcessor,org.springframework.context.annotation.internalCommonAnnotationProcessor,org.springframework.context.annotation.internalPersistenceAnnotationProcessor,org.springframework.context.event.internalEventListenerProcessor,org.springframework.context.event.internalEventListenerFactory,testRestApi,restConfig,org.springframework.boot.test.mock.mockito.MockitoPostProcessor$SpyPostProcessor,org.springframework.boot.test.mock.mockito.MockitoPostProcessor,org.springframework.context.annotation.ConfigurationClassPostProcessor.importAwareProcessor,org.springframework.context.annotation.ConfigurationClassPostProcessor.enhancedConfigurationProcessor,builder,restTemplate]; root of factory hierarchy
10:35:25.884 [Test worker] DEBUG org.springframework.beans.factory.support.DefaultListableBeanFactory - Returning cached instance of singleton bean 'org.springframework.context.annotation.internalConfigurationAnnotationProcessor'
10:35:25.884 [Test worker] DEBUG org.springframework.beans.factory.support.DefaultListableBeanFactory - Returning cached instance of singleton bean 'org.springframework.context.annotation.internalAutowiredAnnotationProcessor'
10:35:25.884 [Test worker] DEBUG org.springframework.beans.factory.support.DefaultListableBeanFactory - Returning cached instance of singleton bean 'org.springframework.context.annotation.internalRequiredAnnotationProcessor'
10:35:25.884 [Test worker] DEBUG org.springframework.beans.factory.support.DefaultListableBeanFactory - Returning cached instance of singleton bean 'org.springframework.context.annotation.internalCommonAnnotationProcessor'
10:35:25.884 [Test worker] DEBUG org.springframework.beans.factory.support.DefaultListableBeanFactory - Returning cached instance of singleton bean 'org.springframework.context.annotation.internalPersistenceAnnotationProcessor'
10:35:25.884 [Test worker] DEBUG org.springframework.beans.factory.support.DefaultListableBeanFactory - Creating shared instance of singleton bean 'org.springframework.context.event.internalEventListenerProcessor'
10:35:25.884 [Test worker] DEBUG org.springframework.beans.factory.support.DefaultListableBeanFactory - Creating instance of bean 'org.springframework.context.event.internalEventListenerProcessor'
10:35:25.889 [Test worker] DEBUG org.springframework.beans.factory.support.DefaultListableBeanFactory - Eagerly caching bean 'org.springframework.context.event.internalEventListenerProcessor' to allow for resolving potential circular references
10:35:25.900 [Test worker] DEBUG org.springframework.beans.factory.support.DefaultListableBeanFactory - Finished creating instance of bean 'org.springframework.context.event.internalEventListenerProcessor'
10:35:25.900 [Test worker] DEBUG org.springframework.beans.factory.support.DefaultListableBeanFactory - Creating shared instance of singleton bean 'org.springframework.context.event.internalEventListenerFactory'
10:35:25.900 [Test worker] DEBUG org.springframework.beans.factory.support.DefaultListableBeanFactory - Creating instance of bean 'org.springframework.context.event.internalEventListenerFactory'
10:35:25.901 [Test worker] DEBUG org.springframework.beans.factory.support.DefaultListableBeanFactory - Eagerly caching bean 'org.springframework.context.event.internalEventListenerFactory' to allow for resolving potential circular references
10:35:25.903 [Test worker] DEBUG org.springframework.beans.factory.support.DefaultListableBeanFactory - Finished creating instance of bean 'org.springframework.context.event.internalEventListenerFactory'
10:35:25.903 [Test worker] DEBUG org.springframework.beans.factory.support.DefaultListableBeanFactory - Creating shared instance of singleton bean 'testRestApi'
10:35:25.903 [Test worker] DEBUG org.springframework.beans.factory.support.DefaultListableBeanFactory - Creating instance of bean 'testRestApi'
10:35:25.906 [Test worker] DEBUG org.springframework.beans.factory.support.DefaultListableBeanFactory - Creating shared instance of singleton bean 'restTemplate'
10:35:25.906 [Test worker] DEBUG org.springframework.beans.factory.support.DefaultListableBeanFactory - Creating instance of bean 'restTemplate'
10:35:25.906 [Test worker] DEBUG org.springframework.beans.factory.support.DefaultListableBeanFactory - Creating shared instance of singleton bean 'restConfig'
10:35:25.906 [Test worker] DEBUG org.springframework.beans.factory.support.DefaultListableBeanFactory - Creating instance of bean 'restConfig'
10:35:25.907 [Test worker] DEBUG org.springframework.beans.factory.support.DefaultListableBeanFactory - Eagerly caching bean 'restConfig' to allow for resolving potential circular references
10:35:25.910 [Test worker] DEBUG org.springframework.beans.factory.support.DefaultListableBeanFactory - Finished creating instance of bean 'restConfig'
10:35:25.921 [Test worker] DEBUG org.springframework.beans.factory.support.DefaultListableBeanFactory - Creating shared instance of singleton bean 'builder'
10:35:25.921 [Test worker] DEBUG org.springframework.beans.factory.support.DefaultListableBeanFactory - Creating instance of bean 'builder'
10:35:25.921 [Test worker] DEBUG org.springframework.beans.factory.support.DefaultListableBeanFactory - Returning cached instance of singleton bean 'restConfig'
10:35:25.924 [Test worker] DEBUG org.springframework.beans.factory.support.DefaultListableBeanFactory - Eagerly caching bean 'builder' to allow for resolving potential circular references
10:35:25.928 [Test worker] DEBUG org.springframework.beans.factory.support.DefaultListableBeanFactory - Finished creating instance of bean 'builder'
10:35:26.227 [Test worker] DEBUG org.springframework.beans.factory.support.DefaultListableBeanFactory - Eagerly caching bean 'restTemplate' to allow for resolving potential circular references
10:35:26.236 [Test worker] DEBUG org.springframework.beans.factory.support.DefaultListableBeanFactory - Finished creating instance of bean 'restTemplate'
10:35:26.236 [Test worker] DEBUG org.springframework.beans.factory.support.DefaultListableBeanFactory - Autowiring by type from bean name 'testRestApi' via constructor to bean named 'restTemplate'
10:35:26.237 [Test worker] DEBUG org.springframework.beans.factory.support.DefaultListableBeanFactory - Eagerly caching bean 'testRestApi' to allow for resolving potential circular references
10:35:26.238 [Test worker] DEBUG org.springframework.beans.factory.support.DefaultListableBeanFactory - Finished creating instance of bean 'testRestApi'
10:35:26.238 [Test worker] DEBUG org.springframework.beans.factory.support.DefaultListableBeanFactory - Returning cached instance of singleton bean 'restConfig'
10:35:26.239 [Test worker] DEBUG org.springframework.beans.factory.support.DefaultListableBeanFactory - Returning cached instance of singleton bean 'org.springframework.boot.test.mock.mockito.MockitoPostProcessor$SpyPostProcessor'
10:35:26.239 [Test worker] DEBUG org.springframework.beans.factory.support.DefaultListableBeanFactory - Returning cached instance of singleton bean 'org.springframework.boot.test.mock.mockito.MockitoPostProcessor'
10:35:26.240 [Test worker] DEBUG org.springframework.beans.factory.support.DefaultListableBeanFactory - Returning cached instance of singleton bean 'org.springframework.context.annotation.ConfigurationClassPostProcessor.importAwareProcessor'
10:35:26.240 [Test worker] DEBUG org.springframework.beans.factory.support.DefaultListableBeanFactory - Returning cached instance of singleton bean 'org.springframework.context.annotation.ConfigurationClassPostProcessor.enhancedConfigurationProcessor'
10:35:26.240 [Test worker] DEBUG org.springframework.beans.factory.support.DefaultListableBeanFactory - Returning cached instance of singleton bean 'builder'
10:35:26.240 [Test worker] DEBUG org.springframework.beans.factory.support.DefaultListableBeanFactory - Returning cached instance of singleton bean 'restTemplate'
10:35:26.240 [Test worker] DEBUG org.springframework.beans.factory.support.DefaultListableBeanFactory - Returning cached instance of singleton bean 'org.springframework.context.event.internalEventListenerFactory'
10:35:26.269 [Test worker] DEBUG org.springframework.context.support.GenericApplicationContext - Unable to locate LifecycleProcessor with name 'lifecycleProcessor': using default [org.springframework.context.support.DefaultLifecycleProcessor@56f0e230]
10:35:26.269 [Test worker] DEBUG org.springframework.beans.factory.support.DefaultListableBeanFactory - Returning cached instance of singleton bean 'lifecycleProcessor'
10:35:26.271 [Test worker] DEBUG org.springframework.core.env.PropertySourcesPropertyResolver - Could not find key 'spring.liveBeansView.mbeanDomain' in any property source
10:35:26.272 [Test worker] DEBUG org.springframework.test.context.cache.DefaultCacheAwareContextLoaderDelegate - Storing ApplicationContext in cache under key [[MergedContextConfiguration@24f09b8f testClass = RestApiTest, locations = '{}', classes = '{class org.frank.bogle.rest.TestRestApi, class org.frank.bogle.config.RestConfig}', contextInitializerClasses = '[]', activeProfiles = '{}', propertySourceLocations = '{}', propertySourceProperties = '{}', contextCustomizers = set[org.springframework.boot.test.context.filter.ExcludeFilterContextCustomizer@69df7d87, org.springframework.boot.test.mock.mockito.MockitoContextCustomizer@0, org.springframework.boot.test.autoconfigure.properties.PropertyMappingContextCustomizer@0, org.springframework.boot.test.autoconfigure.web.servlet.WebDriverContextCustomizerFactory$Customizer@722166e6], contextLoader = 'org.springframework.test.context.support.DelegatingSmartContextLoader', parent = [null]]]
10:35:26.273 [Test worker] DEBUG org.springframework.test.context.cache - Spring test ApplicationContext cache statistics: [DefaultContextCache@34c4e7c4 size = 1, maxSize = 32, parentContextCount = 0, hitCount = 0, missCount = 1]
10:35:26.275 [Test worker] DEBUG org.springframework.beans.factory.annotation.InjectionMetadata - Processing injected element of bean 'test.frank.bogle.restapi.RestApiTest': AutowiredFieldElement for private org.frank.bogle.rest.TestRestApi test.frank.bogle.restapi.RestApiTest.testRestApi
10:35:26.276 [Test worker] DEBUG org.springframework.beans.factory.support.DefaultListableBeanFactory - Returning cached instance of singleton bean 'testRestApi'
10:35:26.276 [Test worker] DEBUG org.springframework.beans.factory.annotation.AutowiredAnnotationBeanPostProcessor - Autowiring by type from bean name 'test.frank.bogle.restapi.RestApiTest' to bean named 'testRestApi'
10:35:26.292 [Test worker] DEBUG org.springframework.test.context.support.AbstractDirtiesContextTestExecutionListener - Before test method: context [DefaultTestContext@4d41b6f0 testClass = RestApiTest, testInstance = test.frank.bogle.restapi.RestApiTest@7bf9a643, testMethod = testRestSinglePerson@RestApiTest, testException = [null], mergedContextConfiguration = [MergedContextConfiguration@24f09b8f testClass = RestApiTest, locations = '{}', classes = '{class org.frank.bogle.rest.TestRestApi, class org.frank.bogle.config.RestConfig}', contextInitializerClasses = '[]', activeProfiles = '{}', propertySourceLocations = '{}', propertySourceProperties = '{}', contextCustomizers = set[org.springframework.boot.test.context.filter.ExcludeFilterContextCustomizer@69df7d87, org.springframework.boot.test.mock.mockito.MockitoContextCustomizer@0, org.springframework.boot.test.autoconfigure.properties.PropertyMappingContextCustomizer@0, org.springframework.boot.test.autoconfigure.web.servlet.WebDriverContextCustomizerFactory$Customizer@722166e6], contextLoader = 'org.springframework.test.context.support.DelegatingSmartContextLoader', parent = [null]]], class annotated with @DirtiesContext [false] with mode [null], method annotated with @DirtiesContext [false] with mode [null].
10:35:26.294 [Test worker] DEBUG org.springframework.test.context.cache.DefaultCacheAwareContextLoaderDelegate - Retrieved ApplicationContext from cache with key [[MergedContextConfiguration@24f09b8f testClass = RestApiTest, locations = '{}', classes = '{class org.frank.bogle.rest.TestRestApi, class org.frank.bogle.config.RestConfig}', contextInitializerClasses = '[]', activeProfiles = '{}', propertySourceLocations = '{}', propertySourceProperties = '{}', contextCustomizers = set[org.springframework.boot.test.context.filter.ExcludeFilterContextCustomizer@69df7d87, org.springframework.boot.test.mock.mockito.MockitoContextCustomizer@0, org.springframework.boot.test.autoconfigure.properties.PropertyMappingContextCustomizer@0, org.springframework.boot.test.autoconfigure.web.servlet.WebDriverContextCustomizerFactory$Customizer@722166e6], contextLoader = 'org.springframework.test.context.support.DelegatingSmartContextLoader', parent = [null]]]
10:35:26.294 [Test worker] DEBUG org.springframework.test.context.cache - Spring test ApplicationContext cache statistics: [DefaultContextCache@34c4e7c4 size = 1, maxSize = 32, parentContextCount = 0, hitCount = 1, missCount = 1]
10:35:26.295 [Test worker] DEBUG org.springframework.beans.factory.support.DefaultListableBeanFactory - Returning cached instance of singleton bean 'org.springframework.context.annotation.internalConfigurationAnnotationProcessor'
10:35:26.299 [Test worker] DEBUG org.springframework.beans.factory.support.DefaultListableBeanFactory - Returning cached instance of singleton bean 'org.springframework.context.annotation.internalAutowiredAnnotationProcessor'
10:35:26.299 [Test worker] DEBUG org.springframework.beans.factory.support.DefaultListableBeanFactory - Returning cached instance of singleton bean 'org.springframework.context.annotation.internalRequiredAnnotationProcessor'
10:35:26.299 [Test worker] DEBUG org.springframework.beans.factory.support.DefaultListableBeanFactory - Returning cached instance of singleton bean 'org.springframework.context.annotation.internalCommonAnnotationProcessor'
10:35:26.299 [Test worker] DEBUG org.springframework.beans.factory.support.DefaultListableBeanFactory - Returning cached instance of singleton bean 'org.springframework.context.annotation.internalPersistenceAnnotationProcessor'
10:35:26.299 [Test worker] DEBUG org.springframework.beans.factory.support.DefaultListableBeanFactory - Returning cached instance of singleton bean 'org.springframework.context.event.internalEventListenerProcessor'
10:35:26.299 [Test worker] DEBUG org.springframework.beans.factory.support.DefaultListableBeanFactory - Returning cached instance of singleton bean 'org.springframework.context.event.internalEventListenerFactory'
10:35:26.299 [Test worker] DEBUG org.springframework.beans.factory.support.DefaultListableBeanFactory - Returning cached instance of singleton bean 'testRestApi'
10:35:26.299 [Test worker] DEBUG org.springframework.beans.factory.support.DefaultListableBeanFactory - Returning cached instance of singleton bean 'restConfig'
10:35:26.299 [Test worker] DEBUG org.springframework.beans.factory.support.DefaultListableBeanFactory - Returning cached instance of singleton bean 'org.springframework.boot.test.mock.mockito.MockitoPostProcessor$SpyPostProcessor'
10:35:26.299 [Test worker] DEBUG org.springframework.beans.factory.support.DefaultListableBeanFactory - Returning cached instance of singleton bean 'org.springframework.boot.test.mock.mockito.MockitoPostProcessor'
10:35:26.299 [Test worker] DEBUG org.springframework.beans.factory.support.DefaultListableBeanFactory - Returning cached instance of singleton bean 'org.springframework.context.annotation.ConfigurationClassPostProcessor.importAwareProcessor'
10:35:26.300 [Test worker] DEBUG org.springframework.beans.factory.support.DefaultListableBeanFactory - Returning cached instance of singleton bean 'org.springframework.context.annotation.ConfigurationClassPostProcessor.enhancedConfigurationProcessor'
10:35:26.300 [Test worker] DEBUG org.springframework.beans.factory.support.DefaultListableBeanFactory - Returning cached instance of singleton bean 'builder'
10:35:26.300 [Test worker] DEBUG org.springframework.beans.factory.support.DefaultListableBeanFactory - Returning cached instance of singleton bean 'restTemplate'
10:35:26.300 [Test worker] DEBUG org.springframework.beans.factory.support.DefaultListableBeanFactory - Returning cached instance of singleton bean 'org.springframework.boot.test.mock.mockito.MockitoBeans'
10:35:26.315 [Test worker] DEBUG org.springframework.web.client.RestTemplate - Created GET request for "http://yapreunion30.cfapps.io/person/5799f02c3b7a1f0f276f6da7"
10:35:26.345 [Test worker] DEBUG org.springframework.web.client.RestTemplate - Setting request Accept header to [application/json, application/*+json]
10:35:26.353 [Test worker] DEBUG org.apache.http.client.protocol.RequestAddCookies - CookieSpec selected: default
10:35:26.359 [Test worker] DEBUG org.apache.http.client.protocol.RequestAuthCache - Auth cache not set in the context
10:35:26.361 [Test worker] DEBUG org.apache.http.impl.conn.PoolingHttpClientConnectionManager - Connection request: [route: {}->http://yapreunion30.cfapps.io:80][total kept alive: 0; route allocated: 0 of 5; total allocated: 0 of 10]
10:35:26.407 [Test worker] DEBUG org.apache.http.impl.conn.PoolingHttpClientConnectionManager - Connection leased: [id: 0][route: {}->http://yapreunion30.cfapps.io:80][total kept alive: 0; route allocated: 1 of 5; total allocated: 1 of 10]
10:35:26.408 [Test worker] DEBUG org.apache.http.impl.execchain.MainClientExec - Opening connection {}->http://yapreunion30.cfapps.io:80
10:35:26.450 [Test worker] DEBUG org.apache.http.impl.conn.DefaultHttpClientConnectionOperator - Connecting to yapreunion30.cfapps.io/34.192.77.235:80
10:35:26.572 [Test worker] DEBUG org.apache.http.impl.conn.DefaultHttpClientConnectionOperator - Connection established 192.168.1.64:58568<->34.192.77.235:80
10:35:26.573 [Test worker] DEBUG org.apache.http.impl.execchain.MainClientExec - Executing request GET /person/5799f02c3b7a1f0f276f6da7 HTTP/1.1
10:35:26.573 [Test worker] DEBUG org.apache.http.impl.execchain.MainClientExec - Target auth state: UNCHALLENGED
10:35:26.573 [Test worker] DEBUG org.apache.http.impl.execchain.MainClientExec - Proxy auth state: UNCHALLENGED
10:35:26.575 [Test worker] DEBUG org.apache.http.headers - http-outgoing-0 >> GET /person/5799f02c3b7a1f0f276f6da7 HTTP/1.1
10:35:26.575 [Test worker] DEBUG org.apache.http.headers - http-outgoing-0 >> Accept: application/json, application/*+json
10:35:26.575 [Test worker] DEBUG org.apache.http.headers - http-outgoing-0 >> Host: yapreunion30.cfapps.io
10:35:26.575 [Test worker] DEBUG org.apache.http.headers - http-outgoing-0 >> Connection: Keep-Alive
10:35:26.575 [Test worker] DEBUG org.apache.http.headers - http-outgoing-0 >> User-Agent: Apache-HttpClient/4.5.2 (Java/1.8.0_101)
10:35:26.575 [Test worker] DEBUG org.apache.http.headers - http-outgoing-0 >> Accept-Encoding: gzip,deflate
10:35:26.575 [Test worker] DEBUG org.apache.http.wire - http-outgoing-0 >> "GET /person/5799f02c3b7a1f0f276f6da7 HTTP/1.1[\r][\n]"
10:35:26.575 [Test worker] DEBUG org.apache.http.wire - http-outgoing-0 >> "Accept: application/json, application/*+json[\r][\n]"
10:35:26.575 [Test worker] DEBUG org.apache.http.wire - http-outgoing-0 >> "Host: yapreunion30.cfapps.io[\r][\n]"
10:35:26.575 [Test worker] DEBUG org.apache.http.wire - http-outgoing-0 >> "Connection: Keep-Alive[\r][\n]"
10:35:26.575 [Test worker] DEBUG org.apache.http.wire - http-outgoing-0 >> "User-Agent: Apache-HttpClient/4.5.2 (Java/1.8.0_101)[\r][\n]"
10:35:26.576 [Test worker] DEBUG org.apache.http.wire - http-outgoing-0 >> "Accept-Encoding: gzip,deflate[\r][\n]"
10:35:26.576 [Test worker] DEBUG org.apache.http.wire - http-outgoing-0 >> "[\r][\n]"
10:35:26.686 [Test worker] DEBUG org.apache.http.wire - http-outgoing-0 << "HTTP/1.1 302 Found[\r][\n]"
10:35:26.687 [Test worker] DEBUG org.apache.http.wire - http-outgoing-0 << "Cache-Control: no-cache, no-store, max-age=0, must-revalidate[\r][\n]"
10:35:26.687 [Test worker] DEBUG org.apache.http.wire - http-outgoing-0 << "Content-Type: application/json[\r][\n]"
10:35:26.687 [Test worker] DEBUG org.apache.http.wire - http-outgoing-0 << "Date: Sat, 21 Jan 2017 10:35:26 GMT[\r][\n]"
10:35:26.687 [Test worker] DEBUG org.apache.http.wire - http-outgoing-0 << "Expires: 0[\r][\n]"
10:35:26.687 [Test worker] DEBUG org.apache.http.wire - http-outgoing-0 << "Pragma: no-cache[\r][\n]"
10:35:26.687 [Test worker] DEBUG org.apache.http.wire - http-outgoing-0 << "X-Application-Context: yapreunion30:cloud:0[\r][\n]"
10:35:26.687 [Test worker] DEBUG org.apache.http.wire - http-outgoing-0 << "X-Content-Type-Options: nosniff[\r][\n]"
10:35:26.687 [Test worker] DEBUG org.apache.http.wire - http-outgoing-0 << "X-Frame-Options: DENY[\r][\n]"
10:35:26.687 [Test worker] DEBUG org.apache.http.wire - http-outgoing-0 << "X-Vcap-Request-Id: 4f6038a4-af44-4ea5-6ed3-c62fe1a70a69[\r][\n]"
10:35:26.687 [Test worker] DEBUG org.apache.http.wire - http-outgoing-0 << "X-Xss-Protection: 1; mode=block[\r][\n]"
10:35:26.687 [Test worker] DEBUG org.apache.http.wire - http-outgoing-0 << "Content-Length: 167[\r][\n]"
10:35:26.687 [Test worker] DEBUG org.apache.http.wire - http-outgoing-0 << "Connection: keep-alive[\r][\n]"
10:35:26.687 [Test worker] DEBUG org.apache.http.wire - http-outgoing-0 << "[\r][\n]"
10:35:26.687 [Test worker] DEBUG org.apache.http.wire - http-outgoing-0 << "{[\n]"
10:35:26.688 [Test worker] DEBUG org.apache.http.wire - http-outgoing-0 << "  "id" : "5799f02c3b7a1f0f276f6da7",[\n]"
10:35:26.688 [Test worker] DEBUG org.apache.http.wire - http-outgoing-0 << "  "email" : "realucy@yahoo.co.uk",[\n]"
10:35:26.688 [Test worker] DEBUG org.apache.http.wire - http-outgoing-0 << "  "firstName" : "Lucy",[\n]"
10:35:26.688 [Test worker] DEBUG org.apache.http.wire - http-outgoing-0 << "  "lastName" : "Bennett nee rea",[\n]"
10:35:26.688 [Test worker] DEBUG org.apache.http.wire - http-outgoing-0 << "  "contactMobile" : "07971461917"[\n]"
10:35:26.688 [Test worker] DEBUG org.apache.http.wire - http-outgoing-0 << "}"
10:35:26.690 [Test worker] DEBUG org.apache.http.headers - http-outgoing-0 << HTTP/1.1 302 Found
10:35:26.690 [Test worker] DEBUG org.apache.http.headers - http-outgoing-0 << Cache-Control: no-cache, no-store, max-age=0, must-revalidate
10:35:26.690 [Test worker] DEBUG org.apache.http.headers - http-outgoing-0 << Content-Type: application/json
10:35:26.690 [Test worker] DEBUG org.apache.http.headers - http-outgoing-0 << Date: Sat, 21 Jan 2017 10:35:26 GMT
10:35:26.690 [Test worker] DEBUG org.apache.http.headers - http-outgoing-0 << Expires: 0
10:35:26.690 [Test worker] DEBUG org.apache.http.headers - http-outgoing-0 << Pragma: no-cache
10:35:26.691 [Test worker] DEBUG org.apache.http.headers - http-outgoing-0 << X-Application-Context: yapreunion30:cloud:0
10:35:26.691 [Test worker] DEBUG org.apache.http.headers - http-outgoing-0 << X-Content-Type-Options: nosniff
10:35:26.691 [Test worker] DEBUG org.apache.http.headers - http-outgoing-0 << X-Frame-Options: DENY
10:35:26.691 [Test worker] DEBUG org.apache.http.headers - http-outgoing-0 << X-Vcap-Request-Id: 4f6038a4-af44-4ea5-6ed3-c62fe1a70a69
10:35:26.691 [Test worker] DEBUG org.apache.http.headers - http-outgoing-0 << X-Xss-Protection: 1; mode=block
10:35:26.691 [Test worker] DEBUG org.apache.http.headers - http-outgoing-0 << Content-Length: 167
10:35:26.691 [Test worker] DEBUG org.apache.http.headers - http-outgoing-0 << Connection: keep-alive
10:35:26.695 [Test worker] DEBUG org.apache.http.impl.execchain.MainClientExec - Connection can be kept alive indefinitely
10:35:26.698 [Test worker] DEBUG org.springframework.web.client.RestTemplate - GET request for "http://yapreunion30.cfapps.io/person/5799f02c3b7a1f0f276f6da7" resulted in 302 (Found)
10:35:26.699 [Test worker] DEBUG org.springframework.web.client.RestTemplate - Reading [class org.frank.bogle.model.Person] as "application/json" using [org.springframework.http.converter.json.MappingJackson2HttpMessageConverter@f8c6834]
10:35:26.708 [Test worker] DEBUG org.apache.http.impl.conn.PoolingHttpClientConnectionManager - Connection [id: 0][route: {}->http://yapreunion30.cfapps.io:80] can be kept alive indefinitely
10:35:26.709 [Test worker] DEBUG org.apache.http.impl.conn.PoolingHttpClientConnectionManager - Connection released: [id: 0][route: {}->http://yapreunion30.cfapps.io:80][total kept alive: 1; route allocated: 1 of 5; total allocated: 1 of 10]
10:35:26.711 [Test worker] DEBUG org.springframework.test.context.cache.DefaultCacheAwareContextLoaderDelegate - Retrieved ApplicationContext from cache with key [[MergedContextConfiguration@24f09b8f testClass = RestApiTest, locations = '{}', classes = '{class org.frank.bogle.rest.TestRestApi, class org.frank.bogle.config.RestConfig}', contextInitializerClasses = '[]', activeProfiles = '{}', propertySourceLocations = '{}', propertySourceProperties = '{}', contextCustomizers = set[org.springframework.boot.test.context.filter.ExcludeFilterContextCustomizer@69df7d87, org.springframework.boot.test.mock.mockito.MockitoContextCustomizer@0, org.springframework.boot.test.autoconfigure.properties.PropertyMappingContextCustomizer@0, org.springframework.boot.test.autoconfigure.web.servlet.WebDriverContextCustomizerFactory$Customizer@722166e6], contextLoader = 'org.springframework.test.context.support.DelegatingSmartContextLoader', parent = [null]]]
10:35:26.711 [Test worker] DEBUG org.springframework.test.context.cache - Spring test ApplicationContext cache statistics: [DefaultContextCache@34c4e7c4 size = 1, maxSize = 32, parentContextCount = 0, hitCount = 2, missCount = 1]
10:35:26.711 [Test worker] DEBUG org.springframework.beans.factory.support.DefaultListableBeanFactory - Returning cached instance of singleton bean 'org.springframework.context.annotation.internalConfigurationAnnotationProcessor'
10:35:26.711 [Test worker] DEBUG org.springframework.beans.factory.support.DefaultListableBeanFactory - Returning cached instance of singleton bean 'org.springframework.context.annotation.internalAutowiredAnnotationProcessor'
10:35:26.711 [Test worker] DEBUG org.springframework.beans.factory.support.DefaultListableBeanFactory - Returning cached instance of singleton bean 'org.springframework.context.annotation.internalRequiredAnnotationProcessor'
10:35:26.711 [Test worker] DEBUG org.springframework.beans.factory.support.DefaultListableBeanFactory - Returning cached instance of singleton bean 'org.springframework.context.annotation.internalCommonAnnotationProcessor'
10:35:26.711 [Test worker] DEBUG org.springframework.beans.factory.support.DefaultListableBeanFactory - Returning cached instance of singleton bean 'org.springframework.context.annotation.internalPersistenceAnnotationProcessor'
10:35:26.711 [Test worker] DEBUG org.springframework.beans.factory.support.DefaultListableBeanFactory - Returning cached instance of singleton bean 'org.springframework.context.event.internalEventListenerProcessor'
10:35:26.711 [Test worker] DEBUG org.springframework.beans.factory.support.DefaultListableBeanFactory - Returning cached instance of singleton bean 'org.springframework.context.event.internalEventListenerFactory'
10:35:26.711 [Test worker] DEBUG org.springframework.beans.factory.support.DefaultListableBeanFactory - Returning cached instance of singleton bean 'testRestApi'
10:35:26.711 [Test worker] DEBUG org.springframework.beans.factory.support.DefaultListableBeanFactory - Returning cached instance of singleton bean 'restConfig'
10:35:26.711 [Test worker] DEBUG org.springframework.beans.factory.support.DefaultListableBeanFactory - Returning cached instance of singleton bean 'org.springframework.boot.test.mock.mockito.MockitoPostProcessor$SpyPostProcessor'
10:35:26.711 [Test worker] DEBUG org.springframework.beans.factory.support.DefaultListableBeanFactory - Returning cached instance of singleton bean 'org.springframework.boot.test.mock.mockito.MockitoPostProcessor'
10:35:26.711 [Test worker] DEBUG org.springframework.beans.factory.support.DefaultListableBeanFactory - Returning cached instance of singleton bean 'org.springframework.context.annotation.ConfigurationClassPostProcessor.importAwareProcessor'
10:35:26.711 [Test worker] DEBUG org.springframework.beans.factory.support.DefaultListableBeanFactory - Returning cached instance of singleton bean 'org.springframework.context.annotation.ConfigurationClassPostProcessor.enhancedConfigurationProcessor'
10:35:26.711 [Test worker] DEBUG org.springframework.beans.factory.support.DefaultListableBeanFactory - Returning cached instance of singleton bean 'builder'
10:35:26.711 [Test worker] DEBUG org.springframework.beans.factory.support.DefaultListableBeanFactory - Returning cached instance of singleton bean 'restTemplate'
10:35:26.711 [Test worker] DEBUG org.springframework.beans.factory.support.DefaultListableBeanFactory - Returning cached instance of singleton bean 'org.springframework.boot.test.mock.mockito.MockitoBeans'
10:35:26.711 [Test worker] DEBUG org.springframework.test.context.cache.DefaultCacheAwareContextLoaderDelegate - Retrieved ApplicationContext from cache with key [[MergedContextConfiguration@24f09b8f testClass = RestApiTest, locations = '{}', classes = '{class org.frank.bogle.rest.TestRestApi, class org.frank.bogle.config.RestConfig}', contextInitializerClasses = '[]', activeProfiles = '{}', propertySourceLocations = '{}', propertySourceProperties = '{}', contextCustomizers = set[org.springframework.boot.test.context.filter.ExcludeFilterContextCustomizer@69df7d87, org.springframework.boot.test.mock.mockito.MockitoContextCustomizer@0, org.springframework.boot.test.autoconfigure.properties.PropertyMappingContextCustomizer@0, org.springframework.boot.test.autoconfigure.web.servlet.WebDriverContextCustomizerFactory$Customizer@722166e6], contextLoader = 'org.springframework.test.context.support.DelegatingSmartContextLoader', parent = [null]]]
10:35:26.711 [Test worker] DEBUG org.springframework.test.context.cache - Spring test ApplicationContext cache statistics: [DefaultContextCache@34c4e7c4 size = 1, maxSize = 32, parentContextCount = 0, hitCount = 3, missCount = 1]
10:35:26.712 [Test worker] DEBUG org.springframework.test.context.cache.DefaultCacheAwareContextLoaderDelegate - Retrieved ApplicationContext from cache with key [[MergedContextConfiguration@24f09b8f testClass = RestApiTest, locations = '{}', classes = '{class org.frank.bogle.rest.TestRestApi, class org.frank.bogle.config.RestConfig}', contextInitializerClasses = '[]', activeProfiles = '{}', propertySourceLocations = '{}', propertySourceProperties = '{}', contextCustomizers = set[org.springframework.boot.test.context.filter.ExcludeFilterContextCustomizer@69df7d87, org.springframework.boot.test.mock.mockito.MockitoContextCustomizer@0, org.springframework.boot.test.autoconfigure.properties.PropertyMappingContextCustomizer@0, org.springframework.boot.test.autoconfigure.web.servlet.WebDriverContextCustomizerFactory$Customizer@722166e6], contextLoader = 'org.springframework.test.context.support.DelegatingSmartContextLoader', parent = [null]]]
10:35:26.712 [Test worker] DEBUG org.springframework.test.context.cache - Spring test ApplicationContext cache statistics: [DefaultContextCache@34c4e7c4 size = 1, maxSize = 32, parentContextCount = 0, hitCount = 4, missCount = 1]
10:35:26.713 [Test worker] DEBUG org.springframework.test.context.support.AbstractDirtiesContextTestExecutionListener - After test method: context [DefaultTestContext@4d41b6f0 testClass = RestApiTest, testInstance = test.frank.bogle.restapi.RestApiTest@7bf9a643, testMethod = testRestSinglePerson@RestApiTest, testException = [null], mergedContextConfiguration = [MergedContextConfiguration@24f09b8f testClass = RestApiTest, locations = '{}', classes = '{class org.frank.bogle.rest.TestRestApi, class org.frank.bogle.config.RestConfig}', contextInitializerClasses = '[]', activeProfiles = '{}', propertySourceLocations = '{}', propertySourceProperties = '{}', contextCustomizers = set[org.springframework.boot.test.context.filter.ExcludeFilterContextCustomizer@69df7d87, org.springframework.boot.test.mock.mockito.MockitoContextCustomizer@0, org.springframework.boot.test.autoconfigure.properties.PropertyMappingContextCustomizer@0, org.springframework.boot.test.autoconfigure.web.servlet.WebDriverContextCustomizerFactory$Customizer@722166e6], contextLoader = 'org.springframework.test.context.support.DelegatingSmartContextLoader', parent = [null]]], class annotated with @DirtiesContext [false] with mode [null], method annotated with @DirtiesContext [false] with mode [null].
10:35:26.714 [Test worker] DEBUG org.springframework.test.annotation.ProfileValueUtils - Retrieved @ProfileValueSourceConfiguration [null] for test class [test.frank.bogle.restapi.RestApiTest]
10:35:26.714 [Test worker] DEBUG org.springframework.test.annotation.ProfileValueUtils - Retrieved ProfileValueSource type [class org.springframework.test.annotation.SystemProfileValueSource] for class [test.frank.bogle.restapi.RestApiTest]
10:35:26.715 [Test worker] DEBUG org.springframework.test.context.support.DependencyInjectionTestExecutionListener - Performing dependency injection for test context [[DefaultTestContext@4d41b6f0 testClass = RestApiTest, testInstance = test.frank.bogle.restapi.RestApiTest@c28fd73, testMethod = [null], testException = [null], mergedContextConfiguration = [MergedContextConfiguration@24f09b8f testClass = RestApiTest, locations = '{}', classes = '{class org.frank.bogle.rest.TestRestApi, class org.frank.bogle.config.RestConfig}', contextInitializerClasses = '[]', activeProfiles = '{}', propertySourceLocations = '{}', propertySourceProperties = '{}', contextCustomizers = set[org.springframework.boot.test.context.filter.ExcludeFilterContextCustomizer@69df7d87, org.springframework.boot.test.mock.mockito.MockitoContextCustomizer@0, org.springframework.boot.test.autoconfigure.properties.PropertyMappingContextCustomizer@0, org.springframework.boot.test.autoconfigure.web.servlet.WebDriverContextCustomizerFactory$Customizer@722166e6], contextLoader = 'org.springframework.test.context.support.DelegatingSmartContextLoader', parent = [null]]]].
10:35:26.715 [Test worker] DEBUG org.springframework.test.context.cache.DefaultCacheAwareContextLoaderDelegate - Retrieved ApplicationContext from cache with key [[MergedContextConfiguration@24f09b8f testClass = RestApiTest, locations = '{}', classes = '{class org.frank.bogle.rest.TestRestApi, class org.frank.bogle.config.RestConfig}', contextInitializerClasses = '[]', activeProfiles = '{}', propertySourceLocations = '{}', propertySourceProperties = '{}', contextCustomizers = set[org.springframework.boot.test.context.filter.ExcludeFilterContextCustomizer@69df7d87, org.springframework.boot.test.mock.mockito.MockitoContextCustomizer@0, org.springframework.boot.test.autoconfigure.properties.PropertyMappingContextCustomizer@0, org.springframework.boot.test.autoconfigure.web.servlet.WebDriverContextCustomizerFactory$Customizer@722166e6], contextLoader = 'org.springframework.test.context.support.DelegatingSmartContextLoader', parent = [null]]]
10:35:26.715 [Test worker] DEBUG org.springframework.test.context.cache - Spring test ApplicationContext cache statistics: [DefaultContextCache@34c4e7c4 size = 1, maxSize = 32, parentContextCount = 0, hitCount = 5, missCount = 1]
10:35:26.715 [Test worker] DEBUG org.springframework.beans.factory.annotation.InjectionMetadata - Processing injected element of bean 'test.frank.bogle.restapi.RestApiTest': AutowiredFieldElement for private org.frank.bogle.rest.TestRestApi test.frank.bogle.restapi.RestApiTest.testRestApi
10:35:26.715 [Test worker] DEBUG org.springframework.beans.factory.support.DefaultListableBeanFactory - Returning cached instance of singleton bean 'testRestApi'
10:35:26.717 [Test worker] DEBUG org.springframework.test.context.support.AbstractDirtiesContextTestExecutionListener - Before test method: context [DefaultTestContext@4d41b6f0 testClass = RestApiTest, testInstance = test.frank.bogle.restapi.RestApiTest@c28fd73, testMethod = testRestApiRegister@RestApiTest, testException = [null], mergedContextConfiguration = [MergedContextConfiguration@24f09b8f testClass = RestApiTest, locations = '{}', classes = '{class org.frank.bogle.rest.TestRestApi, class org.frank.bogle.config.RestConfig}', contextInitializerClasses = '[]', activeProfiles = '{}', propertySourceLocations = '{}', propertySourceProperties = '{}', contextCustomizers = set[org.springframework.boot.test.context.filter.ExcludeFilterContextCustomizer@69df7d87, org.springframework.boot.test.mock.mockito.MockitoContextCustomizer@0, org.springframework.boot.test.autoconfigure.properties.PropertyMappingContextCustomizer@0, org.springframework.boot.test.autoconfigure.web.servlet.WebDriverContextCustomizerFactory$Customizer@722166e6], contextLoader = 'org.springframework.test.context.support.DelegatingSmartContextLoader', parent = [null]]], class annotated with @DirtiesContext [false] with mode [null], method annotated with @DirtiesContext [false] with mode [null].
10:35:26.720 [Test worker] DEBUG org.springframework.test.context.cache.DefaultCacheAwareContextLoaderDelegate - Retrieved ApplicationContext from cache with key [[MergedContextConfiguration@24f09b8f testClass = RestApiTest, locations = '{}', classes = '{class org.frank.bogle.rest.TestRestApi, class org.frank.bogle.config.RestConfig}', contextInitializerClasses = '[]', activeProfiles = '{}', propertySourceLocations = '{}', propertySourceProperties = '{}', contextCustomizers = set[org.springframework.boot.test.context.filter.ExcludeFilterContextCustomizer@69df7d87, org.springframework.boot.test.mock.mockito.MockitoContextCustomizer@0, org.springframework.boot.test.autoconfigure.properties.PropertyMappingContextCustomizer@0, org.springframework.boot.test.autoconfigure.web.servlet.WebDriverContextCustomizerFactory$Customizer@722166e6], contextLoader = 'org.springframework.test.context.support.DelegatingSmartContextLoader', parent = [null]]]
10:35:26.720 [Test worker] DEBUG org.springframework.test.context.cache - Spring test ApplicationContext cache statistics: [DefaultContextCache@34c4e7c4 size = 1, maxSize = 32, parentContextCount = 0, hitCount = 6, missCount = 1]
10:35:26.721 [Test worker] DEBUG org.springframework.beans.factory.support.DefaultListableBeanFactory - Returning cached instance of singleton bean 'org.springframework.context.annotation.internalConfigurationAnnotationProcessor'
10:35:26.721 [Test worker] DEBUG org.springframework.beans.factory.support.DefaultListableBeanFactory - Returning cached instance of singleton bean 'org.springframework.context.annotation.internalAutowiredAnnotationProcessor'
10:35:26.722 [Test worker] DEBUG org.springframework.beans.factory.support.DefaultListableBeanFactory - Returning cached instance of singleton bean 'org.springframework.context.annotation.internalRequiredAnnotationProcessor'
10:35:26.722 [Test worker] DEBUG org.springframework.beans.factory.support.DefaultListableBeanFactory - Returning cached instance of singleton bean 'org.springframework.context.annotation.internalCommonAnnotationProcessor'
10:35:26.722 [Test worker] DEBUG org.springframework.beans.factory.support.DefaultListableBeanFactory - Returning cached instance of singleton bean 'org.springframework.context.annotation.internalPersistenceAnnotationProcessor'
10:35:26.722 [Test worker] DEBUG org.springframework.beans.factory.support.DefaultListableBeanFactory - Returning cached instance of singleton bean 'org.springframework.context.event.internalEventListenerProcessor'
10:35:26.723 [Test worker] DEBUG org.springframework.beans.factory.support.DefaultListableBeanFactory - Returning cached instance of singleton bean 'org.springframework.context.event.internalEventListenerFactory'
10:35:26.723 [Test worker] DEBUG org.springframework.beans.factory.support.DefaultListableBeanFactory - Returning cached instance of singleton bean 'testRestApi'
10:35:26.723 [Test worker] DEBUG org.springframework.beans.factory.support.DefaultListableBeanFactory - Returning cached instance of singleton bean 'restConfig'
10:35:26.724 [Test worker] DEBUG org.springframework.beans.factory.support.DefaultListableBeanFactory - Returning cached instance of singleton bean 'org.springframework.boot.test.mock.mockito.MockitoPostProcessor$SpyPostProcessor'
10:35:26.724 [Test worker] DEBUG org.springframework.beans.factory.support.DefaultListableBeanFactory - Returning cached instance of singleton bean 'org.springframework.boot.test.mock.mockito.MockitoPostProcessor'
10:35:26.724 [Test worker] DEBUG org.springframework.beans.factory.support.DefaultListableBeanFactory - Returning cached instance of singleton bean 'org.springframework.context.annotation.ConfigurationClassPostProcessor.importAwareProcessor'
10:35:26.724 [Test worker] DEBUG org.springframework.beans.factory.support.DefaultListableBeanFactory - Returning cached instance of singleton bean 'org.springframework.context.annotation.ConfigurationClassPostProcessor.enhancedConfigurationProcessor'
10:35:26.724 [Test worker] DEBUG org.springframework.beans.factory.support.DefaultListableBeanFactory - Returning cached instance of singleton bean 'builder'
10:35:26.725 [Test worker] DEBUG org.springframework.beans.factory.support.DefaultListableBeanFactory - Returning cached instance of singleton bean 'restTemplate'
10:35:26.725 [Test worker] DEBUG org.springframework.beans.factory.support.DefaultListableBeanFactory - Returning cached instance of singleton bean 'org.springframework.boot.test.mock.mockito.MockitoBeans'
10:35:26.726 [Test worker] DEBUG org.springframework.web.client.RestTemplate - Created POST request for "http://yapreunion30.cfapps.io/register"
10:35:26.726 [Test worker] DEBUG org.springframework.web.client.RestTemplate - Setting request Accept header to [text/plain, application/json, application/*+json, */*]
10:35:26.734 [Test worker] DEBUG org.springframework.web.client.RestTemplate - Writing [Person{id='null', email='Rest Test Email', firstName='Rest Test Firstname', lastName='Rest Test Lastname', contactMobile='Rest Test Mobile'}] using [org.springframework.http.converter.json.MappingJackson2HttpMessageConverter@f8c6834]
10:35:26.741 [Test worker] DEBUG org.apache.http.client.protocol.RequestAddCookies - CookieSpec selected: default
10:35:26.741 [Test worker] DEBUG org.apache.http.client.protocol.RequestAuthCache - Auth cache not set in the context
10:35:26.741 [Test worker] DEBUG org.apache.http.impl.conn.PoolingHttpClientConnectionManager - Connection request: [route: {}->http://yapreunion30.cfapps.io:80][total kept alive: 1; route allocated: 1 of 5; total allocated: 1 of 10]
10:35:26.741 [Test worker] DEBUG org.apache.http.impl.conn.PoolingHttpClientConnectionManager - Connection leased: [id: 0][route: {}->http://yapreunion30.cfapps.io:80][total kept alive: 0; route allocated: 1 of 5; total allocated: 1 of 10]
10:35:26.741 [Test worker] DEBUG org.apache.http.impl.execchain.MainClientExec - Executing request POST /register HTTP/1.1
10:35:26.741 [Test worker] DEBUG org.apache.http.impl.execchain.MainClientExec - Target auth state: UNCHALLENGED
10:35:26.741 [Test worker] DEBUG org.apache.http.impl.execchain.MainClientExec - Proxy auth state: UNCHALLENGED
10:35:26.742 [Test worker] DEBUG org.apache.http.headers - http-outgoing-0 >> POST /register HTTP/1.1
10:35:26.742 [Test worker] DEBUG org.apache.http.headers - http-outgoing-0 >> Accept: text/plain, application/json, application/*+json, */*
10:35:26.742 [Test worker] DEBUG org.apache.http.headers - http-outgoing-0 >> Content-Type: application/json;charset=UTF-8
10:35:26.742 [Test worker] DEBUG org.apache.http.headers - http-outgoing-0 >> Content-Length: 138
10:35:26.742 [Test worker] DEBUG org.apache.http.headers - http-outgoing-0 >> Host: yapreunion30.cfapps.io
10:35:26.742 [Test worker] DEBUG org.apache.http.headers - http-outgoing-0 >> Connection: Keep-Alive
10:35:26.742 [Test worker] DEBUG org.apache.http.headers - http-outgoing-0 >> User-Agent: Apache-HttpClient/4.5.2 (Java/1.8.0_101)
10:35:26.742 [Test worker] DEBUG org.apache.http.headers - http-outgoing-0 >> Accept-Encoding: gzip,deflate
10:35:26.742 [Test worker] DEBUG org.apache.http.wire - http-outgoing-0 >> "POST /register HTTP/1.1[\r][\n]"
10:35:26.742 [Test worker] DEBUG org.apache.http.wire - http-outgoing-0 >> "Accept: text/plain, application/json, application/*+json, */*[\r][\n]"
10:35:26.742 [Test worker] DEBUG org.apache.http.wire - http-outgoing-0 >> "Content-Type: application/json;charset=UTF-8[\r][\n]"
10:35:26.742 [Test worker] DEBUG org.apache.http.wire - http-outgoing-0 >> "Content-Length: 138[\r][\n]"
10:35:26.742 [Test worker] DEBUG org.apache.http.wire - http-outgoing-0 >> "Host: yapreunion30.cfapps.io[\r][\n]"
10:35:26.742 [Test worker] DEBUG org.apache.http.wire - http-outgoing-0 >> "Connection: Keep-Alive[\r][\n]"
10:35:26.742 [Test worker] DEBUG org.apache.http.wire - http-outgoing-0 >> "User-Agent: Apache-HttpClient/4.5.2 (Java/1.8.0_101)[\r][\n]"
10:35:26.742 [Test worker] DEBUG org.apache.http.wire - http-outgoing-0 >> "Accept-Encoding: gzip,deflate[\r][\n]"
10:35:26.743 [Test worker] DEBUG org.apache.http.wire - http-outgoing-0 >> "[\r][\n]"
10:35:26.743 [Test worker] DEBUG org.apache.http.wire - http-outgoing-0 >> "{"id":null,"email":"Rest Test Email","firstName":"Rest Test Firstname","lastName":"Rest Test Lastname","contactMobile":"Rest Test Mobile"}"
10:35:26.854 [Test worker] DEBUG org.apache.http.wire - http-outgoing-0 << "HTTP/1.1 201 Created[\r][\n]"
10:35:26.855 [Test worker] DEBUG org.apache.http.wire - http-outgoing-0 << "Cache-Control: no-cache, no-store, max-age=0, must-revalidate[\r][\n]"
10:35:26.855 [Test worker] DEBUG org.apache.http.wire - http-outgoing-0 << "Date: Sat, 21 Jan 2017 10:35:26 GMT[\r][\n]"
10:35:26.855 [Test worker] DEBUG org.apache.http.wire - http-outgoing-0 << "Expires: 0[\r][\n]"
10:35:26.855 [Test worker] DEBUG org.apache.http.wire - http-outgoing-0 << "Pragma: no-cache[\r][\n]"
10:35:26.855 [Test worker] DEBUG org.apache.http.wire - http-outgoing-0 << "X-Application-Context: yapreunion30:cloud:0[\r][\n]"
10:35:26.855 [Test worker] DEBUG org.apache.http.wire - http-outgoing-0 << "X-Content-Type-Options: nosniff[\r][\n]"
10:35:26.855 [Test worker] DEBUG org.apache.http.wire - http-outgoing-0 << "X-Frame-Options: DENY[\r][\n]"
10:35:26.855 [Test worker] DEBUG org.apache.http.wire - http-outgoing-0 << "X-Vcap-Request-Id: ffa1b7d0-f3cd-4374-507b-d2898f530a5c[\r][\n]"
10:35:26.855 [Test worker] DEBUG org.apache.http.wire - http-outgoing-0 << "X-Xss-Protection: 1; mode=block[\r][\n]"
10:35:26.855 [Test worker] DEBUG org.apache.http.wire - http-outgoing-0 << "Content-Length: 0[\r][\n]"
10:35:26.855 [Test worker] DEBUG org.apache.http.wire - http-outgoing-0 << "Connection: keep-alive[\r][\n]"
10:35:26.855 [Test worker] DEBUG org.apache.http.wire - http-outgoing-0 << "[\r][\n]"
10:35:26.855 [Test worker] DEBUG org.apache.http.headers - http-outgoing-0 << HTTP/1.1 201 Created
10:35:26.855 [Test worker] DEBUG org.apache.http.headers - http-outgoing-0 << Cache-Control: no-cache, no-store, max-age=0, must-revalidate
10:35:26.855 [Test worker] DEBUG org.apache.http.headers - http-outgoing-0 << Date: Sat, 21 Jan 2017 10:35:26 GMT
10:35:26.855 [Test worker] DEBUG org.apache.http.headers - http-outgoing-0 << Expires: 0
10:35:26.855 [Test worker] DEBUG org.apache.http.headers - http-outgoing-0 << Pragma: no-cache
10:35:26.855 [Test worker] DEBUG org.apache.http.headers - http-outgoing-0 << X-Application-Context: yapreunion30:cloud:0
10:35:26.855 [Test worker] DEBUG org.apache.http.headers - http-outgoing-0 << X-Content-Type-Options: nosniff
10:35:26.855 [Test worker] DEBUG org.apache.http.headers - http-outgoing-0 << X-Frame-Options: DENY
10:35:26.856 [Test worker] DEBUG org.apache.http.headers - http-outgoing-0 << X-Vcap-Request-Id: ffa1b7d0-f3cd-4374-507b-d2898f530a5c
10:35:26.856 [Test worker] DEBUG org.apache.http.headers - http-outgoing-0 << X-Xss-Protection: 1; mode=block
10:35:26.856 [Test worker] DEBUG org.apache.http.headers - http-outgoing-0 << Content-Length: 0
10:35:26.856 [Test worker] DEBUG org.apache.http.headers - http-outgoing-0 << Connection: keep-alive
10:35:26.856 [Test worker] DEBUG org.apache.http.impl.execchain.MainClientExec - Connection can be kept alive indefinitely
10:35:26.856 [Test worker] DEBUG org.apache.http.impl.conn.PoolingHttpClientConnectionManager - Connection [id: 0][route: {}->http://yapreunion30.cfapps.io:80] can be kept alive indefinitely
10:35:26.856 [Test worker] DEBUG org.apache.http.impl.conn.PoolingHttpClientConnectionManager - Connection released: [id: 0][route: {}->http://yapreunion30.cfapps.io:80][total kept alive: 1; route allocated: 1 of 5; total allocated: 1 of 10]
10:35:26.857 [Test worker] DEBUG org.springframework.web.client.RestTemplate - POST request for "http://yapreunion30.cfapps.io/register" resulted in 201 (Created)
10:35:26.857 [Test worker] DEBUG org.springframework.test.context.cache.DefaultCacheAwareContextLoaderDelegate - Retrieved ApplicationContext from cache with key [[MergedContextConfiguration@24f09b8f testClass = RestApiTest, locations = '{}', classes = '{class org.frank.bogle.rest.TestRestApi, class org.frank.bogle.config.RestConfig}', contextInitializerClasses = '[]', activeProfiles = '{}', propertySourceLocations = '{}', propertySourceProperties = '{}', contextCustomizers = set[org.springframework.boot.test.context.filter.ExcludeFilterContextCustomizer@69df7d87, org.springframework.boot.test.mock.mockito.MockitoContextCustomizer@0, org.springframework.boot.test.autoconfigure.properties.PropertyMappingContextCustomizer@0, org.springframework.boot.test.autoconfigure.web.servlet.WebDriverContextCustomizerFactory$Customizer@722166e6], contextLoader = 'org.springframework.test.context.support.DelegatingSmartContextLoader', parent = [null]]]
10:35:26.857 [Test worker] DEBUG org.springframework.test.context.cache - Spring test ApplicationContext cache statistics: [DefaultContextCache@34c4e7c4 size = 1, maxSize = 32, parentContextCount = 0, hitCount = 7, missCount = 1]
10:35:26.857 [Test worker] DEBUG org.springframework.beans.factory.support.DefaultListableBeanFactory - Returning cached instance of singleton bean 'org.springframework.context.annotation.internalConfigurationAnnotationProcessor'
10:35:26.857 [Test worker] DEBUG org.springframework.beans.factory.support.DefaultListableBeanFactory - Returning cached instance of singleton bean 'org.springframework.context.annotation.internalAutowiredAnnotationProcessor'
10:35:26.857 [Test worker] DEBUG org.springframework.beans.factory.support.DefaultListableBeanFactory - Returning cached instance of singleton bean 'org.springframework.context.annotation.internalRequiredAnnotationProcessor'
10:35:26.858 [Test worker] DEBUG org.springframework.beans.factory.support.DefaultListableBeanFactory - Returning cached instance of singleton bean 'org.springframework.context.annotation.internalCommonAnnotationProcessor'
10:35:26.858 [Test worker] DEBUG org.springframework.beans.factory.support.DefaultListableBeanFactory - Returning cached instance of singleton bean 'org.springframework.context.annotation.internalPersistenceAnnotationProcessor'
10:35:26.858 [Test worker] DEBUG org.springframework.beans.factory.support.DefaultListableBeanFactory - Returning cached instance of singleton bean 'org.springframework.context.event.internalEventListenerProcessor'
10:35:26.858 [Test worker] DEBUG org.springframework.beans.factory.support.DefaultListableBeanFactory - Returning cached instance of singleton bean 'org.springframework.context.event.internalEventListenerFactory'
10:35:26.858 [Test worker] DEBUG org.springframework.beans.factory.support.DefaultListableBeanFactory - Returning cached instance of singleton bean 'testRestApi'
10:35:26.858 [Test worker] DEBUG org.springframework.beans.factory.support.DefaultListableBeanFactory - Returning cached instance of singleton bean 'restConfig'
10:35:26.858 [Test worker] DEBUG org.springframework.beans.factory.support.DefaultListableBeanFactory - Returning cached instance of singleton bean 'org.springframework.boot.test.mock.mockito.MockitoPostProcessor$SpyPostProcessor'
10:35:26.858 [Test worker] DEBUG org.springframework.beans.factory.support.DefaultListableBeanFactory - Returning cached instance of singleton bean 'org.springframework.boot.test.mock.mockito.MockitoPostProcessor'
10:35:26.858 [Test worker] DEBUG org.springframework.beans.factory.support.DefaultListableBeanFactory - Returning cached instance of singleton bean 'org.springframework.context.annotation.ConfigurationClassPostProcessor.importAwareProcessor'
10:35:26.858 [Test worker] DEBUG org.springframework.beans.factory.support.DefaultListableBeanFactory - Returning cached instance of singleton bean 'org.springframework.context.annotation.ConfigurationClassPostProcessor.enhancedConfigurationProcessor'
10:35:26.858 [Test worker] DEBUG org.springframework.beans.factory.support.DefaultListableBeanFactory - Returning cached instance of singleton bean 'builder'
10:35:26.858 [Test worker] DEBUG org.springframework.beans.factory.support.DefaultListableBeanFactory - Returning cached instance of singleton bean 'restTemplate'
10:35:26.859 [Test worker] DEBUG org.springframework.beans.factory.support.DefaultListableBeanFactory - Returning cached instance of singleton bean 'org.springframework.boot.test.mock.mockito.MockitoBeans'
10:35:26.860 [Test worker] DEBUG org.springframework.test.context.cache.DefaultCacheAwareContextLoaderDelegate - Retrieved ApplicationContext from cache with key [[MergedContextConfiguration@24f09b8f testClass = RestApiTest, locations = '{}', classes = '{class org.frank.bogle.rest.TestRestApi, class org.frank.bogle.config.RestConfig}', contextInitializerClasses = '[]', activeProfiles = '{}', propertySourceLocations = '{}', propertySourceProperties = '{}', contextCustomizers = set[org.springframework.boot.test.context.filter.ExcludeFilterContextCustomizer@69df7d87, org.springframework.boot.test.mock.mockito.MockitoContextCustomizer@0, org.springframework.boot.test.autoconfigure.properties.PropertyMappingContextCustomizer@0, org.springframework.boot.test.autoconfigure.web.servlet.WebDriverContextCustomizerFactory$Customizer@722166e6], contextLoader = 'org.springframework.test.context.support.DelegatingSmartContextLoader', parent = [null]]]
10:35:26.860 [Test worker] DEBUG org.springframework.test.context.cache - Spring test ApplicationContext cache statistics: [DefaultContextCache@34c4e7c4 size = 1, maxSize = 32, parentContextCount = 0, hitCount = 8, missCount = 1]
10:35:26.861 [Test worker] DEBUG org.springframework.test.context.cache.DefaultCacheAwareContextLoaderDelegate - Retrieved ApplicationContext from cache with key [[MergedContextConfiguration@24f09b8f testClass = RestApiTest, locations = '{}', classes = '{class org.frank.bogle.rest.TestRestApi, class org.frank.bogle.config.RestConfig}', contextInitializerClasses = '[]', activeProfiles = '{}', propertySourceLocations = '{}', propertySourceProperties = '{}', contextCustomizers = set[org.springframework.boot.test.context.filter.ExcludeFilterContextCustomizer@69df7d87, org.springframework.boot.test.mock.mockito.MockitoContextCustomizer@0, org.springframework.boot.test.autoconfigure.properties.PropertyMappingContextCustomizer@0, org.springframework.boot.test.autoconfigure.web.servlet.WebDriverContextCustomizerFactory$Customizer@722166e6], contextLoader = 'org.springframework.test.context.support.DelegatingSmartContextLoader', parent = [null]]]
10:35:26.861 [Test worker] DEBUG org.springframework.test.context.cache - Spring test ApplicationContext cache statistics: [DefaultContextCache@34c4e7c4 size = 1, maxSize = 32, parentContextCount = 0, hitCount = 9, missCount = 1]
[...]
10:35:27.000 [Test worker] DEBUG org.apache.http.wire - http-outgoing-0 << "  "firstName" : "Rest Test Firstname",[\n]"
10:35:27.000 [Test worker] DEBUG org.apache.http.wire - http-outgoing-0 << "  "lastName" : "Rest Test Lastname",[\n]"
10:35:27.000 [Test worker] DEBUG org.apache.http.wire - http-outgoing-0 << "  "contactMobile" : "Rest Test Mobile"[\n]"
10:35:27.000 [Test worker] DEBUG org.apache.http.wire - http-outgoing-0 << "}, {[\n]"
10:35:27.000 [Test worker] DEBUG org.apache.http.wire - http-outgoing-0 << "  "id" : "588118e29f0ae10014790e3f",[\n]"
10:35:27.000 [Test worker] DEBUG org.apache.http.wire - http-outgoing-0 << "  "email" : "Rest Test Email",[\n]"
10:35:27.000 [Test worker] DEBUG org.apache.http.wire - http-outgoing-0 << "  "firstName" : "Rest Test Firstname",[\n]"
10:35:27.000 [Test worker] DEBUG org.apache.http.wire - http-outgoing-0 << "  "lastName" : "Rest Test Lastname",[\n]"
10:35:27.000 [Test worker] DEBUG org.apache.http.wire - http-outgoing-0 << "  "contactMobile" : "Rest Test Mobile"[\n]"
10:35:27.000 [Test worker] DEBUG org.apache.http.wire - http-outgoing-0 << "}, {[\n]"
10:35:27.000 [Test worker] DEBUG org.apache.http.wire - http-outgoing-0 << "  "id" : "588119449f0ae10014790e40",[\n]"
10:35:27.000 [Test worker] DEBUG org.apache.http.wire - http-outgoing-0 << "  "email" : "Rest Test Email",[\n]"
10:35:27.000 [Test worker] DEBUG org.apache.http.wire - http-outgoing-0 << "  "firstName" : "Rest Test Firstname",[\n]"
10:35:27.001 [Test worker] DEBUG org.apache.http.wire - http-outgoing-0 << "  "lastName" : "Rest Test Lastname",[\n]"
10:35:27.001 [Test worker] DEBUG org.apache.http.wire - http-outgoing-0 << "  "contactMobile" : "Rest Test Mobile"[\n]"
10:35:27.001 [Test worker] DEBUG org.apache.http.wire - http-outgoing-0 << "}, {[\n]"
10:35:27.001 [Test worker] DEBUG org.apache.http.wire - http-outgoing-0 << "  "id" : "588119f29f0ae10014790e41",[\n]"
10:35:27.001 [Test worker] DEBUG org.apache.http.wire - http-outgoing-0 << "  "email" : "Rest Test Email",[\n]"
10:35:27.001 [Test worker] DEBUG org.apache.http.wire - http-outgoing-0 << "  "firstName" : "Rest Test Firstname",[\n]"
10:35:27.001 [Test worker] DEBUG org.apache.http.wire - http-outgoing-0 << "  "lastName" : "Rest Test Lastname",[\n]"
10:35:27.001 [Test worker] DEBUG org.apache.http.wire - http-outgoing-0 << "  "contactMobile" : "Rest Test Mobile"[\n]"
10:35:27.001 [Test worker] DEBUG org.apache.http.wire - http-outgoing-0 << "}, {[\n]"
10:35:27.001 [Test worker] DEBUG org.apache.http.wire - http-outgoing-0 << "  "id" : "5881318a3392b9000d1e28d8",[\n]"
10:35:27.001 [Test worker] DEBUG org.apache.http.wire - http-outgoing-0 << "  "email" : "Rest Test Email",[\n]"
10:35:27.001 [Test worker] DEBUG org.apache.http.wire - http-outgoing-0 << "  "firstName" : "Rest Test Firstname",[\n]"
10:35:27.001 [Test worker] DEBUG org.apache.http.wire - http-outgoing-0 << "  "lastName" : "Rest Test Lastname",[\n]"
10:35:27.001 [Test worker] DEBUG org.apache.http.wire - http-outgoing-0 << "  "contactMobile" : "Rest Test Mobile"[\n]"
10:35:27.001 [Test worker] DEBUG org.apache.http.wire - http-outgoing-0 << "}, {[\n]"
10:35:27.001 [Test worker] DEBUG org.apache.http.wire - http-outgoing-0 << "  "id" : "58825962a518db000e9c76ee",[\n]"
10:35:27.001 [Test worker] DEBUG org.apache.http.wire - http-outgoing-0 << "  "email" : "Rest Test Email",[\n]"
10:35:27.001 [Test worker] DEBUG org.apache.http.wire - http-outgoing-0 << "  "firstName" : "Rest Test Firstname",[\n]"
10:35:27.001 [Test worker] DEBUG org.apache.http.wire - http-outgoing-0 << "  "lastName" : "Rest Test Lastname",[\n]"
10:35:27.002 [Test worker] DEBUG org.apache.http.wire - http-outgoing-0 << "  "contactMobile" : "Rest Test Mobile"[\n]"
10:35:27.002 [Test worker] DEBUG org.apache.http.wire - http-outgoing-0 << "}, {[\n]"
10:35:27.002 [Test worker] DEBUG org.apache.http.wire - http-outgoing-0 << "  "id" : "5882598aa518db000e9c76ef",[\n]"
10:35:27.002 [Test worker] DEBUG org.apache.http.wire - http-outgoing-0 << "  "email" : "Rest Test Email",[\n]"
10:35:27.002 [Test worker] DEBUG org.apache.http.wire - http-outgoing-0 << "  "firstName" : "Rest Test Firstname",[\n]"
10:35:27.002 [Test worker] DEBUG org.apache.http.wire - http-outgoing-0 << "  "lastName" : "Rest Test Lastname",[\n]"
10:35:27.002 [Test worker] DEBUG org.apache.http.wire - http-outgoing-0 << "  "contactMobile" : "Rest Test Mobile"[\n]"
10:35:27.002 [Test worker] DEBUG org.apache.http.wire - http-outgoing-0 << "}, {[\n]"
10:35:27.002 [Test worker] DEBUG org.apache.http.wire - http-outgoing-0 << "  "id" : "58825a6b651bcc000e233fc6",[\n]"
10:35:27.002 [Test worker] DEBUG org.apache.http.wire - http-outgoing-0 << "  "email" : "Rest Test Email",[\n]"
10:35:27.002 [Test worker] DEBUG org.apache.http.wire - http-outgoing-0 << "  "firstName" : "Rest Test Firstname",[\n]"
10:35:27.002 [Test worker] DEBUG org.apache.http.wire - http-outgoing-0 << "  "lastName" : "Rest Test Lastname",[\n]"
10:35:27.002 [Test worker] DEBUG org.apache.http.wire - http-outgoing-0 << "  "contactMobile" : "Rest Test Mobile"[\n]"
10:35:27.002 [Test worker] DEBUG org.apache.http.wire - http-outgoing-0 << "}, {[\n]"
10:35:27.002 [Test worker] DEBUG org.apache.http.wire - http-outgoing-0 << "  "id" : "58825a86651bcc000e233fc7",[\n]"
10:35:27.002 [Test worker] DEBUG org.apache.http.wire - http-outgoing-0 << "  "email" : "Rest Test Email",[\n]"
10:35:27.002 [Test worker] DEBUG org.apache.http.wire - http-outgoing-0 << "  "firstName" : "Rest Test Firstname",[\n]"
10:35:27.002 [Test worker] DEBUG org.apache.http.wire - http-outgoing-0 << "  "lastName" : "Rest Test Lastname",[\n]"
10:35:27.002 [Test worker] DEBUG org.apache.http.wire - http-outgoing-0 << "  "contactMobile" : "Rest Test Mobile"[\n]"
10:35:27.002 [Test worker] DEBUG org.apache.http.wire - http-outgoing-0 << "}, {[\n]"
10:35:27.002 [Test worker] DEBUG org.apache.http.wire - http-outgoing-0 << "  "id" : "58825bfc651bcc000e233fc8",[\n]"
10:35:27.002 [Test worker] DEBUG org.apache.http.wire - http-outgoing-0 << "  "email" : "Rest Test Email",[\n]"
10:35:27.002 [Test worker] DEBUG org.apache.http.wire - http-outgoing-0 << "  "firstName" : "Rest Test Firstname",[\n]"
10:35:27.002 [Test worker] DEBUG org.apache.http.wire - http-outgoing-0 << "  "lastName" : "Rest Test Lastname",[\n]"
10:35:27.002 [Test worker] DEBUG org.apache.http.wire - http-outgoing-0 << "  "contactMobile" : "Rest Test Mobile"[\n]"
10:35:27.002 [Test worker] DEBUG org.apache.http.wire - http-outgoing-0 << "}, {[\n]"
10:35:27.002 [Test worker] DEBUG org.apache.http.wire - http-outgoing-0 << "  "id" : "58826067651bcc000e233fc9",[\n]"
10:35:27.002 [Test worker] DEBUG org.apache.http.wire - http-outgoing-0 << "  "email" : "Rest Test Email",[\n]"
10:35:27.002 [Test worker] DEBUG org.apache.http.wire - http-outgoing-0 << "  "firstName" : "Rest Test Firstname",[\n]"
10:35:27.002 [Test worker] DEBUG org.apache.http.wire - http-outgoing-0 << "  "lastName" : "Rest Test Lastname",[\n]"
10:35:27.002 [Test worker] DEBUG org.apache.http.wire - http-outgoing-0 << "  "contactMobile" : "Rest Test Mobile"[\n]"
10:35:27.002 [Test worker] DEBUG org.apache.http.wire - http-outgoing-0 << "}, {[\n]"
10:35:27.002 [Test worker] DEBUG org.apache.http.wire - http-outgoing-0 << "  "id" : "588275cc651bcc000e233fca",[\n]"
10:35:27.002 [Test worker] DEBUG org.apache.http.wire - http-outgoing-0 << "  "email" : "Rest Test Email",[\n]"
10:35:27.002 [Test worker] DEBUG org.apache.http.wire - http-outgoing-0 << "  "firstName" : "Rest Test Firstname",[\n]"
10:35:27.002 [Test worker] DEBUG org.apache.http.wire - http-outgoing-0 << "  "lastName" : "Rest Test Lastname",[\n]"
10:35:27.003 [Test worker] DEBUG org.apache.http.wire - http-outgoing-0 << "  "contactMobile" : "Rest Test Mobile"[\n]"
10:35:27.003 [Test worker] DEBUG org.apache.http.wire - http-outgoing-0 << "}, {[\n]"
10:35:27.003 [Test worker] DEBUG org.apache.http.wire - http-outgoing-0 << "  "id" : "58827720651bcc000e233fcb",[\n]"
10:35:27.003 [Test worker] DEBUG org.apache.http.wire - http-outgoing-0 << "  "email" : "Rest Test Email",[\n]"
10:35:27.003 [Test worker] DEBUG org.apache.http.wire - http-outgoing-0 << "  "firstName" : "Rest Test Firstname",[\n]"
10:35:27.003 [Test worker] DEBUG org.apache.http.wire - http-outgoing-0 << "  "lastName" : "Rest Test Lastname",[\n]"
10:35:27.003 [Test worker] DEBUG org.apache.http.wire - http-outgoing-0 << "  "contactMobile" : "Rest Test Mobile"[\n]"
10:35:27.003 [Test worker] DEBUG org.apache.http.wire - http-outgoing-0 << "}, {[\n]"
10:35:27.003 [Test worker] DEBUG org.apache.http.wire - http-outgoing-0 << "  "id" : "58832bf0651bcc000e233fcc",[\n]"
10:35:27.003 [Test worker] DEBUG org.apache.http.wire - http-outgoing-0 << "  "email" : "Rest Test Email",[\n]"
10:35:27.003 [Test worker] DEBUG org.apache.http.wire - http-outgoing-0 << "  "firstName" : "Rest Test Firstname",[\n]"
10:35:27.003 [Test worker] DEBUG org.apache.http.wire - http-outgoing-0 << "  "lastName" : "Rest Test Lastname",[\n]"
10:35:27.003 [Test worker] DEBUG org.apache.http.wire - http-outgoing-0 << "  "contactMobile" : "Rest Test Mobile"[\n]"
10:35:27.003 [Test worker] DEBUG org.apache.http.wire - http-outgoing-0 << "}, {[\n]"
10:35:27.003 [Test worker] DEBUG org.apache.http.wire - http-outgoing-0 << "  "id" : "5883396e651bcc000e233fcd",[\n]"
10:35:27.003 [Test worker] DEBUG org.apache.http.wire - http-outgoing-0 << "  "email" : "Rest Test Email",[\n]"
10:35:27.003 [Test worker] DEBUG org.apache.http.wire - http-outgoing-0 << "  "firstName" : "Rest Test Firstname",[\n]"
10:35:27.003 [Test worker] DEBUG org.apache.http.wire - http-outgoing-0 << "  "lastName" : "Rest Test Lastname",[\n]"
10:35:27.004 [Test worker] DEBUG org.apache.http.wire - http-outgoing-0 << "  "contactMobile" : ""
10:35:27.007 [Test worker] DEBUG org.apache.http.wire - http-outgoing-0 << "Rest Test Mobile"[\n]"
10:35:27.007 [Test worker] DEBUG org.apache.http.wire - http-outgoing-0 << "} ][\r][\n]"
10:35:27.007 [Test worker] DEBUG org.apache.http.wire - http-outgoing-0 << "0[\r][\n]"
10:35:27.007 [Test worker] DEBUG org.apache.http.wire - http-outgoing-0 << "[\r][\n]"
10:35:27.007 [Test worker] DEBUG org.apache.http.impl.conn.PoolingHttpClientConnectionManager - Connection [id: 0][route: {}->http://yapreunion30.cfapps.io:80] can be kept alive indefinitely
10:35:27.008 [Test worker] DEBUG org.apache.http.impl.conn.PoolingHttpClientConnectionManager - Connection released: [id: 0][route: {}->http://yapreunion30.cfapps.io:80][total kept alive: 1; route allocated: 1 of 5; total allocated: 1 of 10]
10:35:27.008 [Test worker] DEBUG org.springframework.test.context.cache.DefaultCacheAwareContextLoaderDelegate - Retrieved ApplicationContext from cache with key [[MergedContextConfiguration@24f09b8f testClass = RestApiTest, locations = '{}', classes = '{class org.frank.bogle.rest.TestRestApi, class org.frank.bogle.config.RestConfig}', contextInitializerClasses = '[]', activeProfiles = '{}', propertySourceLocations = '{}', propertySourceProperties = '{}', contextCustomizers = set[org.springframework.boot.test.context.filter.ExcludeFilterContextCustomizer@69df7d87, org.springframework.boot.test.mock.mockito.MockitoContextCustomizer@0, org.springframework.boot.test.autoconfigure.properties.PropertyMappingContextCustomizer@0, org.springframework.boot.test.autoconfigure.web.servlet.WebDriverContextCustomizerFactory$Customizer@722166e6], contextLoader = 'org.springframework.test.context.support.DelegatingSmartContextLoader', parent = [null]]]
10:35:27.008 [Test worker] DEBUG org.springframework.test.context.cache - Spring test ApplicationContext cache statistics: [DefaultContextCache@34c4e7c4 size = 1, maxSize = 32, parentContextCount = 0, hitCount = 12, missCount = 1]
10:35:27.009 [Test worker] DEBUG org.springframework.beans.factory.support.DefaultListableBeanFactory - Returning cached instance of singleton bean 'org.springframework.context.annotation.internalConfigurationAnnotationProcessor'
10:35:27.009 [Test worker] DEBUG org.springframework.beans.factory.support.DefaultListableBeanFactory - Returning cached instance of singleton bean 'org.springframework.context.annotation.internalAutowiredAnnotationProcessor'
10:35:27.009 [Test worker] DEBUG org.springframework.beans.factory.support.DefaultListableBeanFactory - Returning cached instance of singleton bean 'org.springframework.context.annotation.internalRequiredAnnotationProcessor'
10:35:27.009 [Test worker] DEBUG org.springframework.beans.factory.support.DefaultListableBeanFactory - Returning cached instance of singleton bean 'org.springframework.context.annotation.internalCommonAnnotationProcessor'
10:35:27.009 [Test worker] DEBUG org.springframework.beans.factory.support.DefaultListableBeanFactory - Returning cached instance of singleton bean 'org.springframework.context.annotation.internalPersistenceAnnotationProcessor'
10:35:27.009 [Test worker] DEBUG org.springframework.beans.factory.support.DefaultListableBeanFactory - Returning cached instance of singleton bean 'org.springframework.context.event.internalEventListenerProcessor'
10:35:27.009 [Test worker] DEBUG org.springframework.beans.factory.support.DefaultListableBeanFactory - Returning cached instance of singleton bean 'org.springframework.context.event.internalEventListenerFactory'
10:35:27.010 [Test worker] DEBUG org.springframework.beans.factory.support.DefaultListableBeanFactory - Returning cached instance of singleton bean 'testRestApi'
10:35:27.010 [Test worker] DEBUG org.springframework.beans.factory.support.DefaultListableBeanFactory - Returning cached instance of singleton bean 'restConfig'
10:35:27.010 [Test worker] DEBUG org.springframework.beans.factory.support.DefaultListableBeanFactory - Returning cached instance of singleton bean 'org.springframework.boot.test.mock.mockito.MockitoPostProcessor$SpyPostProcessor'
10:35:27.010 [Test worker] DEBUG org.springframework.beans.factory.support.DefaultListableBeanFactory - Returning cached instance of singleton bean 'org.springframework.boot.test.mock.mockito.MockitoPostProcessor'
10:35:27.010 [Test worker] DEBUG org.springframework.beans.factory.support.DefaultListableBeanFactory - Returning cached instance of singleton bean 'org.springframework.context.annotation.ConfigurationClassPostProcessor.importAwareProcessor'
10:35:27.010 [Test worker] DEBUG org.springframework.beans.factory.support.DefaultListableBeanFactory - Returning cached instance of singleton bean 'org.springframework.context.annotation.ConfigurationClassPostProcessor.enhancedConfigurationProcessor'
10:35:27.010 [Test worker] DEBUG org.springframework.beans.factory.support.DefaultListableBeanFactory - Returning cached instance of singleton bean 'builder'
10:35:27.010 [Test worker] DEBUG org.springframework.beans.factory.support.DefaultListableBeanFactory - Returning cached instance of singleton bean 'restTemplate'
10:35:27.010 [Test worker] DEBUG org.springframework.beans.factory.support.DefaultListableBeanFactory - Returning cached instance of singleton bean 'org.springframework.boot.test.mock.mockito.MockitoBeans'
10:35:27.010 [Test worker] DEBUG org.springframework.test.context.cache.DefaultCacheAwareContextLoaderDelegate - Retrieved ApplicationContext from cache with key [[MergedContextConfiguration@24f09b8f testClass = RestApiTest, locations = '{}', classes = '{class org.frank.bogle.rest.TestRestApi, class org.frank.bogle.config.RestConfig}', contextInitializerClasses = '[]', activeProfiles = '{}', propertySourceLocations = '{}', propertySourceProperties = '{}', contextCustomizers = set[org.springframework.boot.test.context.filter.ExcludeFilterContextCustomizer@69df7d87, org.springframework.boot.test.mock.mockito.MockitoContextCustomizer@0, org.springframework.boot.test.autoconfigure.properties.PropertyMappingContextCustomizer@0, org.springframework.boot.test.autoconfigure.web.servlet.WebDriverContextCustomizerFactory$Customizer@722166e6], contextLoader = 'org.springframework.test.context.support.DelegatingSmartContextLoader', parent = [null]]]
10:35:27.010 [Test worker] DEBUG org.springframework.test.context.cache - Spring test ApplicationContext cache statistics: [DefaultContextCache@34c4e7c4 size = 1, maxSize = 32, parentContextCount = 0, hitCount = 13, missCount = 1]
10:35:27.011 [Test worker] DEBUG org.springframework.test.context.cache.DefaultCacheAwareContextLoaderDelegate - Retrieved ApplicationContext from cache with key [[MergedContextConfiguration@24f09b8f testClass = RestApiTest, locations = '{}', classes = '{class org.frank.bogle.rest.TestRestApi, class org.frank.bogle.config.RestConfig}', contextInitializerClasses = '[]', activeProfiles = '{}', propertySourceLocations = '{}', propertySourceProperties = '{}', contextCustomizers = set[org.springframework.boot.test.context.filter.ExcludeFilterContextCustomizer@69df7d87, org.springframework.boot.test.mock.mockito.MockitoContextCustomizer@0, org.springframework.boot.test.autoconfigure.properties.PropertyMappingContextCustomizer@0, org.springframework.boot.test.autoconfigure.web.servlet.WebDriverContextCustomizerFactory$Customizer@722166e6], contextLoader = 'org.springframework.test.context.support.DelegatingSmartContextLoader', parent = [null]]]
10:35:27.011 [Test worker] DEBUG org.springframework.test.context.cache - Spring test ApplicationContext cache statistics: [DefaultContextCache@34c4e7c4 size = 1, maxSize = 32, parentContextCount = 0, hitCount = 14, missCount = 1]
10:35:27.012 [Test worker] DEBUG org.springframework.test.context.support.AbstractDirtiesContextTestExecutionListener - After test method: context [DefaultTestContext@4d41b6f0 testClass = RestApiTest, testInstance = test.frank.bogle.restapi.RestApiTest@5c701299, testMethod = testAllPersonsRetrieve@RestApiTest, testException = [null], mergedContextConfiguration = [MergedContextConfiguration@24f09b8f testClass = RestApiTest, locations = '{}', classes = '{class org.frank.bogle.rest.TestRestApi, class org.frank.bogle.config.RestConfig}', contextInitializerClasses = '[]', activeProfiles = '{}', propertySourceLocations = '{}', propertySourceProperties = '{}', contextCustomizers = set[org.springframework.boot.test.context.filter.ExcludeFilterContextCustomizer@69df7d87, org.springframework.boot.test.mock.mockito.MockitoContextCustomizer@0, org.springframework.boot.test.autoconfigure.properties.PropertyMappingContextCustomizer@0, org.springframework.boot.test.autoconfigure.web.servlet.WebDriverContextCustomizerFactory$Customizer@722166e6], contextLoader = 'org.springframework.test.context.support.DelegatingSmartContextLoader', parent = [null]]], class annotated with @DirtiesContext [false] with mode [null], method annotated with @DirtiesContext [false] with mode [null].
10:35:27.012 [Test worker] DEBUG org.springframework.test.context.support.AbstractDirtiesContextTestExecutionListener - After test class: context [DefaultTestContext@4d41b6f0 testClass = RestApiTest, testInstance = [null], testMethod = [null], testException = [null], mergedContextConfiguration = [MergedContextConfiguration@24f09b8f testClass = RestApiTest, locations = '{}', classes = '{class org.frank.bogle.rest.TestRestApi, class org.frank.bogle.config.RestConfig}', contextInitializerClasses = '[]', activeProfiles = '{}', propertySourceLocations = '{}', propertySourceProperties = '{}', contextCustomizers = set[org.springframework.boot.test.context.filter.ExcludeFilterContextCustomizer@69df7d87, org.springframework.boot.test.mock.mockito.MockitoContextCustomizer@0, org.springframework.boot.test.autoconfigure.properties.PropertyMappingContextCustomizer@0, org.springframework.boot.test.autoconfigure.web.servlet.WebDriverContextCustomizerFactory$Customizer@722166e6], contextLoader = 'org.springframework.test.context.support.DelegatingSmartContextLoader', parent = [null]]], class annotated with @DirtiesContext [false] with mode [null].
]]></system-out>
  <system-err><![CDATA[]]></system-err>
</testsuite>
